src/modules/ab-testing/ab-testing.scheduler.ts(100,9): error TS2353: Object literal may only specify known properties, and 'user' does not exist in type 'ABTestInclude<DefaultArgs>'.
src/modules/api/api-keys.service.ts(132,7): error TS2322: Type '{ user: true; }' is not assignable to type 'never'.
src/modules/api/oauth.service.ts(100,16): error TS2353: Object literal may only specify known properties, and 'oAuthAppId' does not exist in type 'OAuthTokenWhereInput'.
src/modules/api/oauth.service.ts(105,16): error TS2353: Object literal may only specify known properties, and 'oAuthAppId' does not exist in type 'OAuthCodeWhereInput'.
src/modules/api/oauth.service.ts(132,15): error TS2561: Object literal may only specify known properties, but 'clientSecretHash' does not exist in type '(Without<OAuthAppUpdateInput, OAuthAppUncheckedUpdateInput> & OAuthAppUncheckedUpdateInput) | (Without<...> & OAuthAppUpdateInput)'. Did you mean to write 'clientSecret'?
src/modules/api/oauth.service.ts(144,40): error TS2353: Object literal may only specify known properties, and 'isActive' does not exist in type 'OAuthAppWhereInput'.
src/modules/api/oauth.service.ts(169,9): error TS2353: Object literal may only specify known properties, and 'oAuthAppId' does not exist in type '(Without<OAuthCodeCreateInput, OAuthCodeUncheckedCreateInput> & OAuthCodeUncheckedCreateInput) | (Without<...> & OAuthCodeCreateInput)'.
src/modules/api/oauth.service.ts(196,40): error TS2353: Object literal may only specify known properties, and 'isActive' does not exist in type 'OAuthAppWhereInput'.
src/modules/api/oauth.service.ts(205,28): error TS2551: Property 'clientSecretHash' does not exist on type '{ id: string; createdAt: Date; updatedAt: Date; clientSecret: string; userId: string; clientId: string; provider: string; redirectUri: string; }'. Did you mean 'clientSecret'?
src/modules/api/oauth.service.ts(229,9): error TS2353: Object literal may only specify known properties, and 'oAuthAppId' does not exist in type 'OAuthCodeWhereInput'.
src/modules/api/oauth.service.ts(241,57): error TS2339: Property 'redirectUri' does not exist on type '{ id: string; createdAt: Date; userId: string; expiresAt: Date; provider: string; code: string; }'.
src/modules/api/oauth.service.ts(246,18): error TS2339: Property 'codeChallenge' does not exist on type '{ id: string; createdAt: Date; userId: string; expiresAt: Date; provider: string; code: string; }'.
src/modules/api/oauth.service.ts(252,18): error TS2339: Property 'codeChallengeMethod' does not exist on type '{ id: string; createdAt: Date; userId: string; expiresAt: Date; provider: string; code: string; }'.
src/modules/api/oauth.service.ts(256,34): error TS2339: Property 'codeChallenge' does not exist on type '{ id: string; createdAt: Date; userId: string; expiresAt: Date; provider: string; code: string; }'.
src/modules/api/oauth.service.ts(264,15): error TS2353: Object literal may only specify known properties, and 'usedAt' does not exist in type '(Without<OAuthCodeUpdateInput, OAuthCodeUncheckedUpdateInput> & OAuthCodeUncheckedUpdateInput) | (Without<...> & OAuthCodeUpdateInput)'.
src/modules/api/oauth.service.ts(268,63): error TS2339: Property 'scopes' does not exist on type '{ id: string; createdAt: Date; userId: string; expiresAt: Date; provider: string; code: string; }'.
src/modules/api/oauth.service.ts(282,9): error TS2353: Object literal may only specify known properties, and 'oAuthAppId' does not exist in type 'OAuthTokenWhereInput'.
src/modules/api/oauth.service.ts(296,15): error TS2353: Object literal may only specify known properties, and 'revokedAt' does not exist in type '(Without<OAuthTokenUpdateInput, OAuthTokenUncheckedUpdateInput> & OAuthTokenUncheckedUpdateInput) | (Without<...> & OAuthTokenUpdateInput)'.
src/modules/api/oauth.service.ts(300,57): error TS2339: Property 'scopes' does not exist on type '{ id: string; refreshToken: string; createdAt: Date; updatedAt: Date; accessToken: string; userId: string; expiresAt: Date; provider: string; }'.
src/modules/api/oauth.service.ts(323,9): error TS2353: Object literal may only specify known properties, and 'oAuthAppId' does not exist in type '(Without<OAuthTokenCreateInput, OAuthTokenUncheckedCreateInput> & OAuthTokenUncheckedCreateInput) | (Without<...> & OAuthTokenCreateInput)'.
src/modules/api/oauth.service.ts(350,18): error TS2561: Object literal may only specify known properties, but 'refreshTokenHash' does not exist in type 'OAuthTokenWhereInput'. Did you mean to write 'refreshToken'?
src/modules/api/oauth.service.ts(351,17): error TS2353: Object literal may only specify known properties, and 'revokedAt' does not exist in type '(Without<OAuthTokenUpdateManyMutationInput, OAuthTokenUncheckedUpdateManyInput> & OAuthTokenUncheckedUpdateManyInput) | (Without<...> & OAuthTokenUpdateManyMutationInput)'.
src/modules/api/oauth.service.ts(355,18): error TS2561: Object literal may only specify known properties, but 'accessTokenHash' does not exist in type 'OAuthTokenWhereInput'. Did you mean to write 'accessToken'?
src/modules/api/oauth.service.ts(356,17): error TS2353: Object literal may only specify known properties, and 'revokedAt' does not exist in type '(Without<OAuthTokenUpdateManyMutationInput, OAuthTokenUncheckedUpdateManyInput> & OAuthTokenUncheckedUpdateManyInput) | (Without<...> & OAuthTokenUpdateManyMutationInput)'.
src/modules/api/oauth.service.ts(377,11): error TS2561: Object literal may only specify known properties, but 'accessTokenHash' does not exist in type 'OAuthTokenWhereInput'. Did you mean to write 'accessToken'?
src/modules/api/oauth.service.ts(404,9): error TS2353: Object literal may only specify known properties, and 'revokedAt' does not exist in type 'OAuthTokenWhereInput'.
src/modules/api/oauth.service.ts(418,7): error TS2322: Type '"oAuthAppId"[]' is not assignable to type 'OAuthTokenScalarFieldEnum | OAuthTokenScalarFieldEnum[]'.
  Type '"oAuthAppId"[]' is not assignable to type 'OAuthTokenScalarFieldEnum[]'.
    Type '"oAuthAppId"' is not assignable to type 'OAuthTokenScalarFieldEnum'.
src/modules/api/oauth.service.ts(422,14): error TS2339: Property 'oAuthApp' does not exist on type '{ id: string; refreshToken: string; createdAt: Date; updatedAt: Date; accessToken: string; userId: string; expiresAt: Date; provider: string; }'.
src/modules/api/oauth.service.ts(423,17): error TS2339: Property 'scopes' does not exist on type '{ id: string; refreshToken: string; createdAt: Date; updatedAt: Date; accessToken: string; userId: string; expiresAt: Date; provider: string; }'.
src/modules/api/oauth.service.ts(433,24): error TS2353: Object literal may only specify known properties, and 'oAuthAppId' does not exist in type 'OAuthTokenWhereInput'.
src/modules/api/oauth.service.ts(434,15): error TS2353: Object literal may only specify known properties, and 'revokedAt' does not exist in type '(Without<OAuthTokenUpdateManyMutationInput, OAuthTokenUncheckedUpdateManyInput> & OAuthTokenUncheckedUpdateManyInput) | (Without<...> & OAuthTokenUpdateManyMutationInput)'.
src/modules/api/oauth.service.ts(438,24): error TS2353: Object literal may only specify known properties, and 'oAuthAppId' does not exist in type 'OAuthCodeWhereInput'.
src/modules/api/public-api.controller.ts(112,11): error TS2353: Object literal may only specify known properties, and 'viewedAt' does not exist in type 'ProposalSelect<DefaultArgs>'.
src/modules/api/public-api.controller.ts(144,9): error TS2353: Object literal may only specify known properties, and 'lineItems' does not exist in type 'ProposalInclude<DefaultArgs>'.
src/modules/api/public-api.controller.ts(174,9): error TS2322: Type 'string' is not assignable to type 'Currency'.
src/modules/api/public-api.controller.ts(177,9): error TS2820: Type '"draft"' is not assignable to type 'ProposalStatus'. Did you mean '"DRAFT"'?
src/modules/api/public-api.controller.ts(209,9): error TS2322: Type 'string' is not assignable to type 'ProposalStatus | EnumProposalStatusFieldUpdateOperationsInput'.
src/modules/api/public-api.controller.ts(264,9): error TS2820: Type '"sent"' is not assignable to type 'ProposalStatus | EnumProposalStatusFieldUpdateOperationsInput'. Did you mean '"SENT"'?
src/modules/api/public-api.controller.ts(366,11): error TS2353: Object literal may only specify known properties, and 'phone' does not exist in type 'ClientSelect<DefaultArgs>'.
src/modules/api/public-api.controller.ts(401,41): error TS2820: Type '"sent"' is not assignable to type 'ProposalStatus | EnumProposalStatusFilter<"Proposal">'. Did you mean '"SENT"'?
src/modules/api/public-api.controller.ts(404,41): error TS2353: Object literal may only specify known properties, and 'viewedAt' does not exist in type 'ProposalWhereInput'.
src/modules/api/public-api.controller.ts(407,41): error TS2820: Type '"signed"' is not assignable to type 'ProposalStatus | EnumProposalStatusFilter<"Proposal">'. Did you mean '"SIGNED"'?
src/modules/api/public-api.controller.ts(410,41): error TS2820: Type '"signed"' is not assignable to type 'ProposalStatus | EnumProposalStatusFilter<"Proposal">'. Did you mean '"SIGNED"'?
src/modules/api/public-api.controller.ts(457,23): error TS2339: Property 'rateLimit' does not exist on type '{ userId: string; user: never; } | { userId: any; permissions: ApiKeyPermission[]; }'.
  Property 'rateLimit' does not exist on type '{ userId: string; user: never; }'.
src/modules/api/public-api.controller.ts(459,23): error TS2339: Property 'rateLimit' does not exist on type '{ userId: string; user: never; } | { userId: any; permissions: ApiKeyPermission[]; }'.
  Property 'rateLimit' does not exist on type '{ userId: string; user: never; }'.
src/modules/api/webhooks.service.ts(36,9): error TS2353: Object literal may only specify known properties, and 'description' does not exist in type '(Without<WebhookCreateInput, WebhookUncheckedCreateInput> & WebhookUncheckedCreateInput) | (Without<...> & WebhookCreateInput)'.
src/modules/api/webhooks.service.ts(57,9): error TS2353: Object literal may only specify known properties, and 'description' does not exist in type 'WebhookSelect<DefaultArgs>'.
src/modules/api/webhooks.service.ts(104,9): error TS2561: Object literal may only specify known properties, but 'isActive' does not exist in type '(Without<WebhookUpdateInput, WebhookUncheckedUpdateInput> & WebhookUncheckedUpdateInput) | (Without<...> & WebhookUpdateInput)'. Did you mean to write 'active'?
src/modules/api/webhooks.service.ts(162,9): error TS2561: Object literal may only specify known properties, but 'isActive' does not exist in type 'WebhookWhereInput'. Did you mean to write 'active'?
src/modules/api/webhooks.service.ts(223,9): error TS2353: Object literal may only specify known properties, and 'response' does not exist in type '(Without<WebhookDeliveryCreateInput, WebhookDeliveryUncheckedCreateInput> & WebhookDeliveryUncheckedCreateInput) | (Without<...> & WebhookDeliveryCreateInput)'.
src/modules/api/webhooks.service.ts(234,9): error TS2322: Type '{ successCount: { increment: number; }; lastTriggeredAt: Date; } | { failureCount: { increment: number; }; lastTriggeredAt: Date; }' is not assignable to type '(Without<WebhookUpdateInput, WebhookUncheckedUpdateInput> & WebhookUncheckedUpdateInput) | (Without<...> & WebhookUpdateInput)'.
  Object literal may only specify known properties, and 'lastTriggeredAt' does not exist in type '(Without<WebhookUpdateInput, WebhookUncheckedUpdateInput> & WebhookUncheckedUpdateInput) | (Without<...> & WebhookUpdateInput)'.
src/modules/api/webhooks.service.ts(274,9): error TS2353: Object literal may only specify known properties, and 'nextRetryAt' does not exist in type '(Without<WebhookDeliveryUpdateInput, WebhookDeliveryUncheckedUpdateInput> & WebhookDeliveryUncheckedUpdateInput) | (Without<...> & WebhookDeliveryUpdateInput)'.
src/modules/api/webhooks.service.ts(299,9): error TS2353: Object literal may only specify known properties, and 'success' does not exist in type 'WebhookDeliverySelect<DefaultArgs>'.
src/modules/api/webhooks.service.ts(341,9): error TS2353: Object literal may only specify known properties, and 'success' does not exist in type 'WebhookDeliveryWhereInput'.
src/modules/api/webhooks.service.ts(349,21): error TS2551: Property 'webhook' does not exist on type '{ event: string; id: string; createdAt: Date; payload: JsonValue; statusCode: number; webhookId: string; attempts: number; lastAttempt: Date; }'. Did you mean 'webhookId'?
src/modules/api/webhooks.service.ts(353,55): error TS2551: Property 'webhook' does not exist on type '{ event: string; id: string; createdAt: Date; payload: JsonValue; statusCode: number; webhookId: string; attempts: number; lastAttempt: Date; }'. Did you mean 'webhookId'?
src/modules/api/webhooks.service.ts(360,42): error TS2551: Property 'webhook' does not exist on type '{ event: string; id: string; createdAt: Date; payload: JsonValue; statusCode: number; webhookId: string; attempts: number; lastAttempt: Date; }'. Did you mean 'webhookId'?
src/modules/api/webhooks.service.ts(383,11): error TS2353: Object literal may only specify known properties, and 'response' does not exist in type '(Without<WebhookDeliveryUpdateInput, WebhookDeliveryUncheckedUpdateInput> & WebhookDeliveryUncheckedUpdateInput) | (Without<...> & WebhookDeliveryUpdateInput)'.
src/modules/api/webhooks.service.ts(392,19): error TS2353: Object literal may only specify known properties, and 'successCount' does not exist in type '(Without<WebhookUpdateInput, WebhookUncheckedUpdateInput> & WebhookUncheckedUpdateInput) | (Without<...> & WebhookUpdateInput)'.
src/modules/approval-workflows/approval-workflows.service.ts(81,9): error TS2353: Object literal may only specify known properties, and 'minProposalValue' does not exist in type '(Without<ApprovalWorkflowCreateInput, ApprovalWorkflowUncheckedCreateInput> & ApprovalWorkflowUncheckedCreateInput) | (Without<...> & ApprovalWorkflowCreateInput)'.
src/modules/approval-workflows/approval-workflows.service.ts(135,9): error TS2561: Object literal may only specify known properties, but 'isActive' does not exist in type '(Without<ApprovalWorkflowUpdateInput, ApprovalWorkflowUncheckedUpdateInput> & ApprovalWorkflowUncheckedUpdateInput) | (Without<...> & ApprovalWorkflowUpdateInput)'. Did you mean to write 'active'?
src/modules/approval-workflows/approval-workflows.service.ts(240,7): error TS2322: Type '{ workflow: true; }' is not assignable to type 'never'.
src/modules/approval-workflows/approval-workflows.service.ts(251,37): error TS2339: Property 'steps' does not exist on type 'never'.
src/modules/approval-workflows/approval-workflows.service.ts(274,30): error TS2352: Conversion of type 'string | number | boolean | JsonObject | JsonArray' to type 'ApprovalRecord[]' may be a mistake because neither type sufficiently overlaps with the other. If this was intentional, convert the expression to 'unknown' first.
  Type 'JsonArray' is not comparable to type 'ApprovalRecord[]'.
    Type 'JsonValue' is not comparable to type 'ApprovalRecord'.
      Type 'JsonValue[]' is missing the following properties from type 'ApprovalRecord': stepId, approverId, status, timestamp
src/modules/approval-workflows/approval-workflows.service.ts(356,7): error TS2322: Type '{ workflow: true; }' is not assignable to type 'never'.
src/modules/approval-workflows/approval-workflows.service.ts(368,37): error TS2339: Property 'steps' does not exist on type 'never'.
src/modules/approval-workflows/approval-workflows.service.ts(379,9): error TS2353: Object literal may only specify known properties, and 'delegatedBy' does not exist in type '(Without<ApprovalDelegationCreateInput, ApprovalDelegationUncheckedCreateInput> & ApprovalDelegationUncheckedCreateInput) | (Without<...> & ApprovalDelegationCreateInput)'.
src/modules/approval-workflows/approval-workflows.service.ts(407,7): error TS2322: Type '{ workflow: true; }' is not assignable to type 'never'.
src/modules/approval-workflows/approval-workflows.service.ts(451,13): error TS2561: Object literal may only specify known properties, but 'workflow' does not exist in type 'ProposalApprovalWhereInput'. Did you mean to write 'workflowId'?
src/modules/approval-workflows/approval-workflows.service.ts(452,13): error TS2353: Object literal may only specify known properties, and 'delegations' does not exist in type 'ProposalApprovalWhereInput'.
src/modules/approval-workflows/approval-workflows.service.ts(467,30): error TS2551: Property 'workflow' does not exist on type '{ id: string; createdAt: Date; status: string; proposalId: string; workflowId: string; completedAt: Date; notes: string; currentStepOrder: number; submittedBy: string; submittedAt: Date; approvalRecords: JsonValue; approvalDate: Date; }'. Did you mean 'workflowId'?
src/modules/approval-workflows/approval-workflows.service.ts(471,20): error TS2339: Property 'delegations' does not exist on type '{ id: string; createdAt: Date; status: string; proposalId: string; workflowId: string; completedAt: Date; notes: string; currentStepOrder: number; submittedBy: string; submittedAt: Date; approvalRecords: JsonValue; approvalDate: Date; }'.
src/modules/approval-workflows/approval-workflows.service.ts(483,7): error TS2322: Type '{ workflow: true; auditLogs: { orderBy: { createdAt: string; }; }; delegations: true; escalations: true; }' is not assignable to type 'never'.
src/modules/approval-workflows/approval-workflows.service.ts(513,7): error TS2322: Type '{ workflow: true; }' is not assignable to type 'never'.
src/modules/approval-workflows/approval-workflows.service.ts(517,39): error TS2339: Property 'steps' does not exist on type 'never'.
src/modules/approval-workflows/approval-workflows.service.ts(537,24): error TS2561: Object literal may only specify known properties, but 'isActive' does not exist in type 'ApprovalWorkflowWhereInput'. Did you mean to write 'active'?
src/modules/approval-workflows/approval-workflows.service.ts(602,9): error TS2353: Object literal may only specify known properties, and 'delegatedTo' does not exist in type 'ApprovalDelegationWhereInput'.
src/modules/approval-workflows/approval-workflows.service.ts(671,9): error TS2353: Object literal may only specify known properties, and 'userId' does not exist in type '(Without<ApprovalAuditLogCreateInput, ApprovalAuditLogUncheckedCreateInput> & ApprovalAuditLogUncheckedCreateInput) | (Without<...> & ApprovalAuditLogCreateInput)'.
src/modules/bulk-operations/bulk-export.service.ts(6,30): error TS2307: Cannot find module 'pdfkit' or its corresponding type declarations.
src/modules/bulk-operations/bulk-export.service.ts(78,42): error TS2339: Property 'uploadBuffer' does not exist on type 'StorageService'.
src/modules/bulk-operations/bulk-export.service.ts(81,44): error TS2339: Property 'getSignedUrl' does not exist on type 'StorageService'.
src/modules/bulk-operations/bulk-export.service.ts(182,24): error TS2339: Property 'uploadBuffer' does not exist on type 'StorageService'.
src/modules/bulk-operations/bulk-export.service.ts(185,44): error TS2339: Property 'getSignedUrl' does not exist on type 'StorageService'.
src/modules/bulk-operations/bulk-operations.service.ts(46,9): error TS2353: Object literal may only specify known properties, and 'metadata' does not exist in type '(Without<BatchJobCreateInput, BatchJobUncheckedCreateInput> & BatchJobUncheckedCreateInput) | (Without<...> & BatchJobCreateInput)'.
src/modules/bulk-operations/bulk-operations.service.ts(90,35): error TS2339: Property 'sendProposalEmail' does not exist on type 'EmailService'.
src/modules/bulk-operations/bulk-operations.service.ts(117,9): error TS2561: Object literal may only specify known properties, but 'result' does not exist in type '(Without<BatchJobUpdateInput, BatchJobUncheckedUpdateInput> & BatchJobUncheckedUpdateInput) | (Without<...> & BatchJobUpdateInput)'. Did you mean to write 'results'?
src/modules/collaboration/collaboration.service.ts(57,11): error TS2353: Object literal may only specify known properties, and 'message' does not exist in type '(Without<CollaborationInvitationCreateInput, CollaborationInvitationUncheckedCreateInput> & CollaborationInvitationUncheckedCreateInput) | (Without<...> & CollaborationInvitationCreateInput)'.
src/modules/collaboration/collaboration.service.ts(81,9): error TS2353: Object literal may only specify known properties, and 'sectionPermissions' does not exist in type '(Without<ProposalCollaboratorCreateInput, ProposalCollaboratorUncheckedCreateInput> & ProposalCollaboratorUncheckedCreateInput) | (Without<...> & ProposalCollaboratorCreateInput)'.
src/modules/collaboration/collaboration.service.ts(98,7): error TS2322: Type '{ proposal: true; }' is not assignable to type 'never'.
src/modules/collaboration/collaboration.service.ts(101,48): error TS2339: Property 'userId' does not exist on type 'never'.
src/modules/collaboration/collaboration.service.ts(109,9): error TS2353: Object literal may only specify known properties, and 'sectionPermissions' does not exist in type '(Without<ProposalCollaboratorUpdateInput, ProposalCollaboratorUncheckedUpdateInput> & ProposalCollaboratorUncheckedUpdateInput) | (Without<...> & ProposalCollaboratorUpdateInput)'.
src/modules/collaboration/collaboration.service.ts(122,7): error TS2322: Type '{ proposal: true; }' is not assignable to type 'never'.
src/modules/collaboration/collaboration.service.ts(125,48): error TS2339: Property 'userId' does not exist on type 'never'.
src/modules/collaboration/collaboration.service.ts(145,7): error TS2322: Type '{ user: { select: { id: true; email: true; firstName: true; lastName: true; }; }; }' is not assignable to type 'never'.
src/modules/collaboration/collaboration.service.ts(168,9): error TS2353: Object literal may only specify known properties, and 'name' does not exist in type '(Without<ReviewCycleCreateInput, ReviewCycleUncheckedCreateInput> & ReviewCycleUncheckedCreateInput) | (Without<...> & ReviewCycleCreateInput)'.
src/modules/collaboration/collaboration.service.ts(199,16): error TS2561: Object literal may only specify known properties, but 'reviewCycleId' does not exist in type 'ReviewCycleReviewerWhereInput'. Did you mean to write 'reviewerId'?
src/modules/collaboration/collaboration.service.ts(207,18): error TS2339: Property 'decision' does not exist on type '{ id: string; createdAt: Date; status: string; feedback: string; cycleId: string; reviewerId: string; reviewedAt: Date; }'.
src/modules/collaboration/collaboration.service.ts(215,9): error TS2353: Object literal may only specify known properties, and 'decision' does not exist in type '(Without<ReviewCycleReviewerUpdateInput, ReviewCycleReviewerUncheckedUpdateInput> & ReviewCycleReviewerUncheckedUpdateInput) | (Without<...> & ReviewCycleReviewerUpdateInput)'.
src/modules/collaboration/collaboration.service.ts(233,7): error TS2322: Type '{ reviewers: true; }' is not assignable to type 'never'.
src/modules/collaboration/collaboration.service.ts(238,41): error TS2339: Property 'every' does not exist on type 'never'.
src/modules/collaboration/collaboration.service.ts(242,8): error TS2339: Property 'filter' does not exist on type 'never'.
src/modules/collaboration/collaboration.service.ts(245,49): error TS2339: Property 'some' does not exist on type 'never'.
src/modules/collaboration/collaboration.service.ts(250,15): error TS2339: Property 'requireAllApprovals' does not exist on type '{ reviewers: never; } & { id: string; createdAt: Date; status: string; proposalId: string; completedAt: Date; reviewersCount: number; approvedCount: number; }'.
src/modules/collaboration/collaboration.service.ts(275,7): error TS2322: Type '{ reviewers: { include: { user: { select: { id: true; email: true; firstName: true; lastName: true; }; }; }; }; createdBy: { select: { id: true; firstName: true; lastName: true; }; }; }' is not assignable to type 'never'.
src/modules/collaboration/collaboration.service.ts(301,9): error TS2353: Object literal may only specify known properties, and 'content' does not exist in type '(Without<ProposalCommentCreateInput, ProposalCommentUncheckedCreateInput> & ProposalCommentUncheckedCreateInput) | (Without<...> & ProposalCommentCreateInput)'.
src/modules/collaboration/collaboration.service.ts(335,9): error TS2353: Object literal may only specify known properties, and 'content' does not exist in type '(Without<ProposalCommentUpdateInput, ProposalCommentUncheckedUpdateInput> & ProposalCommentUncheckedUpdateInput) | (Without<...> & ProposalCommentUpdateInput)'.
src/modules/collaboration/collaboration.service.ts(369,7): error TS2322: Type '{ proposal: true; }' is not assignable to type 'never'.
src/modules/collaboration/collaboration.service.ts(382,9): error TS2561: Object literal may only specify known properties, but 'resolvedById' does not exist in type '(Without<ProposalCommentUpdateInput, ProposalCommentUncheckedUpdateInput> & ProposalCommentUncheckedUpdateInput) | (Without<...> & ProposalCommentUpdateInput)'. Did you mean to write 'resolved'?
src/modules/collaboration/collaboration.service.ts(402,7): error TS2322: Type '{ user: { select: { id: true; email: true; firstName: true; lastName: true; }; }; replies: { include: { user: { select: { id: true; email: true; firstName: true; lastName: true; }; }; }; }; resolvedBy: { select: { id: true; firstName: true; lastName: true; }; }; }' is not assignable to type 'never'.
src/modules/collaboration/collaboration.service.ts(428,9): error TS2353: Object literal may only specify known properties, and 'sectionId' does not exist in type '(Without<ProposalSuggestionCreateInput, ProposalSuggestionUncheckedCreateInput> & ProposalSuggestionUncheckedCreateInput) | (Without<...> & ProposalSuggestionCreateInput)'.
src/modules/collaboration/collaboration.service.ts(449,7): error TS2322: Type '{ proposal: true; }' is not assignable to type 'never'.
src/modules/collaboration/collaboration.service.ts(463,9): error TS2353: Object literal may only specify known properties, and 'respondedById' does not exist in type '(Without<ProposalSuggestionUpdateInput, ProposalSuggestionUncheckedUpdateInput> & ProposalSuggestionUncheckedUpdateInput) | (Without<...> & ProposalSuggestionUpdateInput)'.
src/modules/collaboration/collaboration.service.ts(509,7): error TS2322: Type '{ user: { select: { id: true; email: true; firstName: true; lastName: true; }; }; respondedBy: { select: { id: true; firstName: true; lastName: true; }; }; }' is not assignable to type 'never'.
src/modules/collaboration/collaboration.service.ts(530,9): error TS2353: Object literal may only specify known properties, and 'trackingMode' does not exist in type '(Without<ProposalUpdateInput, ProposalUncheckedUpdateInput> & ProposalUncheckedUpdateInput) | (Without<...> & ProposalUpdateInput)'.
src/modules/collaboration/collaboration.service.ts(544,28): error TS2353: Object literal may only specify known properties, and 'status' does not exist in type 'ProposalChangeWhereInput'.
src/modules/collaboration/collaboration.service.ts(573,11): error TS2353: Object literal may only specify known properties, and 'status' does not exist in type '(Without<ProposalChangeUpdateInput, ProposalChangeUncheckedUpdateInput> & ProposalChangeUncheckedUpdateInput) | (Without<...> & ProposalChangeUpdateInput)'.
src/modules/crm-integrations/crm-integrations.service.ts(51,30): error TS2769: No overload matches this call.
  Overload 1 of 4, '(iterable?: Iterable<readonly [CrmProvider, HubspotService]>): Map<CrmProvider, HubspotService>', gave the following error.
    Argument of type '([CrmProvider.HUBSPOT, HubspotService] | [CrmProvider.SALESFORCE, SalesforceService] | [CrmProvider.PIPEDRIVE, PipedriveService] | [...])[]' is not assignable to parameter of type 'Iterable<readonly [CrmProvider, HubspotService]>'.
      The types returned by '[Symbol.iterator]().next(...)' are incompatible between these types.
        Type 'IteratorResult<[CrmProvider.HUBSPOT, HubspotService] | [CrmProvider.SALESFORCE, SalesforceService] | [CrmProvider.PIPEDRIVE, PipedriveService] | [...], any>' is not assignable to type 'IteratorResult<readonly [CrmProvider, HubspotService], any>'.
          Type 'IteratorYieldResult<[CrmProvider.HUBSPOT, HubspotService] | [CrmProvider.SALESFORCE, SalesforceService] | [CrmProvider.PIPEDRIVE, PipedriveService] | [...]>' is not assignable to type 'IteratorResult<readonly [CrmProvider, HubspotService], any>'.
            Type 'IteratorYieldResult<[CrmProvider.HUBSPOT, HubspotService] | [CrmProvider.SALESFORCE, SalesforceService] | [CrmProvider.PIPEDRIVE, PipedriveService] | [...]>' is not assignable to type 'IteratorYieldResult<readonly [CrmProvider, HubspotService]>'.
              Type '[CrmProvider.HUBSPOT, HubspotService] | [CrmProvider.SALESFORCE, SalesforceService] | [CrmProvider.PIPEDRIVE, PipedriveService] | [...]' is not assignable to type 'readonly [CrmProvider, HubspotService]'.
                Type '[CrmProvider.SALESFORCE, SalesforceService]' is not assignable to type 'readonly [CrmProvider, HubspotService]'.
                  Type at position 1 in source is not compatible with type at position 1 in target.
                    Type 'SalesforceService' is missing the following properties from type 'HubspotService': baseUrl, getAccessToken
src/modules/crm-integrations/crm-integrations.service.ts(87,9): error TS2353: Object literal may only specify known properties, and 'tokenExpiresAt' does not exist in type '(Without<CrmIntegrationCreateInput, CrmIntegrationUncheckedCreateInput> & CrmIntegrationUncheckedCreateInput) | (Without<...> & CrmIntegrationCreateInput)'.
src/modules/crm-integrations/crm-integrations.service.ts(94,9): error TS2353: Object literal may only specify known properties, and 'tokenExpiresAt' does not exist in type '(Without<CrmIntegrationUpdateInput, CrmIntegrationUncheckedUpdateInput> & CrmIntegrationUncheckedUpdateInput) | (Without<...> & CrmIntegrationUpdateInput)'.
src/modules/crm-integrations/crm-integrations.service.ts(112,9): error TS2353: Object literal may only specify known properties, and 'isActive' does not exist in type '(Without<CrmIntegrationUpdateInput, CrmIntegrationUncheckedUpdateInput> & CrmIntegrationUncheckedUpdateInput) | (Without<...> & CrmIntegrationUpdateInput)'.
src/modules/crm-integrations/crm-integrations.service.ts(122,24): error TS2353: Object literal may only specify known properties, and 'isActive' does not exist in type 'CrmIntegrationWhereInput'.
src/modules/crm-integrations/crm-integrations.service.ts(125,9): error TS2353: Object literal may only specify known properties, and 'isActive' does not exist in type 'CrmIntegrationSelect<DefaultArgs>'.
src/modules/crm-integrations/crm-integrations.service.ts(146,9): error TS2353: Object literal may only specify known properties, and 'syncConfig' does not exist in type '(Without<CrmIntegrationUpdateInput, CrmIntegrationUncheckedUpdateInput> & CrmIntegrationUncheckedUpdateInput) | (Without<...> & CrmIntegrationUpdateInput)'.
src/modules/crm-integrations/crm-integrations.service.ts(168,9): error TS2353: Object literal may only specify known properties, and 'stageMappings' does not exist in type '(Without<CrmIntegrationUpdateInput, CrmIntegrationUncheckedUpdateInput> & CrmIntegrationUncheckedUpdateInput) | (Without<...> & CrmIntegrationUpdateInput)'.
src/modules/crm-integrations/crm-integrations.service.ts(193,9): error TS2353: Object literal may only specify known properties, and 'userId_provider_externalId' does not exist in type 'CrmContactWhereUniqueInput'.
src/modules/crm-integrations/crm-integrations.service.ts(200,9): error TS2353: Object literal may only specify known properties, and 'userId' does not exist in type '(Without<CrmContactCreateInput, CrmContactUncheckedCreateInput> & CrmContactUncheckedCreateInput) | (Without<...> & CrmContactCreateInput)'.
src/modules/crm-integrations/crm-integrations.service.ts(212,9): error TS2353: Object literal may only specify known properties, and 'firstName' does not exist in type '(Without<CrmContactUpdateInput, CrmContactUncheckedUpdateInput> & CrmContactUncheckedUpdateInput) | (Without<...> & CrmContactUpdateInput)'.
src/modules/crm-integrations/crm-integrations.service.ts(252,9): error TS2353: Object literal may only specify known properties, and 'proposalId_provider' does not exist in type 'CrmDealLinkWhereUniqueInput'.
src/modules/crm-integrations/crm-integrations.service.ts(256,9): error TS2353: Object literal may only specify known properties, and 'provider' does not exist in type '(Without<CrmDealLinkCreateInput, CrmDealLinkUncheckedCreateInput> & CrmDealLinkUncheckedCreateInput) | (Without<...> & CrmDealLinkCreateInput)'.
src/modules/crm-integrations/crm-integrations.service.ts(271,9): error TS2353: Object literal may only specify known properties, and 'crmDealLinks' does not exist in type 'ProposalInclude<DefaultArgs>'.
src/modules/crm-integrations/crm-integrations.service.ts(275,32): error TS2339: Property 'crmDealLinks' does not exist on type '{ id: string; createdAt: Date; updatedAt: Date; title: string; slug: string; status: ProposalStatus; userId: string; recipientEmail: string; recipientName: string; ... 33 more ...; estimatedValue: number; }'.
src/modules/crm-integrations/crm-integrations.service.ts(286,33): error TS2339: Property 'crmDealLinks' does not exist on type '{ id: string; createdAt: Date; updatedAt: Date; title: string; slug: string; status: ProposalStatus; userId: string; recipientEmail: string; recipientName: string; ... 33 more ...; estimatedValue: number; }'.
src/modules/crm-integrations/crm-integrations.service.ts(297,27): error TS2339: Property 'stageMappings' does not exist on type '{ id: string; refreshToken: string; createdAt: Date; updatedAt: Date; accessToken: string; userId: string; expiresAt: Date; metadata: JsonValue; provider: string; accountName: string; webhookSecret: string; syncEnabled: boolean; lastSyncedAt: Date; }'.
src/modules/crm-integrations/crm-integrations.service.ts(299,43): error TS2339: Property 'stageMappings' does not exist on type '{ id: string; refreshToken: string; createdAt: Date; updatedAt: Date; accessToken: string; userId: string; expiresAt: Date; metadata: JsonValue; provider: string; accountName: string; webhookSecret: string; syncEnabled: boolean; lastSyncedAt: Date; }'.
src/modules/crm-integrations/crm-integrations.service.ts(379,9): error TS2353: Object literal may only specify known properties, and 'provider' does not exist in type '(Without<CrmDealLinkCreateInput, CrmDealLinkUncheckedCreateInput> & CrmDealLinkUncheckedCreateInput) | (Without<...> & CrmDealLinkCreateInput)'.
src/modules/crm-integrations/crm-integrations.service.ts(404,38): error TS2339: Property 'isActive' does not exist on type '{ id: string; refreshToken: string; createdAt: Date; updatedAt: Date; accessToken: string; userId: string; expiresAt: Date; metadata: JsonValue; provider: string; accountName: string; webhookSecret: string; syncEnabled: boolean; lastSyncedAt: Date; }'.
src/modules/crm-integrations/crm-integrations.service.ts(409,21): error TS2339: Property 'tokenExpiresAt' does not exist on type '{ id: string; refreshToken: string; createdAt: Date; updatedAt: Date; accessToken: string; userId: string; expiresAt: Date; metadata: JsonValue; provider: string; accountName: string; webhookSecret: string; syncEnabled: boolean; lastSyncedAt: Date; }'.
src/modules/crm-integrations/crm-integrations.service.ts(409,51): error TS2339: Property 'tokenExpiresAt' does not exist on type '{ id: string; refreshToken: string; createdAt: Date; updatedAt: Date; accessToken: string; userId: string; expiresAt: Date; metadata: JsonValue; provider: string; accountName: string; webhookSecret: string; syncEnabled: boolean; lastSyncedAt: Date; }'.
src/modules/crm-integrations/crm-sync.service.ts(141,9): error TS2353: Object literal may only specify known properties, and 'userId' does not exist in type 'CrmDealLinkWhereInput'.
src/modules/crm-integrations/crm-sync.service.ts(145,18): error TS2353: Object literal may only specify known properties, and 'proposal' does not exist in type 'CrmDealLinkInclude<DefaultArgs>'.
src/modules/crm-integrations/crm-sync.service.ts(156,24): error TS2339: Property 'stageMappings' does not exist on type '{ id: string; refreshToken: string; createdAt: Date; updatedAt: Date; accessToken: string; userId: string; expiresAt: Date; metadata: JsonValue; provider: string; accountName: string; webhookSecret: string; syncEnabled: boolean; lastSyncedAt: Date; }'.
src/modules/crm-integrations/crm-sync.service.ts(157,38): error TS2339: Property 'stageMappings' does not exist on type '{ id: string; refreshToken: string; createdAt: Date; updatedAt: Date; accessToken: string; userId: string; expiresAt: Date; metadata: JsonValue; provider: string; accountName: string; webhookSecret: string; syncEnabled: boolean; lastSyncedAt: Date; }'.
src/modules/crm-integrations/crm-sync.service.ts(181,9): error TS2353: Object literal may only specify known properties, and 'userId' does not exist in type 'CrmContactWhereInput'.
src/modules/crm-integrations/crm-sync.service.ts(232,9): error TS2353: Object literal may only specify known properties, and 'userId' does not exist in type 'CrmDealLinkWhereInput'.
src/modules/crm-integrations/crm-sync.service.ts(289,11): error TS2353: Object literal may only specify known properties, and 'userId' does not exist in type 'CrmDealLinkWhereInput'.
src/modules/crm-integrations/crm-sync.service.ts(300,26): error TS2339: Property 'stageMappings' does not exist on type '{ id: string; refreshToken: string; createdAt: Date; updatedAt: Date; accessToken: string; userId: string; expiresAt: Date; metadata: JsonValue; provider: string; accountName: string; webhookSecret: string; syncEnabled: boolean; lastSyncedAt: Date; }'.
src/modules/crm-integrations/crm-sync.service.ts(301,40): error TS2339: Property 'stageMappings' does not exist on type '{ id: string; refreshToken: string; createdAt: Date; updatedAt: Date; accessToken: string; userId: string; expiresAt: Date; metadata: JsonValue; provider: string; accountName: string; webhookSecret: string; syncEnabled: boolean; lastSyncedAt: Date; }'.
src/modules/crm-integrations/crm-sync.service.ts(318,9): error TS2353: Object literal may only specify known properties, and 'userId' does not exist in type 'CrmDealLinkWhereInput'.
src/modules/crm-integrations/crm-sync.service.ts(366,9): error TS2353: Object literal may only specify known properties, and 'userId' does not exist in type 'CrmDealLinkWhereInput'.
src/modules/crm-integrations/crm-sync.service.ts(379,24): error TS2339: Property 'stageMappings' does not exist on type '{ id: string; refreshToken: string; createdAt: Date; updatedAt: Date; accessToken: string; userId: string; expiresAt: Date; metadata: JsonValue; provider: string; accountName: string; webhookSecret: string; syncEnabled: boolean; lastSyncedAt: Date; }'.
src/modules/crm-integrations/crm-sync.service.ts(380,38): error TS2339: Property 'stageMappings' does not exist on type '{ id: string; refreshToken: string; createdAt: Date; updatedAt: Date; accessToken: string; userId: string; expiresAt: Date; metadata: JsonValue; provider: string; accountName: string; webhookSecret: string; syncEnabled: boolean; lastSyncedAt: Date; }'.
src/modules/crm-integrations/crm-sync.service.ts(396,9): error TS2353: Object literal may only specify known properties, and 'userId' does not exist in type 'CrmDealLinkWhereInput'.
src/modules/crm-integrations/crm-sync.service.ts(447,9): error TS2353: Object literal may only specify known properties, and 'userId' does not exist in type 'CrmDealLinkWhereInput'.
src/modules/crm-integrations/crm-sync.service.ts(460,24): error TS2339: Property 'stageMappings' does not exist on type '{ id: string; refreshToken: string; createdAt: Date; updatedAt: Date; accessToken: string; userId: string; expiresAt: Date; metadata: JsonValue; provider: string; accountName: string; webhookSecret: string; syncEnabled: boolean; lastSyncedAt: Date; }'.
src/modules/crm-integrations/crm-sync.service.ts(461,38): error TS2339: Property 'stageMappings' does not exist on type '{ id: string; refreshToken: string; createdAt: Date; updatedAt: Date; accessToken: string; userId: string; expiresAt: Date; metadata: JsonValue; provider: string; accountName: string; webhookSecret: string; syncEnabled: boolean; lastSyncedAt: Date; }'.
src/modules/crm-integrations/crm-sync.service.ts(477,9): error TS2353: Object literal may only specify known properties, and 'userId' does not exist in type 'CrmDealLinkWhereInput'.
src/modules/crm-integrations/crm-sync.service.ts(492,9): error TS2353: Object literal may only specify known properties, and 'provider' does not exist in type '(Without<CrmWebhookLogCreateInput, CrmWebhookLogUncheckedCreateInput> & CrmWebhookLogUncheckedCreateInput) | (Without<...> & CrmWebhookLogCreateInput)'.
src/modules/crm-integrations/providers/hubspot.service.ts(110,9): error TS2353: Object literal may only specify known properties, and 'tokenExpiresAt' does not exist in type '(Without<CrmIntegrationUpdateInput, CrmIntegrationUncheckedUpdateInput> & CrmIntegrationUncheckedUpdateInput) | (Without<...> & CrmIntegrationUpdateInput)'.
src/modules/crm-integrations/providers/pipedrive.service.ts(109,9): error TS2353: Object literal may only specify known properties, and 'tokenExpiresAt' does not exist in type '(Without<CrmIntegrationUpdateInput, CrmIntegrationUncheckedUpdateInput> & CrmIntegrationUncheckedUpdateInput) | (Without<...> & CrmIntegrationUpdateInput)'.
src/modules/crm-integrations/providers/salesforce.service.ts(103,9): error TS2353: Object literal may only specify known properties, and 'tokenExpiresAt' does not exist in type '(Without<CrmIntegrationUpdateInput, CrmIntegrationUncheckedUpdateInput> & CrmIntegrationUncheckedUpdateInput) | (Without<...> & CrmIntegrationUpdateInput)'.
src/modules/crm-integrations/providers/zoho.service.ts(96,9): error TS2353: Object literal may only specify known properties, and 'tokenExpiresAt' does not exist in type '(Without<CrmIntegrationUpdateInput, CrmIntegrationUncheckedUpdateInput> & CrmIntegrationUncheckedUpdateInput) | (Without<...> & CrmIntegrationUpdateInput)'.
src/modules/custom-fields/custom-fields.service.ts(28,16): error TS2353: Object literal may only specify known properties, and 'teamId' does not exist in type 'CustomFieldDefinitionWhereInput'.
src/modules/custom-fields/custom-fields.service.ts(37,16): error TS2353: Object literal may only specify known properties, and 'teamId' does not exist in type 'CustomFieldDefinitionWhereInput'.
src/modules/custom-fields/custom-fields.service.ts(38,15): error TS2353: Object literal may only specify known properties, and 'order' does not exist in type 'CustomFieldDefinitionMaxAggregateInputType'.
src/modules/custom-fields/custom-fields.service.ts(43,9): error TS2353: Object literal may only specify known properties, and 'teamId' does not exist in type '(Without<CustomFieldDefinitionCreateInput, CustomFieldDefinitionUncheckedCreateInput> & CustomFieldDefinitionUncheckedCreateInput) | (Without<...> & CustomFieldDefinitionCreateInput)'.
src/modules/custom-fields/custom-fields.service.ts(52,44): error TS2339: Property 'order' does not exist on type '{ id?: string; groupId?: string; name?: string; type?: string; required?: boolean; createdAt?: Date; }'.
src/modules/custom-fields/custom-fields.service.ts(71,29): error TS2353: Object literal may only specify known properties, and 'teamId' does not exist in type 'CustomFieldDefinitionWhereInput'.
src/modules/custom-fields/custom-fields.service.ts(81,9): error TS2353: Object literal may only specify known properties, and 'label' does not exist in type '(Without<CustomFieldDefinitionUpdateInput, CustomFieldDefinitionUncheckedUpdateInput> & CustomFieldDefinitionUncheckedUpdateInput) | (Without<...> & CustomFieldDefinitionUpdateInput)'.
src/modules/custom-fields/custom-fields.service.ts(104,29): error TS2353: Object literal may only specify known properties, and 'teamId' does not exist in type 'CustomFieldDefinitionWhereInput'.
src/modules/custom-fields/custom-fields.service.ts(132,39): error TS2353: Object literal may only specify known properties, and 'order' does not exist in type 'CustomFieldDefinitionOrderByWithRelationInput'.
src/modules/custom-fields/custom-fields.service.ts(147,22): error TS2353: Object literal may only specify known properties, and 'teamId' does not exist in type 'CustomFieldDefinitionWhereInput'.
src/modules/custom-fields/custom-fields.service.ts(148,17): error TS2353: Object literal may only specify known properties, and 'order' does not exist in type '(Without<CustomFieldDefinitionUpdateManyMutationInput, CustomFieldDefinitionUncheckedUpdateManyInput> & CustomFieldDefinitionUncheckedUpdateManyInput) | (Without<...> & CustomFieldDefinitionUpdateManyMutationInput)'.
src/modules/custom-fields/custom-fields.service.ts(163,16): error TS2353: Object literal may only specify known properties, and 'teamId' does not exist in type 'CustomFieldGroupWhereInput'.
src/modules/custom-fields/custom-fields.service.ts(169,9): error TS2353: Object literal may only specify known properties, and 'teamId' does not exist in type '(Without<CustomFieldGroupCreateInput, CustomFieldGroupUncheckedCreateInput> & CustomFieldGroupUncheckedCreateInput) | (Without<...> & CustomFieldGroupCreateInput)'.
src/modules/custom-fields/custom-fields.service.ts(187,29): error TS2353: Object literal may only specify known properties, and 'teamId' does not exist in type 'CustomFieldGroupWhereInput'.
src/modules/custom-fields/custom-fields.service.ts(200,9): error TS2353: Object literal may only specify known properties, and 'collapsible' does not exist in type '(Without<CustomFieldGroupUpdateInput, CustomFieldGroupUncheckedUpdateInput> & CustomFieldGroupUncheckedUpdateInput) | (Without<...> & CustomFieldGroupUpdateInput)'.
src/modules/custom-fields/custom-fields.service.ts(213,29): error TS2353: Object literal may only specify known properties, and 'teamId' does not exist in type 'CustomFieldGroupWhereInput'.
src/modules/custom-fields/custom-fields.service.ts(243,7): error TS2322: Type '{ fields: { where: { isActive: true; }; orderBy: { order: string; }; }; }' is not assignable to type 'never'.
src/modules/custom-fields/custom-fields.service.ts(261,33): error TS2353: Object literal may only specify known properties, and 'teamId' does not exist in type 'CustomFieldDefinitionWhereInput'.
src/modules/custom-fields/custom-fields.service.ts(274,9): error TS2353: Object literal may only specify known properties, and 'fieldId_entityId' does not exist in type 'CustomFieldValueWhereUniqueInput'.
src/modules/custom-fields/custom-fields.service.ts(282,9): error TS2353: Object literal may only specify known properties, and 'scope' does not exist in type '(Without<CustomFieldValueCreateInput, CustomFieldValueUncheckedCreateInput> & CustomFieldValueUncheckedCreateInput) | (Without<...> & CustomFieldValueCreateInput)'.
src/modules/custom-fields/custom-fields.service.ts(298,16): error TS2353: Object literal may only specify known properties, and 'teamId' does not exist in type 'CustomFieldDefinitionWhereInput'.
src/modules/custom-fields/custom-fields.service.ts(311,13): error TS2353: Object literal may only specify known properties, and 'fieldId_entityId' does not exist in type 'CustomFieldValueWhereUniqueInput'.
src/modules/custom-fields/custom-fields.service.ts(319,13): error TS2353: Object literal may only specify known properties, and 'scope' does not exist in type '(Without<CustomFieldValueCreateInput, CustomFieldValueUncheckedCreateInput> & CustomFieldValueUncheckedCreateInput) | (Without<...> & CustomFieldValueCreateInput)'.
src/modules/custom-fields/custom-fields.service.ts(337,26): error TS2353: Object literal may only specify known properties, and 'scope' does not exist in type 'CustomFieldValueWhereInput'.
src/modules/custom-fields/custom-fields.service.ts(346,18): error TS2551: Property 'field' does not exist on type '{ id: string; createdAt: Date; entityType: string; entityId: string; value: string; fieldId: string; }'. Did you mean 'fieldId'?
src/modules/custom-fields/custom-fields.service.ts(357,29): error TS2353: Object literal may only specify known properties, and 'teamId' does not exist in type 'CustomFieldDefinitionWhereInput'.
src/modules/custom-fields/custom-fields.service.ts(543,9): error TS2353: Object literal may only specify known properties, and 'teamId' does not exist in type '(Without<DynamicFormCreateInput, DynamicFormUncheckedCreateInput> & DynamicFormUncheckedCreateInput) | (Without<...> & DynamicFormCreateInput)'.
src/modules/custom-fields/custom-fields.service.ts(561,28): error TS2353: Object literal may only specify known properties, and 'teamId' does not exist in type 'DynamicFormWhereInput'.
src/modules/custom-fields/custom-fields.service.ts(570,31): error TS2551: Property 'fieldIds' does not exist on type '{ id: string; name: string; createdAt: Date; updatedAt: Date; userId: string; fields: JsonValue; }'. Did you mean 'fields'?
src/modules/custom-fields/custom-fields.service.ts(571,18): error TS2353: Object literal may only specify known properties, and 'order' does not exist in type 'CustomFieldDefinitionOrderByWithRelationInput | CustomFieldDefinitionOrderByWithRelationInput[]'.
src/modules/custom-fields/custom-fields.service.ts(606,26): error TS2561: Object literal may only specify known properties, but 'field' does not exist in type 'CustomFieldValueWhereInput'. Did you mean to write 'fieldId'?
src/modules/custom-fields/custom-fields.service.ts(612,17): error TS2551: Property 'field' does not exist on type '{ id: string; createdAt: Date; entityType: string; entityId: string; value: string; fieldId: string; }'. Did you mean 'fieldId'?
src/modules/heatmaps/click-tracking.service.ts(101,39): error TS2339: Property 'section' does not exist on type 'JsonValue'.
  Property 'section' does not exist on type 'string'.
src/modules/heatmaps/heatmaps.service.ts(183,45): error TS2339: Property 'section' does not exist on type 'JsonValue'.
  Property 'section' does not exist on type 'string'.
src/modules/heatmaps/heatmaps.service.ts(197,33): error TS2339: Property 'dwellTime' does not exist on type 'JsonValue'.
  Property 'dwellTime' does not exist on type 'string'.
src/modules/heatmaps/heatmaps.service.ts(198,51): error TS2339: Property 'dwellTime' does not exist on type 'JsonValue'.
  Property 'dwellTime' does not exist on type 'string'.
src/modules/heatmaps/heatmaps.service.ts(281,45): error TS2339: Property 'country' does not exist on type 'JsonValue'.
  Property 'country' does not exist on type 'string'.
src/modules/heatmaps/heatmaps.service.ts(293,44): error TS2339: Property 'deviceType' does not exist on type 'JsonValue'.
  Property 'deviceType' does not exist on type 'string'.
src/modules/heatmaps/predictive-scoring.service.ts(130,63): error TS2339: Property 'section' does not exist on type 'JsonValue'.
  Property 'section' does not exist on type 'string'.
src/modules/heatmaps/predictive-scoring.service.ts(137,51): error TS2339: Property 'deviceType' does not exist on type 'JsonValue'.
  Property 'deviceType' does not exist on type 'string'.
src/modules/i18n/dto/i18n.dto.ts(276,53): error TS2339: Property 'HE' does not exist on type 'typeof Language'.
src/modules/i18n/dto/i18n.dto.ts(276,66): error TS2339: Property 'FA' does not exist on type 'typeof Language'.
src/modules/i18n/dto/i18n.dto.ts(276,79): error TS2339: Property 'UR' does not exist on type 'typeof Language'.
src/modules/i18n/i18n.service.ts(44,11): error TS2367: This comparison appears to be unintentional because the types 'ProposalBlockType' and '"text"' have no overlap.
src/modules/i18n/i18n.service.ts(44,36): error TS2367: This comparison appears to be unintentional because the types 'ProposalBlockType' and '"heading"' have no overlap.
src/modules/i18n/i18n.service.ts(78,9): error TS2322: Type '"google" | TranslationProvider' is not assignable to type 'TranslationProvider'.
  Type '"google"' is not assignable to type 'TranslationProvider'.
src/modules/i18n/i18n.service.ts(88,7): error TS2322: Type '"google" | TranslationProvider' is not assignable to type 'TranslationProvider'.
  Type '"google"' is not assignable to type 'TranslationProvider'.
src/modules/i18n/i18n.service.ts(143,9): error TS2353: Object literal may only specify known properties, and 'localizationSettings' does not exist in type '(Without<UserUpdateInput, UserUncheckedUpdateInput> & UserUncheckedUpdateInput) | (Without<...> & UserUpdateInput)'.
src/modules/i18n/i18n.service.ts(161,17): error TS2353: Object literal may only specify known properties, and 'localizationSettings' does not exist in type 'UserSelect<DefaultArgs>'.
src/modules/i18n/i18n.service.ts(165,13): error TS2339: Property 'localizationSettings' does not exist on type '{ id: string; email: string; googleId: string; stripeCustomerId: string; stripeSubscriptionId: string; stripeConnectId: string; customDomain: string; firstName: string; lastName: string; password: string; ... 18 more ...; lastLoginAt: Date; }'.
src/modules/i18n/i18n.service.ts(196,11): error TS2367: This comparison appears to be unintentional because the types 'ProposalBlockType' and '"pricing"' have no overlap.
src/modules/i18n/i18n.service.ts(218,11): error TS2304: Cannot find name 'content'.
src/modules/i18n/i18n.service.ts(218,27): error TS2304: Cannot find name 'content'.
src/modules/i18n/i18n.service.ts(218,46): error TS2304: Cannot find name 'content'.
src/modules/i18n/i18n.service.ts(221,13): error TS2304: Cannot find name 'content'.
src/modules/i18n/i18n.service.ts(222,11): error TS2304: Cannot find name 'content'.
src/modules/i18n/i18n.service.ts(222,64): error TS2304: Cannot find name 'content'.
src/modules/i18n/i18n.service.ts(249,9): error TS2353: Object literal may only specify known properties, and 'metadata' does not exist in type '(Without<ProposalCreateInput, ProposalUncheckedCreateInput> & ProposalUncheckedCreateInput) | (Without<...> & ProposalCreateInput)'.
src/modules/sso/directory-sync.service.ts(27,9): error TS2353: Object literal may only specify known properties, and 'teamId' does not exist in type '(Without<DirectorySyncCreateInput, DirectorySyncUncheckedCreateInput> & DirectorySyncUncheckedCreateInput) | (Without<...> & DirectorySyncCreateInput)'.
src/modules/sso/directory-sync.service.ts(54,16): error TS2353: Object literal may only specify known properties, and 'teamId' does not exist in type 'DirectorySyncWhereInput'.
src/modules/sso/directory-sync.service.ts(58,9): error TS2353: Object literal may only specify known properties, and 'name' does not exist in type 'DirectorySyncSelect<DefaultArgs>'.
src/modules/sso/directory-sync.service.ts(81,28): error TS2353: Object literal may only specify known properties, and 'teamId' does not exist in type 'DirectorySyncWhereInput'.
src/modules/sso/directory-sync.service.ts(85,9): error TS2353: Object literal may only specify known properties, and 'name' does not exist in type 'DirectorySyncSelect<DefaultArgs>'.
src/modules/sso/directory-sync.service.ts(116,28): error TS2353: Object literal may only specify known properties, and 'teamId' does not exist in type 'DirectorySyncWhereInput'.
src/modules/sso/directory-sync.service.ts(126,9): error TS2353: Object literal may only specify known properties, and 'name' does not exist in type '(Without<DirectorySyncUpdateInput, DirectorySyncUncheckedUpdateInput> & DirectorySyncUncheckedUpdateInput) | (Without<...> & DirectorySyncUpdateInput)'.
src/modules/sso/directory-sync.service.ts(142,28): error TS2353: Object literal may only specify known properties, and 'teamId' does not exist in type 'DirectorySyncWhereInput'.
src/modules/sso/directory-sync.service.ts(161,28): error TS2353: Object literal may only specify known properties, and 'teamId' does not exist in type 'DirectorySyncWhereInput'.
src/modules/sso/directory-sync.service.ts(186,47): error TS2339: Property 'autoProvisionUsers' does not exist on type '{ id: string; createdAt: Date; updatedAt: Date; userId: string; enabled: boolean; provider: string; bearerToken: string; lastSync: Date; }'.
src/modules/sso/directory-sync.service.ts(194,16): error TS2339: Property 'allowedDomains' does not exist on type '{ id: string; createdAt: Date; updatedAt: Date; userId: string; enabled: boolean; provider: string; bearerToken: string; lastSync: Date; }'.
src/modules/sso/directory-sync.service.ts(194,53): error TS2339: Property 'allowedDomains' does not exist on type '{ id: string; createdAt: Date; updatedAt: Date; userId: string; enabled: boolean; provider: string; bearerToken: string; lastSync: Date; }'.
src/modules/sso/directory-sync.service.ts(210,11): error TS2353: Object literal may only specify known properties, and 'externalId' does not exist in type '(Without<UserCreateInput, UserUncheckedCreateInput> & UserUncheckedCreateInput) | (Without<...> & UserCreateInput)'.
src/modules/sso/directory-sync.service.ts(218,26): error TS2339: Property 'teamId' does not exist on type '{ id: string; createdAt: Date; updatedAt: Date; userId: string; enabled: boolean; provider: string; bearerToken: string; lastSync: Date; }'.
src/modules/sso/directory-sync.service.ts(220,11): error TS2820: Type '"member"' is not assignable to type 'TeamRole'. Did you mean '"MEMBER"'?
src/modules/sso/directory-sync.service.ts(228,11): error TS2353: Object literal may only specify known properties, and 'syncedUsersCount' does not exist in type '(Without<DirectorySyncUpdateInput, DirectorySyncUncheckedUpdateInput> & DirectorySyncUncheckedUpdateInput) | (Without<...> & DirectorySyncUpdateInput)'.
src/modules/sso/directory-sync.service.ts(232,51): error TS2339: Property 'autoDeprovisionUsers' does not exist on type '{ id: string; createdAt: Date; updatedAt: Date; userId: string; enabled: boolean; provider: string; bearerToken: string; lastSync: Date; }'.
src/modules/sso/directory-sync.service.ts(235,33): error TS2339: Property 'teamId' does not exist on type '{ id: string; createdAt: Date; updatedAt: Date; userId: string; enabled: boolean; provider: string; bearerToken: string; lastSync: Date; }'.
src/modules/sso/directory-sync.service.ts(256,28): error TS2353: Object literal may only specify known properties, and 'teamId' does not exist in type 'DirectorySyncWhereInput'.
src/modules/sso/directory-sync.service.ts(264,16): error TS2353: Object literal may only specify known properties, and 'directorySyncId' does not exist in type 'DirectorySyncLogWhereInput'.
src/modules/sso/directory-sync.service.ts(277,28): error TS2353: Object literal may only specify known properties, and 'teamId' does not exist in type 'DirectorySyncWhereInput'.
src/modules/sso/directory-sync.service.ts(287,9): error TS2353: Object literal may only specify known properties, and 'directorySyncId' does not exist in type '(Without<DirectorySyncLogCreateInput, DirectorySyncLogUncheckedCreateInput> & DirectorySyncLogUncheckedCreateInput) | (Without<...> & DirectorySyncLogCreateInput)'.
src/modules/sso/directory-sync.service.ts(295,15): error TS2561: Object literal may only specify known properties, but 'lastSyncAt' does not exist in type '(Without<DirectorySyncUpdateInput, DirectorySyncUncheckedUpdateInput> & DirectorySyncUncheckedUpdateInput) | (Without<...> & DirectorySyncUpdateInput)'. Did you mean to write 'lastSync'?
src/modules/sso/security.service.ts(15,7): error TS2322: Type '{ teamId: string; }' is not assignable to type 'SecurityPolicyWhereUniqueInput'.
  Type '{ teamId: string; }' is not assignable to type '{ id: string; userId: string; } & { id?: string; userId?: string; AND?: SecurityPolicyWhereInput | SecurityPolicyWhereInput[]; OR?: SecurityPolicyWhereInput[]; ... 17 more ...; updatedAt?: string | ... 1 more ... | DateTimeFilter<...>; }'.
    Type '{ teamId: string; }' is missing the following properties from type '{ id: string; userId: string; }': id, userId
src/modules/sso/security.service.ts(21,9): error TS2322: Type '{ teamId: string; sessionSecurityLevel: SessionSecurityLevel.STANDARD; requireMfa: false; sessionTimeout: number; maxConcurrentSessions: number; enforceIpWhitelist: false; ... 8 more ...; passwordExpiryDays: number; }' is not assignable to type '(Without<SecurityPolicyCreateInput, SecurityPolicyUncheckedCreateInput> & SecurityPolicyUncheckedCreateInput) | (Without<...> & SecurityPolicyCreateInput)'.
  Type '{ teamId: string; sessionSecurityLevel: SessionSecurityLevel.STANDARD; requireMfa: false; sessionTimeout: number; maxConcurrentSessions: number; enforceIpWhitelist: false; ... 8 more ...; passwordExpiryDays: number; }' is not assignable to type 'Without<SecurityPolicyUncheckedCreateInput, SecurityPolicyCreateInput> & SecurityPolicyCreateInput'.
    Property 'userId' is missing in type '{ teamId: string; sessionSecurityLevel: SessionSecurityLevel.STANDARD; requireMfa: false; sessionTimeout: number; maxConcurrentSessions: number; enforceIpWhitelist: false; ... 8 more ...; passwordExpiryDays: number; }' but required in type 'SecurityPolicyCreateInput'.
src/modules/sso/security.service.ts(55,29): error TS2339: Property 'sessionTimeout' does not exist on type 'UpdateSecurityPolicyDto'.
src/modules/sso/security.service.ts(156,7): error TS2322: Type '{ user: { include: { teamMemberships: { include: { team: true; }; }; }; }; }' is not assignable to type 'never'.
src/modules/sso/security.service.ts(167,33): error TS2339: Property 'teamMemberships' does not exist on type 'never'.
src/modules/sso/security.service.ts(276,7): error TS2322: Type '{ user: { select: { id: true; email: true; firstName: true; lastName: true; }; }; }' is not assignable to type 'never'.
src/modules/sso/sso.controller.ts(47,28): error TS2554: Expected 3 arguments, but got 2.
src/modules/template-marketplace/template-marketplace.service.ts(84,9): error TS2353: Object literal may only specify known properties, and 'previewImages' does not exist in type '(Without<TemplateMarketplaceUpdateInput, TemplateMarketplaceUncheckedUpdateInput> & TemplateMarketplaceUncheckedUpdateInput) | (Without<...> & TemplateMarketplaceUpdateInput)'.
src/modules/template-marketplace/template-marketplace.service.ts(153,9): error TS2322: Type '{ seller: { select: { id: true; firstName: true; lastName: true; }; }; }' is not assignable to type 'never'.
src/modules/template-marketplace/template-marketplace.service.ts(177,7): error TS2322: Type '{ template: { select: { id: true; name: true; content: true; previewImage: true; }; }; seller: { select: { id: true; firstName: true; lastName: true; }; }; reviews: { include: { user: { select: { id: true; firstName: true; lastName: true; }; }; }; orderBy: { ...; }; take: number; }; }' is not assignable to type 'never'.
src/modules/template-marketplace/template-marketplace.service.ts(223,7): error TS2322: Type '{ seller: { select: { id: true; firstName: true; lastName: true; }; }; }' is not assignable to type 'never'.
src/modules/template-marketplace/template-marketplace.service.ts(242,7): error TS2322: Type '{ seller: { select: { id: true; firstName: true; lastName: true; }; }; }' is not assignable to type 'never'.
src/modules/template-marketplace/template-marketplace.service.ts(256,7): error TS2322: Type '{ template: true; }' is not assignable to type 'never'.
src/modules/template-marketplace/template-marketplace.service.ts(273,17): error TS2339: Property 'priceType' does not exist on type '{ template: never; } & { id: string; createdAt: Date; updatedAt: Date; description: string; title: string; tags: string[]; status: string; viewCount: number; templateId: string; category: string; ... 10 more ...; featuredAt: Date; }'.
src/modules/template-marketplace/template-marketplace.service.ts(280,7): error TS2322: Type '{ marketplaceTemplateId: string; buyerId: string; price: number; currency: any; }' is not assignable to type '(Without<TemplatePurchaseCreateInput, TemplatePurchaseUncheckedCreateInput> & TemplatePurchaseUncheckedCreateInput) | (Without<...> & TemplatePurchaseCreateInput)'.
  Type '{ marketplaceTemplateId: string; buyerId: string; price: number; currency: any; }' is not assignable to type 'Without<TemplatePurchaseUncheckedCreateInput, TemplatePurchaseCreateInput> & TemplatePurchaseCreateInput'.
    Property 'templateId' is missing in type '{ marketplaceTemplateId: string; buyerId: string; price: number; currency: any; }' but required in type 'TemplatePurchaseCreateInput'.
src/modules/template-marketplace/template-marketplace.service.ts(284,27): error TS2339: Property 'currency' does not exist on type '{ template: never; } & { id: string; createdAt: Date; updatedAt: Date; description: string; title: string; tags: string[]; status: string; viewCount: number; templateId: string; category: string; ... 10 more ...; featuredAt: Date; }'.
src/modules/template-marketplace/template-marketplace.service.ts(294,35): error TS2339: Property 'content' does not exist on type 'never'.
src/modules/template-marketplace/template-marketplace.service.ts(295,9): error TS2322: Type 'string' is not assignable to type 'TemplateCategory'.
src/modules/template-marketplace/template-marketplace.service.ts(351,19): error TS2339: Property 'text' does not exist on type 'CreateReviewDto'.
src/modules/template-marketplace/template-marketplace.service.ts(453,18): error TS2561: Object literal may only specify known properties, but 'marketplaceTemplate' does not exist in type 'TemplatePurchaseWhereInput'. Did you mean to write 'marketplaceTemplateId'?
src/modules/template-marketplace/template-marketplace.service.ts(488,25): error TS2339: Property 'templateId' does not exist on type 'ReportTemplateDto'.
src/modules/template-marketplace/template-marketplace.service.ts(492,26): error TS2339: Property 'description' does not exist on type 'ReportTemplateDto'.
src/modules/template-marketplace/template-marketplace.service.ts(516,9): error TS2353: Object literal may only specify known properties, and 'reviewedAt' does not exist in type '(Without<TemplateMarketplaceUpdateInput, TemplateMarketplaceUncheckedUpdateInput> & TemplateMarketplaceUncheckedUpdateInput) | (Without<...> & TemplateMarketplaceUpdateInput)'.
