src/modules/ab-testing/ab-testing.scheduler.ts(100,9): error TS2353: Object literal may only specify known properties, and 'user' does not exist in type 'ABTestInclude<DefaultArgs>'.
src/modules/api/api-keys.service.ts(48,9): error TS2353: Object literal may only specify known properties, and 'description' does not exist in type '(Without<ApiKeyCreateInput, ApiKeyUncheckedCreateInput> & ApiKeyUncheckedCreateInput) | (Without<...> & ApiKeyCreateInput)'.
src/modules/api/api-keys.service.ts(65,25): error TS2339: Property 'keyPrefix' does not exist on type '{ id: string; name: string; createdAt: Date; updatedAt: Date; userId: string; key: string; lastUsed: Date | null; }'.
src/modules/api/api-keys.service.ts(66,27): error TS2339: Property 'permissions' does not exist on type '{ id: string; name: string; createdAt: Date; updatedAt: Date; userId: string; key: string; lastUsed: Date | null; }'.
src/modules/api/api-keys.service.ts(67,25): error TS2339: Property 'expiresAt' does not exist on type '{ id: string; name: string; createdAt: Date; updatedAt: Date; userId: string; key: string; lastUsed: Date | null; }'.
src/modules/api/api-keys.service.ts(82,9): error TS2353: Object literal may only specify known properties, and 'description' does not exist in type 'ApiKeySelect<DefaultArgs>'.
src/modules/api/api-keys.service.ts(113,24): error TS2339: Property 'description' does not exist on type '{ id: string; name: string; createdAt: Date; updatedAt: Date; userId: string; key: string; lastUsed: Date | null; }'.
src/modules/api/api-keys.service.ts(114,22): error TS2339: Property 'keyPrefix' does not exist on type '{ id: string; name: string; createdAt: Date; updatedAt: Date; userId: string; key: string; lastUsed: Date | null; }'.
src/modules/api/api-keys.service.ts(115,24): error TS2339: Property 'permissions' does not exist on type '{ id: string; name: string; createdAt: Date; updatedAt: Date; userId: string; key: string; lastUsed: Date | null; }'.
src/modules/api/api-keys.service.ts(116,22): error TS2339: Property 'rateLimit' does not exist on type '{ id: string; name: string; createdAt: Date; updatedAt: Date; userId: string; key: string; lastUsed: Date | null; }'.
src/modules/api/api-keys.service.ts(117,23): error TS2339: Property 'allowedIps' does not exist on type '{ id: string; name: string; createdAt: Date; updatedAt: Date; userId: string; key: string; lastUsed: Date | null; }'.
src/modules/api/api-keys.service.ts(118,27): error TS2339: Property 'allowedDomains' does not exist on type '{ id: string; name: string; createdAt: Date; updatedAt: Date; userId: string; key: string; lastUsed: Date | null; }'.
src/modules/api/api-keys.service.ts(119,21): error TS2339: Property 'isActive' does not exist on type '{ id: string; name: string; createdAt: Date; updatedAt: Date; userId: string; key: string; lastUsed: Date | null; }'.
src/modules/api/api-keys.service.ts(120,22): error TS2339: Property 'expiresAt' does not exist on type '{ id: string; name: string; createdAt: Date; updatedAt: Date; userId: string; key: string; lastUsed: Date | null; }'.
src/modules/api/api-keys.service.ts(121,23): error TS2551: Property 'lastUsedAt' does not exist on type '{ id: string; name: string; createdAt: Date; updatedAt: Date; userId: string; key: string; lastUsed: Date | null; }'. Did you mean 'lastUsed'?
src/modules/api/api-keys.service.ts(122,23): error TS2339: Property 'usageCount' does not exist on type '{ id: string; name: string; createdAt: Date; updatedAt: Date; userId: string; key: string; lastUsed: Date | null; }'.
src/modules/api/api-keys.service.ts(143,9): error TS2353: Object literal may only specify known properties, and 'description' does not exist in type '(Without<ApiKeyUpdateInput, ApiKeyUncheckedUpdateInput> & ApiKeyUncheckedUpdateInput) | (Without<...> & ApiKeyUpdateInput)'.
src/modules/api/api-keys.service.ts(180,16): error TS2353: Object literal may only specify known properties, and 'keyHash' does not exist in type 'ApiKeyWhereInput'.
src/modules/api/api-keys.service.ts(188,14): error TS2339: Property 'isActive' does not exist on type '{ id: string; name: string; createdAt: Date; updatedAt: Date; userId: string; key: string; lastUsed: Date | null; }'.
src/modules/api/api-keys.service.ts(192,13): error TS2339: Property 'expiresAt' does not exist on type '{ id: string; name: string; createdAt: Date; updatedAt: Date; userId: string; key: string; lastUsed: Date | null; }'.
src/modules/api/api-keys.service.ts(192,30): error TS2339: Property 'expiresAt' does not exist on type '{ id: string; name: string; createdAt: Date; updatedAt: Date; userId: string; key: string; lastUsed: Date | null; }'.
src/modules/api/api-keys.service.ts(198,31): error TS2339: Property 'permissions' does not exist on type '{ id: string; name: string; createdAt: Date; updatedAt: Date; userId: string; key: string; lastUsed: Date | null; }'.
src/modules/api/api-keys.service.ts(208,9): error TS2561: Object literal may only specify known properties, but 'lastUsedAt' does not exist in type '(Without<ApiKeyUpdateInput, ApiKeyUncheckedUpdateInput> & ApiKeyUncheckedUpdateInput) | (Without<...> & ApiKeyUpdateInput)'. Did you mean to write 'lastUsed'?
src/modules/api/api-keys.service.ts(215,17): error TS2339: Property 'user' does not exist on type '{ id: string; name: string; createdAt: Date; updatedAt: Date; userId: string; key: string; lastUsed: Date | null; }'.
src/modules/api/api-keys.service.ts(216,24): error TS2339: Property 'permissions' does not exist on type '{ id: string; name: string; createdAt: Date; updatedAt: Date; userId: string; key: string; lastUsed: Date | null; }'.
src/modules/api/api-keys.service.ts(217,22): error TS2339: Property 'rateLimit' does not exist on type '{ id: string; name: string; createdAt: Date; updatedAt: Date; userId: string; key: string; lastUsed: Date | null; }'.
src/modules/api/api-keys.service.ts(241,9): error TS2353: Object literal may only specify known properties, and 'timestamp' does not exist in type 'ApiKeyUsageWhereInput'.
src/modules/api/api-keys.service.ts(245,39): error TS2339: Property 'rateLimit' does not exist on type '{ id: string; name: string; createdAt: Date; updatedAt: Date; userId: string; key: string; lastUsed: Date | null; }'.
src/modules/api/api-keys.service.ts(248,22): error TS2339: Property 'rateLimit' does not exist on type '{ id: string; name: string; createdAt: Date; updatedAt: Date; userId: string; key: string; lastUsed: Date | null; }'.
src/modules/api/api-keys.service.ts(254,7): error TS2322: Type '{ apiKeyId: string; endpoint: string; }' is not assignable to type '(Without<ApiKeyUsageCreateInput, ApiKeyUsageUncheckedCreateInput> & ApiKeyUsageUncheckedCreateInput) | (Without<...> & ApiKeyUsageCreateInput)'.
  Type '{ apiKeyId: string; endpoint: string; }' is not assignable to type 'Without<ApiKeyUsageUncheckedCreateInput, ApiKeyUsageCreateInput> & ApiKeyUsageCreateInput'.
    Type '{ apiKeyId: string; endpoint: string; }' is missing the following properties from type 'ApiKeyUsageCreateInput': method, statusCode, responseTime
src/modules/api/api-keys.service.ts(281,9): error TS2353: Object literal may only specify known properties, and 'timestamp' does not exist in type 'ApiKeyUsageWhereInput'.
src/modules/api/api-keys.service.ts(296,26): error TS2339: Property 'usageCount' does not exist on type '{ id: string; name: string; createdAt: Date; updatedAt: Date; userId: string; key: string; lastUsed: Date | null; }'.
src/modules/api/oauth.service.ts(27,9): error TS2353: Object literal may only specify known properties, and 'name' does not exist in type '(Without<OAuthAppCreateInput, OAuthAppUncheckedCreateInput> & OAuthAppUncheckedCreateInput) | (Without<...> & OAuthAppCreateInput)'.
src/modules/api/oauth.service.ts(42,17): error TS2339: Property 'name' does not exist on type '{ id: string; createdAt: Date; updatedAt: Date; userId: string; provider: string; clientId: string; clientSecret: string; redirectUri: string; }'.
src/modules/api/oauth.service.ts(46,19): error TS2339: Property 'scopes' does not exist on type '{ id: string; createdAt: Date; updatedAt: Date; userId: string; provider: string; clientId: string; clientSecret: string; redirectUri: string; }'.
src/modules/api/oauth.service.ts(59,9): error TS2353: Object literal may only specify known properties, and 'name' does not exist in type 'OAuthAppSelect<DefaultArgs>'.
src/modules/api/oauth.service.ts(84,9): error TS2353: Object literal may only specify known properties, and 'name' does not exist in type 'OAuthAppSelect<DefaultArgs>'.
src/modules/api/oauth.service.ts(118,16): error TS2353: Object literal may only specify known properties, and 'oAuthAppId' does not exist in type 'OAuthTokenWhereInput'.
src/modules/api/oauth.service.ts(123,16): error TS2353: Object literal may only specify known properties, and 'oAuthAppId' does not exist in type 'OAuthCodeWhereInput'.
src/modules/api/oauth.service.ts(150,15): error TS2561: Object literal may only specify known properties, but 'clientSecretHash' does not exist in type '(Without<OAuthAppUpdateInput, OAuthAppUncheckedUpdateInput> & OAuthAppUncheckedUpdateInput) | (Without<...> & OAuthAppUpdateInput)'. Did you mean to write 'clientSecret'?
src/modules/api/oauth.service.ts(162,40): error TS2353: Object literal may only specify known properties, and 'isActive' does not exist in type 'OAuthAppWhereInput'.
src/modules/api/oauth.service.ts(170,57): error TS2339: Property 'additionalRedirectUris' does not exist on type '{ id: string; createdAt: Date; updatedAt: Date; userId: string; provider: string; clientId: string; clientSecret: string; redirectUri: string; }'.
src/modules/api/oauth.service.ts(181,27): error TS2339: Property 'scopes' does not exist on type '{ id: string; createdAt: Date; updatedAt: Date; userId: string; provider: string; clientId: string; clientSecret: string; redirectUri: string; }'.
src/modules/api/oauth.service.ts(195,9): error TS2353: Object literal may only specify known properties, and 'oAuthAppId' does not exist in type '(Without<OAuthCodeCreateInput, OAuthCodeUncheckedCreateInput> & OAuthCodeUncheckedCreateInput) | (Without<...> & OAuthCodeCreateInput)'.
src/modules/api/oauth.service.ts(222,40): error TS2353: Object literal may only specify known properties, and 'isActive' does not exist in type 'OAuthAppWhereInput'.
src/modules/api/oauth.service.ts(231,28): error TS2551: Property 'clientSecretHash' does not exist on type '{ id: string; createdAt: Date; updatedAt: Date; userId: string; provider: string; clientId: string; clientSecret: string; redirectUri: string; }'. Did you mean 'clientSecret'?
src/modules/api/oauth.service.ts(255,9): error TS2353: Object literal may only specify known properties, and 'oAuthAppId' does not exist in type 'OAuthCodeWhereInput'.
src/modules/api/oauth.service.ts(267,57): error TS2339: Property 'redirectUri' does not exist on type '{ id: string; createdAt: Date; userId: string; expiresAt: Date; provider: string; code: string; }'.
src/modules/api/oauth.service.ts(272,18): error TS2339: Property 'codeChallenge' does not exist on type '{ id: string; createdAt: Date; userId: string; expiresAt: Date; provider: string; code: string; }'.
src/modules/api/oauth.service.ts(278,18): error TS2339: Property 'codeChallengeMethod' does not exist on type '{ id: string; createdAt: Date; userId: string; expiresAt: Date; provider: string; code: string; }'.
src/modules/api/oauth.service.ts(282,34): error TS2339: Property 'codeChallenge' does not exist on type '{ id: string; createdAt: Date; userId: string; expiresAt: Date; provider: string; code: string; }'.
src/modules/api/oauth.service.ts(290,15): error TS2353: Object literal may only specify known properties, and 'usedAt' does not exist in type '(Without<OAuthCodeUpdateInput, OAuthCodeUncheckedUpdateInput> & OAuthCodeUncheckedUpdateInput) | (Without<...> & OAuthCodeUpdateInput)'.
src/modules/api/oauth.service.ts(294,63): error TS2339: Property 'scopes' does not exist on type '{ id: string; createdAt: Date; userId: string; expiresAt: Date; provider: string; code: string; }'.
src/modules/api/oauth.service.ts(308,9): error TS2353: Object literal may only specify known properties, and 'oAuthAppId' does not exist in type 'OAuthTokenWhereInput'.
src/modules/api/oauth.service.ts(322,15): error TS2353: Object literal may only specify known properties, and 'revokedAt' does not exist in type '(Without<OAuthTokenUpdateInput, OAuthTokenUncheckedUpdateInput> & OAuthTokenUncheckedUpdateInput) | (Without<...> & OAuthTokenUpdateInput)'.
src/modules/api/oauth.service.ts(326,57): error TS2339: Property 'scopes' does not exist on type '{ id: string; createdAt: Date; updatedAt: Date; userId: string; refreshToken: string | null; expiresAt: Date | null; provider: string; accessToken: string; }'.
src/modules/api/oauth.service.ts(349,9): error TS2353: Object literal may only specify known properties, and 'oAuthAppId' does not exist in type '(Without<OAuthTokenCreateInput, OAuthTokenUncheckedCreateInput> & OAuthTokenUncheckedCreateInput) | (Without<...> & OAuthTokenCreateInput)'.
src/modules/api/oauth.service.ts(376,18): error TS2561: Object literal may only specify known properties, but 'refreshTokenHash' does not exist in type 'OAuthTokenWhereInput'. Did you mean to write 'refreshToken'?
src/modules/api/oauth.service.ts(377,17): error TS2353: Object literal may only specify known properties, and 'revokedAt' does not exist in type '(Without<OAuthTokenUpdateManyMutationInput, OAuthTokenUncheckedUpdateManyInput> & OAuthTokenUncheckedUpdateManyInput) | (Without<...> & OAuthTokenUpdateManyMutationInput)'.
src/modules/api/oauth.service.ts(381,18): error TS2561: Object literal may only specify known properties, but 'accessTokenHash' does not exist in type 'OAuthTokenWhereInput'. Did you mean to write 'accessToken'?
src/modules/api/oauth.service.ts(382,17): error TS2353: Object literal may only specify known properties, and 'revokedAt' does not exist in type '(Without<OAuthTokenUpdateManyMutationInput, OAuthTokenUncheckedUpdateManyInput> & OAuthTokenUncheckedUpdateManyInput) | (Without<...> & OAuthTokenUpdateManyMutationInput)'.
src/modules/api/oauth.service.ts(403,11): error TS2561: Object literal may only specify known properties, but 'accessTokenHash' does not exist in type 'OAuthTokenWhereInput'. Did you mean to write 'accessToken'?
src/modules/api/oauth.service.ts(430,9): error TS2353: Object literal may only specify known properties, and 'revokedAt' does not exist in type 'OAuthTokenWhereInput'.
src/modules/api/oauth.service.ts(444,18): error TS2322: Type '"oAuthAppId"' is not assignable to type 'OAuthTokenScalarFieldEnum'.
src/modules/api/oauth.service.ts(448,14): error TS2339: Property 'oAuthApp' does not exist on type '{ id: string; createdAt: Date; updatedAt: Date; userId: string; refreshToken: string | null; expiresAt: Date | null; provider: string; accessToken: string; }'.
src/modules/api/oauth.service.ts(449,17): error TS2339: Property 'scopes' does not exist on type '{ id: string; createdAt: Date; updatedAt: Date; userId: string; refreshToken: string | null; expiresAt: Date | null; provider: string; accessToken: string; }'.
src/modules/api/oauth.service.ts(459,24): error TS2353: Object literal may only specify known properties, and 'oAuthAppId' does not exist in type 'OAuthTokenWhereInput'.
src/modules/api/oauth.service.ts(460,15): error TS2353: Object literal may only specify known properties, and 'revokedAt' does not exist in type '(Without<OAuthTokenUpdateManyMutationInput, OAuthTokenUncheckedUpdateManyInput> & OAuthTokenUncheckedUpdateManyInput) | (Without<...> & OAuthTokenUpdateManyMutationInput)'.
src/modules/api/oauth.service.ts(464,24): error TS2353: Object literal may only specify known properties, and 'oAuthAppId' does not exist in type 'OAuthCodeWhereInput'.
src/modules/api/public-api.controller.ts(109,11): error TS2353: Object literal may only specify known properties, and 'totalAmount' does not exist in type 'ProposalSelect<DefaultArgs>'.
src/modules/api/public-api.controller.ts(144,9): error TS2353: Object literal may only specify known properties, and 'lineItems' does not exist in type 'ProposalInclude<DefaultArgs>'.
src/modules/api/public-api.controller.ts(174,9): error TS2322: Type 'string' is not assignable to type 'Currency | undefined'.
src/modules/api/public-api.controller.ts(177,9): error TS2820: Type '"draft"' is not assignable to type 'ProposalStatus | undefined'. Did you mean '"DRAFT"'?
src/modules/api/public-api.controller.ts(209,9): error TS2322: Type 'string | undefined' is not assignable to type 'ProposalStatus | EnumProposalStatusFieldUpdateOperationsInput | undefined'.
  Type 'string' is not assignable to type 'ProposalStatus | EnumProposalStatusFieldUpdateOperationsInput | undefined'.
src/modules/api/public-api.controller.ts(264,9): error TS2820: Type '"sent"' is not assignable to type 'ProposalStatus | EnumProposalStatusFieldUpdateOperationsInput | undefined'. Did you mean '"SENT"'?
src/modules/api/public-api.controller.ts(366,11): error TS2353: Object literal may only specify known properties, and 'phone' does not exist in type 'ClientSelect<DefaultArgs>'.
src/modules/api/public-api.controller.ts(401,41): error TS2820: Type '"sent"' is not assignable to type 'ProposalStatus | EnumProposalStatusFilter<"Proposal"> | undefined'. Did you mean '"SENT"'?
src/modules/api/public-api.controller.ts(404,41): error TS2353: Object literal may only specify known properties, and 'viewedAt' does not exist in type 'ProposalWhereInput'.
src/modules/api/public-api.controller.ts(407,41): error TS2820: Type '"signed"' is not assignable to type 'ProposalStatus | EnumProposalStatusFilter<"Proposal"> | undefined'. Did you mean '"SIGNED"'?
src/modules/api/public-api.controller.ts(410,41): error TS2820: Type '"signed"' is not assignable to type 'ProposalStatus | EnumProposalStatusFilter<"Proposal"> | undefined'. Did you mean '"SIGNED"'?
src/modules/api/public-api.controller.ts(411,19): error TS2353: Object literal may only specify known properties, and 'totalAmount' does not exist in type 'ProposalSumAggregateInputType'.
src/modules/api/public-api.controller.ts(424,18): error TS18048: 'totalRevenue._sum' is possibly 'undefined'.
src/modules/api/public-api.controller.ts(424,36): error TS2339: Property 'totalAmount' does not exist on type '{ exchangeRate?: number | null | undefined; taxRate?: number | null | undefined; depositAmount?: number | null | undefined; depositPercentage?: number | null | undefined; viewCount?: number | ... 1 more ... | undefined; version?: number | ... 1 more ... | undefined; estimatedValue?: number | ... 1 more ... | undefin...'.
src/modules/api/public-api.controller.ts(457,23): error TS2339: Property 'rateLimit' does not exist on type '{ userId: string; user: any; permissions: ApiKeyPermission[]; rateLimit: any; } | { userId: any; permissions: ApiKeyPermission[]; }'.
  Property 'rateLimit' does not exist on type '{ userId: any; permissions: ApiKeyPermission[]; }'.
src/modules/api/public-api.controller.ts(459,23): error TS2339: Property 'rateLimit' does not exist on type '{ userId: string; user: any; permissions: ApiKeyPermission[]; rateLimit: any; } | { userId: any; permissions: ApiKeyPermission[]; }'.
  Property 'rateLimit' does not exist on type '{ userId: any; permissions: ApiKeyPermission[]; }'.
src/modules/api/webhooks.service.ts(36,9): error TS2353: Object literal may only specify known properties, and 'description' does not exist in type '(Without<WebhookCreateInput, WebhookUncheckedCreateInput> & WebhookUncheckedCreateInput) | (Without<...> & WebhookCreateInput)'.
src/modules/api/webhooks.service.ts(57,9): error TS2353: Object literal may only specify known properties, and 'description' does not exist in type 'WebhookSelect<DefaultArgs>'.
src/modules/api/webhooks.service.ts(104,9): error TS2561: Object literal may only specify known properties, but 'isActive' does not exist in type '(Without<WebhookUpdateInput, WebhookUncheckedUpdateInput> & WebhookUncheckedUpdateInput) | (Without<...> & WebhookUpdateInput)'. Did you mean to write 'active'?
src/modules/api/webhooks.service.ts(162,9): error TS2561: Object literal may only specify known properties, but 'isActive' does not exist in type 'WebhookWhereInput'. Did you mean to write 'active'?
src/modules/api/webhooks.service.ts(223,9): error TS2353: Object literal may only specify known properties, and 'response' does not exist in type '(Without<WebhookDeliveryCreateInput, WebhookDeliveryUncheckedCreateInput> & WebhookDeliveryUncheckedCreateInput) | (Without<...> & WebhookDeliveryCreateInput)'.
src/modules/api/webhooks.service.ts(234,9): error TS2322: Type '{ successCount: { increment: number; }; lastTriggeredAt: Date; } | { failureCount: { increment: number; }; lastTriggeredAt: Date; }' is not assignable to type '(Without<WebhookUpdateInput, WebhookUncheckedUpdateInput> & WebhookUncheckedUpdateInput) | (Without<...> & WebhookUpdateInput)'.
  Object literal may only specify known properties, and 'lastTriggeredAt' does not exist in type '(Without<WebhookUpdateInput, WebhookUncheckedUpdateInput> & WebhookUncheckedUpdateInput) | (Without<...> & WebhookUpdateInput)'.
src/modules/api/webhooks.service.ts(274,9): error TS2353: Object literal may only specify known properties, and 'nextRetryAt' does not exist in type '(Without<WebhookDeliveryUpdateInput, WebhookDeliveryUncheckedUpdateInput> & WebhookDeliveryUncheckedUpdateInput) | (Without<...> & WebhookDeliveryUpdateInput)'.
src/modules/api/webhooks.service.ts(299,9): error TS2353: Object literal may only specify known properties, and 'success' does not exist in type 'WebhookDeliverySelect<DefaultArgs>'.
src/modules/api/webhooks.service.ts(341,9): error TS2353: Object literal may only specify known properties, and 'success' does not exist in type 'WebhookDeliveryWhereInput'.
src/modules/api/webhooks.service.ts(349,21): error TS2551: Property 'webhook' does not exist on type '{ id: string; createdAt: Date; webhookId: string; event: string; payload: JsonValue; statusCode: number | null; attempts: number; lastAttempt: Date | null; }'. Did you mean 'webhookId'?
src/modules/api/webhooks.service.ts(353,55): error TS2551: Property 'webhook' does not exist on type '{ id: string; createdAt: Date; webhookId: string; event: string; payload: JsonValue; statusCode: number | null; attempts: number; lastAttempt: Date | null; }'. Did you mean 'webhookId'?
src/modules/api/webhooks.service.ts(360,42): error TS2551: Property 'webhook' does not exist on type '{ id: string; createdAt: Date; webhookId: string; event: string; payload: JsonValue; statusCode: number | null; attempts: number; lastAttempt: Date | null; }'. Did you mean 'webhookId'?
src/modules/api/webhooks.service.ts(383,11): error TS2353: Object literal may only specify known properties, and 'response' does not exist in type '(Without<WebhookDeliveryUpdateInput, WebhookDeliveryUncheckedUpdateInput> & WebhookDeliveryUncheckedUpdateInput) | (Without<...> & WebhookDeliveryUpdateInput)'.
src/modules/api/webhooks.service.ts(392,19): error TS2353: Object literal may only specify known properties, and 'successCount' does not exist in type '(Without<WebhookUpdateInput, WebhookUncheckedUpdateInput> & WebhookUncheckedUpdateInput) | (Without<...> & WebhookUpdateInput)'.
src/modules/approval-workflows/approval-workflows.service.ts(68,26): error TS2353: Object literal may only specify known properties, and 'isDefault' does not exist in type 'ApprovalWorkflowWhereInput'.
src/modules/approval-workflows/approval-workflows.service.ts(69,17): error TS2353: Object literal may only specify known properties, and 'isDefault' does not exist in type '(Without<ApprovalWorkflowUpdateManyMutationInput, ApprovalWorkflowUncheckedUpdateManyInput> & ApprovalWorkflowUncheckedUpdateManyInput) | (Without<...> & ApprovalWorkflowUpdateManyMutationInput)'.
src/modules/approval-workflows/approval-workflows.service.ts(77,9): error TS2353: Object literal may only specify known properties, and 'description' does not exist in type '(Without<ApprovalWorkflowCreateInput, ApprovalWorkflowUncheckedCreateInput> & ApprovalWorkflowUncheckedCreateInput) | (Without<...> & ApprovalWorkflowCreateInput)'.
src/modules/approval-workflows/approval-workflows.service.ts(125,26): error TS2353: Object literal may only specify known properties, and 'isDefault' does not exist in type 'ApprovalWorkflowWhereInput'.
src/modules/approval-workflows/approval-workflows.service.ts(126,17): error TS2353: Object literal may only specify known properties, and 'isDefault' does not exist in type '(Without<ApprovalWorkflowUpdateManyMutationInput, ApprovalWorkflowUncheckedUpdateManyInput> & ApprovalWorkflowUncheckedUpdateManyInput) | (Without<...> & ApprovalWorkflowUpdateManyMutationInput)'.
src/modules/approval-workflows/approval-workflows.service.ts(134,9): error TS2353: Object literal may only specify known properties, and 'description' does not exist in type '(Without<ApprovalWorkflowUpdateInput, ApprovalWorkflowUncheckedUpdateInput> & ApprovalWorkflowUncheckedUpdateInput) | (Without<...> & ApprovalWorkflowUpdateInput)'.
src/modules/approval-workflows/approval-workflows.service.ts(207,9): error TS2353: Object literal may only specify known properties, and 'submittedBy' does not exist in type '(Without<ProposalApprovalCreateInput, ProposalApprovalUncheckedCreateInput> & ProposalApprovalUncheckedCreateInput) | (Without<...> & ProposalApprovalCreateInput)'.
src/modules/approval-workflows/approval-workflows.service.ts(240,7): error TS2322: Type '{ workflow: true; }' is not assignable to type 'never'.
src/modules/approval-workflows/approval-workflows.service.ts(251,37): error TS2339: Property 'steps' does not exist on type 'never'.
src/modules/approval-workflows/approval-workflows.service.ts(252,64): error TS2339: Property 'currentStepOrder' does not exist on type '{ workflow: never; } & { id: string; createdAt: Date; status: string; proposalId: string; workflowId: string; approvalDate: Date | null; }'.
src/modules/approval-workflows/approval-workflows.service.ts(274,39): error TS2339: Property 'approvalRecords' does not exist on type '{ workflow: never; } & { id: string; createdAt: Date; status: string; proposalId: string; workflowId: string; approvalDate: Date | null; }'.
src/modules/approval-workflows/approval-workflows.service.ts(286,11): error TS2353: Object literal may only specify known properties, and 'approvalRecords' does not exist in type '(Without<ProposalApprovalUpdateInput, ProposalApprovalUncheckedUpdateInput> & ProposalApprovalUncheckedUpdateInput) | (Without<...> & ProposalApprovalUpdateInput)'.
src/modules/approval-workflows/approval-workflows.service.ts(306,13): error TS2353: Object literal may only specify known properties, and 'currentStepOrder' does not exist in type '(Without<ProposalApprovalUpdateInput, ProposalApprovalUncheckedUpdateInput> & ProposalApprovalUncheckedUpdateInput) | (Without<...> & ProposalApprovalUpdateInput)'.
src/modules/approval-workflows/approval-workflows.service.ts(321,13): error TS2353: Object literal may only specify known properties, and 'approvalRecords' does not exist in type '(Without<ProposalApprovalUpdateInput, ProposalApprovalUncheckedUpdateInput> & ProposalApprovalUncheckedUpdateInput) | (Without<...> & ProposalApprovalUpdateInput)'.
src/modules/approval-workflows/approval-workflows.service.ts(341,17): error TS2353: Object literal may only specify known properties, and 'approvalRecords' does not exist in type '(Without<ProposalApprovalUpdateInput, ProposalApprovalUncheckedUpdateInput> & ProposalApprovalUncheckedUpdateInput) | (Without<...> & ProposalApprovalUpdateInput)'.
src/modules/approval-workflows/approval-workflows.service.ts(356,7): error TS2322: Type '{ workflow: true; }' is not assignable to type 'never'.
src/modules/approval-workflows/approval-workflows.service.ts(368,37): error TS2339: Property 'steps' does not exist on type 'never'.
src/modules/approval-workflows/approval-workflows.service.ts(369,64): error TS2339: Property 'currentStepOrder' does not exist on type '{ workflow: never; } & { id: string; createdAt: Date; status: string; proposalId: string; workflowId: string; approvalDate: Date | null; }'.
src/modules/approval-workflows/approval-workflows.service.ts(382,9): error TS2322: Type 'Date | null' is not assignable to type 'string | Date'.
  Type 'null' is not assignable to type 'string | Date'.
src/modules/approval-workflows/approval-workflows.service.ts(407,7): error TS2322: Type '{ workflow: true; }' is not assignable to type 'never'.
src/modules/approval-workflows/approval-workflows.service.ts(418,9): error TS2561: Object literal may only specify known properties, but 'escalatedBy' does not exist in type '(Without<ApprovalEscalationCreateInput, ApprovalEscalationUncheckedCreateInput> & ApprovalEscalationUncheckedCreateInput) | (Without<...> & ApprovalEscalationCreateInput)'. Did you mean to write 'escalatedTo'?
src/modules/approval-workflows/approval-workflows.service.ts(451,13): error TS2561: Object literal may only specify known properties, but 'workflow' does not exist in type 'ProposalApprovalWhereInput'. Did you mean to write 'workflowId'?
src/modules/approval-workflows/approval-workflows.service.ts(452,13): error TS2353: Object literal may only specify known properties, and 'delegations' does not exist in type 'ProposalApprovalWhereInput'.
src/modules/approval-workflows/approval-workflows.service.ts(462,18): error TS2353: Object literal may only specify known properties, and 'submittedAt' does not exist in type 'ProposalApprovalOrderByWithRelationInput | ProposalApprovalOrderByWithRelationInput[]'.
src/modules/approval-workflows/approval-workflows.service.ts(467,30): error TS2551: Property 'workflow' does not exist on type '{ id: string; createdAt: Date; status: string; proposalId: string; workflowId: string; approvalDate: Date | null; }'. Did you mean 'workflowId'?
src/modules/approval-workflows/approval-workflows.service.ts(468,66): error TS2339: Property 'currentStepOrder' does not exist on type '{ id: string; createdAt: Date; status: string; proposalId: string; workflowId: string; approvalDate: Date | null; }'.
src/modules/approval-workflows/approval-workflows.service.ts(471,20): error TS2339: Property 'delegations' does not exist on type '{ id: string; createdAt: Date; status: string; proposalId: string; workflowId: string; approvalDate: Date | null; }'.
src/modules/approval-workflows/approval-workflows.service.ts(489,18): error TS2353: Object literal may only specify known properties, and 'submittedAt' does not exist in type 'ProposalApprovalOrderByWithRelationInput | ProposalApprovalOrderByWithRelationInput[]'.
src/modules/approval-workflows/approval-workflows.service.ts(513,7): error TS2322: Type '{ workflow: true; }' is not assignable to type 'never'.
src/modules/approval-workflows/approval-workflows.service.ts(517,39): error TS2339: Property 'steps' does not exist on type 'never'.
src/modules/approval-workflows/approval-workflows.service.ts(518,66): error TS2339: Property 'currentStepOrder' does not exist on type '{ workflow: never; } & { id: string; createdAt: Date; status: string; proposalId: string; workflowId: string; approvalDate: Date | null; }'.
src/modules/approval-workflows/approval-workflows.service.ts(537,24): error TS2561: Object literal may only specify known properties, but 'isActive' does not exist in type 'ApprovalWorkflowWhereInput'. Did you mean to write 'active'?
src/modules/approval-workflows/approval-workflows.service.ts(538,18): error TS2353: Object literal may only specify known properties, and 'isDefault' does not exist in type 'ApprovalWorkflowOrderByWithRelationInput | ApprovalWorkflowOrderByWithRelationInput[]'.
src/modules/approval-workflows/approval-workflows.service.ts(549,36): error TS2339: Property 'isDefault' does not exist on type '{ id: string; name: string; createdAt: Date; updatedAt: Date; userId: string; steps: JsonValue; active: boolean; }'.
src/modules/approval-workflows/approval-workflows.service.ts(604,16): error TS2322: Type 'null' is not assignable to type 'string | Date | DateTimeFilter<"ApprovalDelegation"> | undefined'.
src/modules/approval-workflows/approval-workflows.service.ts(671,9): error TS2353: Object literal may only specify known properties, and 'userId' does not exist in type '(Without<ApprovalAuditLogCreateInput, ApprovalAuditLogUncheckedCreateInput> & ApprovalAuditLogUncheckedCreateInput) | (Without<...> & ApprovalAuditLogCreateInput)'.
src/modules/bulk-operations/bulk-export.service.ts(6,30): error TS2307: Cannot find module 'pdfkit' or its corresponding type declarations.
src/modules/bulk-operations/bulk-export.service.ts(78,42): error TS2339: Property 'uploadBuffer' does not exist on type 'StorageService'.
src/modules/bulk-operations/bulk-export.service.ts(81,44): error TS2339: Property 'getSignedUrl' does not exist on type 'StorageService'.
src/modules/bulk-operations/bulk-export.service.ts(182,24): error TS2339: Property 'uploadBuffer' does not exist on type 'StorageService'.
src/modules/bulk-operations/bulk-export.service.ts(185,44): error TS2339: Property 'getSignedUrl' does not exist on type 'StorageService'.
src/modules/bulk-operations/bulk-operations.service.ts(46,9): error TS2353: Object literal may only specify known properties, and 'metadata' does not exist in type '(Without<BatchJobCreateInput, BatchJobUncheckedCreateInput> & BatchJobUncheckedCreateInput) | (Without<...> & BatchJobCreateInput)'.
src/modules/bulk-operations/bulk-operations.service.ts(90,35): error TS2339: Property 'sendProposalEmail' does not exist on type 'EmailService'.
src/modules/bulk-operations/bulk-operations.service.ts(117,9): error TS2561: Object literal may only specify known properties, but 'result' does not exist in type '(Without<BatchJobUpdateInput, BatchJobUncheckedUpdateInput> & BatchJobUncheckedUpdateInput) | (Without<...> & BatchJobUpdateInput)'. Did you mean to write 'results'?
src/modules/collaboration/collaboration.service.ts(57,11): error TS2353: Object literal may only specify known properties, and 'message' does not exist in type '(Without<CollaborationInvitationCreateInput, CollaborationInvitationUncheckedCreateInput> & CollaborationInvitationUncheckedCreateInput) | (Without<...> & CollaborationInvitationCreateInput)'.
src/modules/collaboration/collaboration.service.ts(81,9): error TS2353: Object literal may only specify known properties, and 'sectionPermissions' does not exist in type '(Without<ProposalCollaboratorCreateInput, ProposalCollaboratorUncheckedCreateInput> & ProposalCollaboratorUncheckedCreateInput) | (Without<...> & ProposalCollaboratorCreateInput)'.
src/modules/collaboration/collaboration.service.ts(98,7): error TS2322: Type '{ proposal: true; }' is not assignable to type 'never'.
src/modules/collaboration/collaboration.service.ts(101,48): error TS2339: Property 'userId' does not exist on type 'never'.
src/modules/collaboration/collaboration.service.ts(109,9): error TS2353: Object literal may only specify known properties, and 'sectionPermissions' does not exist in type '(Without<ProposalCollaboratorUpdateInput, ProposalCollaboratorUncheckedUpdateInput> & ProposalCollaboratorUncheckedUpdateInput) | (Without<...> & ProposalCollaboratorUpdateInput)'.
src/modules/collaboration/collaboration.service.ts(122,7): error TS2322: Type '{ proposal: true; }' is not assignable to type 'never'.
src/modules/collaboration/collaboration.service.ts(125,48): error TS2339: Property 'userId' does not exist on type 'never'.
src/modules/collaboration/collaboration.service.ts(145,7): error TS2322: Type '{ user: { select: { id: true; email: true; firstName: true; lastName: true; }; }; }' is not assignable to type 'never'.
src/modules/collaboration/collaboration.service.ts(168,9): error TS2353: Object literal may only specify known properties, and 'name' does not exist in type '(Without<ReviewCycleCreateInput, ReviewCycleUncheckedCreateInput> & ReviewCycleUncheckedCreateInput) | (Without<...> & ReviewCycleCreateInput)'.
src/modules/collaboration/collaboration.service.ts(199,16): error TS2561: Object literal may only specify known properties, but 'reviewCycleId' does not exist in type 'ReviewCycleReviewerWhereInput'. Did you mean to write 'reviewerId'?
src/modules/collaboration/collaboration.service.ts(207,18): error TS2339: Property 'decision' does not exist on type '{ id: string; createdAt: Date; status: string; reviewerId: string; cycleId: string; feedback: string | null; reviewedAt: Date | null; }'.
src/modules/collaboration/collaboration.service.ts(215,9): error TS2353: Object literal may only specify known properties, and 'decision' does not exist in type '(Without<ReviewCycleReviewerUpdateInput, ReviewCycleReviewerUncheckedUpdateInput> & ReviewCycleReviewerUncheckedUpdateInput) | (Without<...> & ReviewCycleReviewerUpdateInput)'.
src/modules/collaboration/collaboration.service.ts(233,7): error TS2322: Type '{ reviewers: true; }' is not assignable to type 'never'.
src/modules/collaboration/collaboration.service.ts(238,41): error TS2339: Property 'every' does not exist on type 'never'.
src/modules/collaboration/collaboration.service.ts(242,8): error TS2339: Property 'filter' does not exist on type 'never'.
src/modules/collaboration/collaboration.service.ts(245,49): error TS2339: Property 'some' does not exist on type 'never'.
src/modules/collaboration/collaboration.service.ts(250,15): error TS2339: Property 'requireAllApprovals' does not exist on type '{ reviewers: never; } & { id: string; createdAt: Date; status: string; proposalId: string; reviewersCount: number; approvedCount: number; completedAt: Date | null; }'.
src/modules/collaboration/collaboration.service.ts(275,7): error TS2322: Type '{ reviewers: { include: { user: { select: { id: true; email: true; firstName: true; lastName: true; }; }; }; }; createdBy: { select: { id: true; firstName: true; lastName: true; }; }; }' is not assignable to type 'never'.
src/modules/collaboration/collaboration.service.ts(301,9): error TS2353: Object literal may only specify known properties, and 'content' does not exist in type '(Without<ProposalCommentCreateInput, ProposalCommentUncheckedCreateInput> & ProposalCommentUncheckedCreateInput) | (Without<...> & ProposalCommentCreateInput)'.
src/modules/collaboration/collaboration.service.ts(335,9): error TS2353: Object literal may only specify known properties, and 'content' does not exist in type '(Without<ProposalCommentUpdateInput, ProposalCommentUncheckedUpdateInput> & ProposalCommentUncheckedUpdateInput) | (Without<...> & ProposalCommentUpdateInput)'.
src/modules/collaboration/collaboration.service.ts(369,7): error TS2322: Type '{ proposal: true; }' is not assignable to type 'never'.
src/modules/collaboration/collaboration.service.ts(382,9): error TS2561: Object literal may only specify known properties, but 'resolvedById' does not exist in type '(Without<ProposalCommentUpdateInput, ProposalCommentUncheckedUpdateInput> & ProposalCommentUncheckedUpdateInput) | (Without<...> & ProposalCommentUpdateInput)'. Did you mean to write 'resolved'?
src/modules/collaboration/collaboration.service.ts(402,7): error TS2322: Type '{ user: { select: { id: true; email: true; firstName: true; lastName: true; }; }; replies: { include: { user: { select: { id: true; email: true; firstName: true; lastName: true; }; }; }; }; resolvedBy: { select: { id: true; firstName: true; lastName: true; }; }; }' is not assignable to type 'never'.
src/modules/collaboration/collaboration.service.ts(428,9): error TS2353: Object literal may only specify known properties, and 'sectionId' does not exist in type '(Without<ProposalSuggestionCreateInput, ProposalSuggestionUncheckedCreateInput> & ProposalSuggestionUncheckedCreateInput) | (Without<...> & ProposalSuggestionCreateInput)'.
src/modules/collaboration/collaboration.service.ts(449,7): error TS2322: Type '{ proposal: true; }' is not assignable to type 'never'.
src/modules/collaboration/collaboration.service.ts(463,9): error TS2353: Object literal may only specify known properties, and 'respondedById' does not exist in type '(Without<ProposalSuggestionUpdateInput, ProposalSuggestionUncheckedUpdateInput> & ProposalSuggestionUncheckedUpdateInput) | (Without<...> & ProposalSuggestionUpdateInput)'.
src/modules/collaboration/collaboration.service.ts(487,31): error TS2339: Property 'content' does not exist on type '{ id: string; slug: string; createdAt: Date; updatedAt: Date; userId: string; title: string; status: ProposalStatus; recipientEmail: string | null; recipientName: string | null; ... 30 more ...; estimatedValue: number | null; }'.
src/modules/collaboration/collaboration.service.ts(493,17): error TS2353: Object literal may only specify known properties, and 'content' does not exist in type '(Without<ProposalUpdateInput, ProposalUncheckedUpdateInput> & ProposalUncheckedUpdateInput) | (Without<...> & ProposalUpdateInput)'.
src/modules/collaboration/collaboration.service.ts(509,7): error TS2322: Type '{ user: { select: { id: true; email: true; firstName: true; lastName: true; }; }; respondedBy: { select: { id: true; firstName: true; lastName: true; }; }; }' is not assignable to type 'never'.
src/modules/collaboration/collaboration.service.ts(530,9): error TS2353: Object literal may only specify known properties, and 'trackingMode' does not exist in type '(Without<ProposalUpdateInput, ProposalUncheckedUpdateInput> & ProposalUncheckedUpdateInput) | (Without<...> & ProposalUpdateInput)'.
src/modules/collaboration/collaboration.service.ts(544,28): error TS2353: Object literal may only specify known properties, and 'status' does not exist in type 'ProposalChangeWhereInput'.
src/modules/collaboration/collaboration.service.ts(573,11): error TS2353: Object literal may only specify known properties, and 'status' does not exist in type '(Without<ProposalChangeUpdateInput, ProposalChangeUncheckedUpdateInput> & ProposalChangeUncheckedUpdateInput) | (Without<...> & ProposalChangeUpdateInput)'.
src/modules/crm-integrations/crm-integrations.module.ts(2,28): error TS2307: Cannot find module '@nestjs/axios' or its corresponding type declarations.
src/modules/crm-integrations/crm-integrations.service.ts(51,30): error TS2769: No overload matches this call.
  Overload 1 of 4, '(iterable?: Iterable<readonly [CrmProvider, HubspotService]> | null | undefined): Map<CrmProvider, HubspotService>', gave the following error.
    Argument of type '([CrmProvider.HUBSPOT, HubspotService] | [CrmProvider.SALESFORCE, SalesforceService] | [CrmProvider.PIPEDRIVE, PipedriveService] | [...])[]' is not assignable to parameter of type 'Iterable<readonly [CrmProvider, HubspotService]>'.
      The types returned by '[Symbol.iterator]().next(...)' are incompatible between these types.
        Type 'IteratorResult<[CrmProvider.HUBSPOT, HubspotService] | [CrmProvider.SALESFORCE, SalesforceService] | [CrmProvider.PIPEDRIVE, PipedriveService] | [...], any>' is not assignable to type 'IteratorResult<readonly [CrmProvider, HubspotService], any>'.
          Type 'IteratorYieldResult<[CrmProvider.HUBSPOT, HubspotService] | [CrmProvider.SALESFORCE, SalesforceService] | [CrmProvider.PIPEDRIVE, PipedriveService] | [...]>' is not assignable to type 'IteratorResult<readonly [CrmProvider, HubspotService], any>'.
            Type 'IteratorYieldResult<[CrmProvider.HUBSPOT, HubspotService] | [CrmProvider.SALESFORCE, SalesforceService] | [CrmProvider.PIPEDRIVE, PipedriveService] | [...]>' is not assignable to type 'IteratorYieldResult<readonly [CrmProvider, HubspotService]>'.
              Type '[CrmProvider.HUBSPOT, HubspotService] | [CrmProvider.SALESFORCE, SalesforceService] | [CrmProvider.PIPEDRIVE, PipedriveService] | [...]' is not assignable to type 'readonly [CrmProvider, HubspotService]'.
                Type '[CrmProvider.SALESFORCE, SalesforceService]' is not assignable to type 'readonly [CrmProvider, HubspotService]'.
                  Type at position 1 in source is not compatible with type at position 1 in target.
                    Type 'SalesforceService' is missing the following properties from type 'HubspotService': baseUrl, getAccessToken
src/modules/crm-integrations/crm-integrations.service.ts(87,9): error TS2353: Object literal may only specify known properties, and 'tokenExpiresAt' does not exist in type '(Without<CrmIntegrationCreateInput, CrmIntegrationUncheckedCreateInput> & CrmIntegrationUncheckedCreateInput) | (Without<...> & CrmIntegrationCreateInput)'.
src/modules/crm-integrations/crm-integrations.service.ts(94,9): error TS2353: Object literal may only specify known properties, and 'tokenExpiresAt' does not exist in type '(Without<CrmIntegrationUpdateInput, CrmIntegrationUncheckedUpdateInput> & CrmIntegrationUncheckedUpdateInput) | (Without<...> & CrmIntegrationUpdateInput)'.
src/modules/crm-integrations/crm-integrations.service.ts(113,9): error TS2322: Type 'null' is not assignable to type 'string | StringFieldUpdateOperationsInput | undefined'.
src/modules/crm-integrations/crm-integrations.service.ts(122,24): error TS2353: Object literal may only specify known properties, and 'isActive' does not exist in type 'CrmIntegrationWhereInput'.
src/modules/crm-integrations/crm-integrations.service.ts(125,9): error TS2353: Object literal may only specify known properties, and 'isActive' does not exist in type 'CrmIntegrationSelect<DefaultArgs>'.
src/modules/crm-integrations/crm-integrations.service.ts(146,9): error TS2353: Object literal may only specify known properties, and 'syncConfig' does not exist in type '(Without<CrmIntegrationUpdateInput, CrmIntegrationUncheckedUpdateInput> & CrmIntegrationUncheckedUpdateInput) | (Without<...> & CrmIntegrationUpdateInput)'.
src/modules/crm-integrations/crm-integrations.service.ts(168,9): error TS2353: Object literal may only specify known properties, and 'stageMappings' does not exist in type '(Without<CrmIntegrationUpdateInput, CrmIntegrationUncheckedUpdateInput> & CrmIntegrationUncheckedUpdateInput) | (Without<...> & CrmIntegrationUpdateInput)'.
src/modules/crm-integrations/crm-integrations.service.ts(193,9): error TS2353: Object literal may only specify known properties, and 'userId_provider_externalId' does not exist in type 'CrmContactWhereUniqueInput'.
src/modules/crm-integrations/crm-integrations.service.ts(200,9): error TS2353: Object literal may only specify known properties, and 'userId' does not exist in type '(Without<CrmContactCreateInput, CrmContactUncheckedCreateInput> & CrmContactUncheckedCreateInput) | (Without<...> & CrmContactCreateInput)'.
src/modules/crm-integrations/crm-integrations.service.ts(212,9): error TS2353: Object literal may only specify known properties, and 'firstName' does not exist in type '(Without<CrmContactUpdateInput, CrmContactUncheckedUpdateInput> & CrmContactUncheckedUpdateInput) | (Without<...> & CrmContactUpdateInput)'.
src/modules/crm-integrations/crm-integrations.service.ts(252,9): error TS2353: Object literal may only specify known properties, and 'proposalId_provider' does not exist in type 'CrmDealLinkWhereUniqueInput'.
src/modules/crm-integrations/crm-integrations.service.ts(256,9): error TS2353: Object literal may only specify known properties, and 'provider' does not exist in type '(Without<CrmDealLinkCreateInput, CrmDealLinkUncheckedCreateInput> & CrmDealLinkUncheckedCreateInput) | (Without<...> & CrmDealLinkCreateInput)'.
src/modules/crm-integrations/crm-integrations.service.ts(271,9): error TS2353: Object literal may only specify known properties, and 'crmDealLinks' does not exist in type 'ProposalInclude<DefaultArgs>'.
src/modules/crm-integrations/crm-integrations.service.ts(275,32): error TS2339: Property 'crmDealLinks' does not exist on type '{ id: string; slug: string; createdAt: Date; updatedAt: Date; userId: string; title: string; status: ProposalStatus; recipientEmail: string | null; recipientName: string | null; ... 30 more ...; estimatedValue: number | null; }'.
src/modules/crm-integrations/crm-integrations.service.ts(286,33): error TS2339: Property 'crmDealLinks' does not exist on type '{ id: string; slug: string; createdAt: Date; updatedAt: Date; userId: string; title: string; status: ProposalStatus; recipientEmail: string | null; recipientName: string | null; ... 30 more ...; estimatedValue: number | null; }'.
src/modules/crm-integrations/crm-integrations.service.ts(297,27): error TS2339: Property 'stageMappings' does not exist on type '{ id: string; createdAt: Date; updatedAt: Date; userId: string; refreshToken: string | null; expiresAt: Date | null; provider: string; metadata: JsonValue; ... 4 more ...; lastSyncedAt: Date | null; }'.
src/modules/crm-integrations/crm-integrations.service.ts(299,43): error TS2339: Property 'stageMappings' does not exist on type '{ id: string; createdAt: Date; updatedAt: Date; userId: string; refreshToken: string | null; expiresAt: Date | null; provider: string; metadata: JsonValue; ... 4 more ...; lastSyncedAt: Date | null; }'.
src/modules/crm-integrations/crm-integrations.service.ts(379,9): error TS2353: Object literal may only specify known properties, and 'provider' does not exist in type '(Without<CrmDealLinkCreateInput, CrmDealLinkUncheckedCreateInput> & CrmDealLinkUncheckedCreateInput) | (Without<...> & CrmDealLinkCreateInput)'.
src/modules/crm-integrations/crm-integrations.service.ts(404,38): error TS2339: Property 'isActive' does not exist on type '{ id: string; createdAt: Date; updatedAt: Date; userId: string; refreshToken: string | null; expiresAt: Date | null; provider: string; metadata: JsonValue; ... 4 more ...; lastSyncedAt: Date | null; }'.
src/modules/crm-integrations/crm-integrations.service.ts(409,21): error TS2339: Property 'tokenExpiresAt' does not exist on type '{ id: string; createdAt: Date; updatedAt: Date; userId: string; refreshToken: string | null; expiresAt: Date | null; provider: string; metadata: JsonValue; ... 4 more ...; lastSyncedAt: Date | null; }'.
src/modules/crm-integrations/crm-integrations.service.ts(409,51): error TS2339: Property 'tokenExpiresAt' does not exist on type '{ id: string; createdAt: Date; updatedAt: Date; userId: string; refreshToken: string | null; expiresAt: Date | null; provider: string; metadata: JsonValue; ... 4 more ...; lastSyncedAt: Date | null; }'.
src/modules/crm-integrations/crm-sync.service.ts(141,9): error TS2353: Object literal may only specify known properties, and 'userId' does not exist in type 'CrmDealLinkWhereInput'.
src/modules/crm-integrations/crm-sync.service.ts(145,18): error TS2353: Object literal may only specify known properties, and 'proposal' does not exist in type 'CrmDealLinkInclude<DefaultArgs>'.
src/modules/crm-integrations/crm-sync.service.ts(156,24): error TS2339: Property 'stageMappings' does not exist on type '{ id: string; createdAt: Date; updatedAt: Date; userId: string; refreshToken: string | null; expiresAt: Date | null; provider: string; metadata: JsonValue; ... 4 more ...; lastSyncedAt: Date | null; }'.
src/modules/crm-integrations/crm-sync.service.ts(157,38): error TS2339: Property 'stageMappings' does not exist on type '{ id: string; createdAt: Date; updatedAt: Date; userId: string; refreshToken: string | null; expiresAt: Date | null; provider: string; metadata: JsonValue; ... 4 more ...; lastSyncedAt: Date | null; }'.
src/modules/crm-integrations/crm-sync.service.ts(181,9): error TS2353: Object literal may only specify known properties, and 'userId' does not exist in type 'CrmContactWhereInput'.
src/modules/crm-integrations/crm-sync.service.ts(232,9): error TS2353: Object literal may only specify known properties, and 'userId' does not exist in type 'CrmDealLinkWhereInput'.
src/modules/crm-integrations/crm-sync.service.ts(289,11): error TS2353: Object literal may only specify known properties, and 'userId' does not exist in type 'CrmDealLinkWhereInput'.
src/modules/crm-integrations/crm-sync.service.ts(300,26): error TS2339: Property 'stageMappings' does not exist on type '{ id: string; createdAt: Date; updatedAt: Date; userId: string; refreshToken: string | null; expiresAt: Date | null; provider: string; metadata: JsonValue; ... 4 more ...; lastSyncedAt: Date | null; }'.
src/modules/crm-integrations/crm-sync.service.ts(301,40): error TS2339: Property 'stageMappings' does not exist on type '{ id: string; createdAt: Date; updatedAt: Date; userId: string; refreshToken: string | null; expiresAt: Date | null; provider: string; metadata: JsonValue; ... 4 more ...; lastSyncedAt: Date | null; }'.
src/modules/crm-integrations/crm-sync.service.ts(318,9): error TS2353: Object literal may only specify known properties, and 'userId' does not exist in type 'CrmDealLinkWhereInput'.
src/modules/crm-integrations/crm-sync.service.ts(366,9): error TS2353: Object literal may only specify known properties, and 'userId' does not exist in type 'CrmDealLinkWhereInput'.
src/modules/crm-integrations/crm-sync.service.ts(379,24): error TS2339: Property 'stageMappings' does not exist on type '{ id: string; createdAt: Date; updatedAt: Date; userId: string; refreshToken: string | null; expiresAt: Date | null; provider: string; metadata: JsonValue; ... 4 more ...; lastSyncedAt: Date | null; }'.
src/modules/crm-integrations/crm-sync.service.ts(380,38): error TS2339: Property 'stageMappings' does not exist on type '{ id: string; createdAt: Date; updatedAt: Date; userId: string; refreshToken: string | null; expiresAt: Date | null; provider: string; metadata: JsonValue; ... 4 more ...; lastSyncedAt: Date | null; }'.
src/modules/crm-integrations/crm-sync.service.ts(396,9): error TS2353: Object literal may only specify known properties, and 'userId' does not exist in type 'CrmDealLinkWhereInput'.
src/modules/crm-integrations/crm-sync.service.ts(447,9): error TS2353: Object literal may only specify known properties, and 'userId' does not exist in type 'CrmDealLinkWhereInput'.
src/modules/crm-integrations/crm-sync.service.ts(460,24): error TS2339: Property 'stageMappings' does not exist on type '{ id: string; createdAt: Date; updatedAt: Date; userId: string; refreshToken: string | null; expiresAt: Date | null; provider: string; metadata: JsonValue; ... 4 more ...; lastSyncedAt: Date | null; }'.
src/modules/crm-integrations/crm-sync.service.ts(461,38): error TS2339: Property 'stageMappings' does not exist on type '{ id: string; createdAt: Date; updatedAt: Date; userId: string; refreshToken: string | null; expiresAt: Date | null; provider: string; metadata: JsonValue; ... 4 more ...; lastSyncedAt: Date | null; }'.
src/modules/crm-integrations/crm-sync.service.ts(477,9): error TS2353: Object literal may only specify known properties, and 'userId' does not exist in type 'CrmDealLinkWhereInput'.
src/modules/crm-integrations/crm-sync.service.ts(492,9): error TS2353: Object literal may only specify known properties, and 'provider' does not exist in type '(Without<CrmWebhookLogCreateInput, CrmWebhookLogUncheckedCreateInput> & CrmWebhookLogUncheckedCreateInput) | (Without<...> & CrmWebhookLogCreateInput)'.
src/modules/crm-integrations/crm-webhook.controller.ts(36,57): error TS2345: Argument of type 'string | undefined' is not assignable to parameter of type 'string'.
  Type 'undefined' is not assignable to type 'string'.
src/modules/crm-integrations/providers/hubspot.service.ts(2,29): error TS2307: Cannot find module '@nestjs/axios' or its corresponding type declarations.
src/modules/crm-integrations/providers/hubspot.service.ts(57,57): error TS18046: 'response' is of type 'unknown'.
src/modules/crm-integrations/providers/hubspot.service.ts(71,19): error TS18046: 'accountInfo' is of type 'unknown'.
src/modules/crm-integrations/providers/hubspot.service.ts(103,57): error TS18046: 'response' is of type 'unknown'.
src/modules/crm-integrations/providers/hubspot.service.ts(110,9): error TS2353: Object literal may only specify known properties, and 'tokenExpiresAt' does not exist in type '(Without<CrmIntegrationUpdateInput, CrmIntegrationUncheckedUpdateInput> & CrmIntegrationUncheckedUpdateInput) | (Without<...> & CrmIntegrationUpdateInput)'.
src/modules/crm-integrations/providers/hubspot.service.ts(143,12): error TS18046: 'response' is of type 'unknown'.
src/modules/crm-integrations/providers/hubspot.service.ts(166,21): error TS18046: 'response' is of type 'unknown'.
src/modules/crm-integrations/providers/hubspot.service.ts(201,11): error TS18046: 'response' is of type 'unknown'.
src/modules/crm-integrations/providers/hubspot.service.ts(202,14): error TS18046: 'response' is of type 'unknown'.
src/modules/crm-integrations/providers/hubspot.service.ts(203,18): error TS18046: 'response' is of type 'unknown'.
src/modules/crm-integrations/providers/hubspot.service.ts(204,17): error TS18046: 'response' is of type 'unknown'.
src/modules/crm-integrations/providers/hubspot.service.ts(205,16): error TS18046: 'response' is of type 'unknown'.
src/modules/crm-integrations/providers/hubspot.service.ts(206,14): error TS18046: 'response' is of type 'unknown'.
src/modules/crm-integrations/providers/hubspot.service.ts(238,11): error TS18046: 'response' is of type 'unknown'.
src/modules/crm-integrations/providers/hubspot.service.ts(239,14): error TS18046: 'response' is of type 'unknown'.
src/modules/crm-integrations/providers/hubspot.service.ts(240,18): error TS18046: 'response' is of type 'unknown'.
src/modules/crm-integrations/providers/hubspot.service.ts(241,17): error TS18046: 'response' is of type 'unknown'.
src/modules/crm-integrations/providers/hubspot.service.ts(242,16): error TS18046: 'response' is of type 'unknown'.
src/modules/crm-integrations/providers/hubspot.service.ts(243,14): error TS18046: 'response' is of type 'unknown'.
src/modules/crm-integrations/providers/hubspot.service.ts(261,12): error TS18046: 'response' is of type 'unknown'.
src/modules/crm-integrations/providers/hubspot.service.ts(283,11): error TS18046: 'response' is of type 'unknown'.
src/modules/crm-integrations/providers/hubspot.service.ts(284,13): error TS18046: 'response' is of type 'unknown'.
src/modules/crm-integrations/providers/hubspot.service.ts(285,14): error TS18046: 'response' is of type 'unknown'.
src/modules/crm-integrations/providers/hubspot.service.ts(286,26): error TS18046: 'response' is of type 'unknown'.
src/modules/crm-integrations/providers/hubspot.service.ts(287,21): error TS18046: 'response' is of type 'unknown'.
src/modules/crm-integrations/providers/hubspot.service.ts(312,11): error TS18046: 'response' is of type 'unknown'.
src/modules/crm-integrations/providers/hubspot.service.ts(313,13): error TS18046: 'response' is of type 'unknown'.
src/modules/crm-integrations/providers/hubspot.service.ts(314,14): error TS18046: 'response' is of type 'unknown'.
src/modules/crm-integrations/providers/hubspot.service.ts(315,26): error TS18046: 'response' is of type 'unknown'.
src/modules/crm-integrations/providers/hubspot.service.ts(341,11): error TS18046: 'response' is of type 'unknown'.
src/modules/crm-integrations/providers/hubspot.service.ts(342,13): error TS18046: 'response' is of type 'unknown'.
src/modules/crm-integrations/providers/hubspot.service.ts(343,14): error TS18046: 'response' is of type 'unknown'.
src/modules/crm-integrations/providers/hubspot.service.ts(344,26): error TS18046: 'response' is of type 'unknown'.
src/modules/crm-integrations/providers/hubspot.service.ts(358,28): error TS18046: 'response' is of type 'unknown'.
src/modules/crm-integrations/providers/pipedrive.service.ts(2,29): error TS2307: Cannot find module '@nestjs/axios' or its corresponding type declarations.
src/modules/crm-integrations/providers/pipedrive.service.ts(52,69): error TS18046: 'response' is of type 'unknown'.
src/modules/crm-integrations/providers/pipedrive.service.ts(67,20): error TS18046: 'userInfo' is of type 'unknown'.
src/modules/crm-integrations/providers/pipedrive.service.ts(68,24): error TS18046: 'userInfo' is of type 'unknown'.
src/modules/crm-integrations/providers/pipedrive.service.ts(102,69): error TS18046: 'response' is of type 'unknown'.
src/modules/crm-integrations/providers/pipedrive.service.ts(109,9): error TS2353: Object literal may only specify known properties, and 'tokenExpiresAt' does not exist in type '(Without<CrmIntegrationUpdateInput, CrmIntegrationUncheckedUpdateInput> & CrmIntegrationUncheckedUpdateInput) | (Without<...> & CrmIntegrationUpdateInput)'.
src/modules/crm-integrations/providers/pipedrive.service.ts(146,13): error TS18046: 'response' is of type 'unknown'.
src/modules/crm-integrations/providers/pipedrive.service.ts(165,20): error TS18046: 'response' is of type 'unknown'.
src/modules/crm-integrations/providers/pipedrive.service.ts(193,20): error TS18046: 'response' is of type 'unknown'.
src/modules/crm-integrations/providers/pipedrive.service.ts(240,13): error TS18046: 'response' is of type 'unknown'.
src/modules/crm-integrations/providers/pipedrive.service.ts(258,18): error TS18046: 'response' is of type 'unknown'.
src/modules/crm-integrations/providers/pipedrive.service.ts(287,25): error TS18046: 'response' is of type 'unknown'.
src/modules/crm-integrations/providers/pipedrive.service.ts(322,13): error TS18046: 'response' is of type 'unknown'.
src/modules/crm-integrations/providers/salesforce.service.ts(2,29): error TS2307: Cannot find module '@nestjs/axios' or its corresponding type declarations.
src/modules/crm-integrations/providers/salesforce.service.ts(49,63): error TS18046: 'response' is of type 'unknown'.
src/modules/crm-integrations/providers/salesforce.service.ts(64,25): error TS18046: 'identityResponse' is of type 'unknown'.
src/modules/crm-integrations/providers/salesforce.service.ts(65,17): error TS18046: 'identityResponse' is of type 'unknown'.
src/modules/crm-integrations/providers/salesforce.service.ts(97,44): error TS18046: 'response' is of type 'unknown'.
src/modules/crm-integrations/providers/salesforce.service.ts(103,9): error TS2353: Object literal may only specify known properties, and 'tokenExpiresAt' does not exist in type '(Without<CrmIntegrationUpdateInput, CrmIntegrationUncheckedUpdateInput> & CrmIntegrationUncheckedUpdateInput) | (Without<...> & CrmIntegrationUpdateInput)'.
src/modules/crm-integrations/providers/salesforce.service.ts(142,12): error TS18046: 'response' is of type 'unknown'.
src/modules/crm-integrations/providers/salesforce.service.ts(162,11): error TS18046: 'response' is of type 'unknown'.
src/modules/crm-integrations/providers/salesforce.service.ts(163,14): error TS18046: 'response' is of type 'unknown'.
src/modules/crm-integrations/providers/salesforce.service.ts(164,18): error TS18046: 'response' is of type 'unknown'.
src/modules/crm-integrations/providers/salesforce.service.ts(165,17): error TS18046: 'response' is of type 'unknown'.
src/modules/crm-integrations/providers/salesforce.service.ts(166,16): error TS18046: 'response' is of type 'unknown'.
src/modules/crm-integrations/providers/salesforce.service.ts(167,14): error TS18046: 'response' is of type 'unknown'.
src/modules/crm-integrations/providers/salesforce.service.ts(190,11): error TS18046: 'response' is of type 'unknown'.
src/modules/crm-integrations/providers/salesforce.service.ts(236,12): error TS18046: 'response' is of type 'unknown'.
src/modules/crm-integrations/providers/salesforce.service.ts(254,11): error TS18046: 'response' is of type 'unknown'.
src/modules/crm-integrations/providers/salesforce.service.ts(255,13): error TS18046: 'response' is of type 'unknown'.
src/modules/crm-integrations/providers/salesforce.service.ts(256,14): error TS18046: 'response' is of type 'unknown'.
src/modules/crm-integrations/providers/salesforce.service.ts(257,15): error TS18046: 'response' is of type 'unknown'.
src/modules/crm-integrations/providers/salesforce.service.ts(281,11): error TS18046: 'response' is of type 'unknown'.
src/modules/crm-integrations/providers/salesforce.service.ts(318,24): error TS18046: 'response' is of type 'unknown'.
src/modules/crm-integrations/providers/zoho.service.ts(2,29): error TS2307: Cannot find module '@nestjs/axios' or its corresponding type declarations.
src/modules/crm-integrations/providers/zoho.service.ts(46,69): error TS18046: 'response' is of type 'unknown'.
src/modules/crm-integrations/providers/zoho.service.ts(61,24): error TS18046: 'orgResponse' is of type 'unknown'.
src/modules/crm-integrations/providers/zoho.service.ts(62,25): error TS18046: 'orgResponse' is of type 'unknown'.
src/modules/crm-integrations/providers/zoho.service.ts(90,54): error TS18046: 'response' is of type 'unknown'.
src/modules/crm-integrations/providers/zoho.service.ts(96,9): error TS2353: Object literal may only specify known properties, and 'tokenExpiresAt' does not exist in type '(Without<CrmIntegrationUpdateInput, CrmIntegrationUncheckedUpdateInput> & CrmIntegrationUncheckedUpdateInput) | (Without<...> & CrmIntegrationUpdateInput)'.
src/modules/crm-integrations/providers/zoho.service.ts(137,13): error TS18046: 'response' is of type 'unknown'.
src/modules/crm-integrations/providers/zoho.service.ts(156,21): error TS18046: 'response' is of type 'unknown'.
src/modules/crm-integrations/providers/zoho.service.ts(189,28): error TS18046: 'response' is of type 'unknown'.
src/modules/crm-integrations/providers/zoho.service.ts(241,13): error TS18046: 'response' is of type 'unknown'.
src/modules/crm-integrations/providers/zoho.service.ts(259,18): error TS18046: 'response' is of type 'unknown'.
src/modules/crm-integrations/providers/zoho.service.ts(292,25): error TS18046: 'response' is of type 'unknown'.
src/modules/crm-integrations/providers/zoho.service.ts(335,28): error TS18046: 'response' is of type 'unknown'.
src/modules/custom-fields/custom-fields.service.ts(28,16): error TS2353: Object literal may only specify known properties, and 'teamId' does not exist in type 'CustomFieldDefinitionWhereInput'.
src/modules/custom-fields/custom-fields.service.ts(37,16): error TS2353: Object literal may only specify known properties, and 'teamId' does not exist in type 'CustomFieldDefinitionWhereInput'.
src/modules/custom-fields/custom-fields.service.ts(38,15): error TS2353: Object literal may only specify known properties, and 'order' does not exist in type 'CustomFieldDefinitionMaxAggregateInputType'.
src/modules/custom-fields/custom-fields.service.ts(49,9): error TS2322: Type 'string | undefined' is not assignable to type 'string'.
  Type 'undefined' is not assignable to type 'string'.
src/modules/custom-fields/custom-fields.service.ts(52,30): error TS18048: 'maxOrder._max' is possibly 'undefined'.
src/modules/custom-fields/custom-fields.service.ts(52,44): error TS2339: Property 'order' does not exist on type '{ id?: string | null | undefined; groupId?: string | null | undefined; name?: string | null | undefined; type?: string | null | undefined; required?: boolean | null | undefined; createdAt?: Date | ... 1 more ... | undefined; }'.
src/modules/custom-fields/custom-fields.service.ts(71,29): error TS2353: Object literal may only specify known properties, and 'teamId' does not exist in type 'CustomFieldDefinitionWhereInput'.
src/modules/custom-fields/custom-fields.service.ts(81,9): error TS2353: Object literal may only specify known properties, and 'label' does not exist in type '(Without<CustomFieldDefinitionUpdateInput, CustomFieldDefinitionUncheckedUpdateInput> & CustomFieldDefinitionUncheckedUpdateInput) | (Without<...> & CustomFieldDefinitionUpdateInput)'.
src/modules/custom-fields/custom-fields.service.ts(104,29): error TS2353: Object literal may only specify known properties, and 'teamId' does not exist in type 'CustomFieldDefinitionWhereInput'.
src/modules/custom-fields/custom-fields.service.ts(132,39): error TS2353: Object literal may only specify known properties, and 'order' does not exist in type 'CustomFieldDefinitionOrderByWithRelationInput'.
src/modules/custom-fields/custom-fields.service.ts(147,22): error TS2353: Object literal may only specify known properties, and 'teamId' does not exist in type 'CustomFieldDefinitionWhereInput'.
src/modules/custom-fields/custom-fields.service.ts(148,17): error TS2353: Object literal may only specify known properties, and 'order' does not exist in type '(Without<CustomFieldDefinitionUpdateManyMutationInput, CustomFieldDefinitionUncheckedUpdateManyInput> & CustomFieldDefinitionUncheckedUpdateManyInput) | (Without<...> & CustomFieldDefinitionUpdateManyMutationInput)'.
src/modules/custom-fields/custom-fields.service.ts(163,16): error TS2353: Object literal may only specify known properties, and 'teamId' does not exist in type 'CustomFieldGroupWhereInput'.
src/modules/custom-fields/custom-fields.service.ts(169,9): error TS2353: Object literal may only specify known properties, and 'teamId' does not exist in type '(Without<CustomFieldGroupCreateInput, CustomFieldGroupUncheckedCreateInput> & CustomFieldGroupUncheckedCreateInput) | (Without<...> & CustomFieldGroupCreateInput)'.
src/modules/custom-fields/custom-fields.service.ts(173,30): error TS18048: 'maxOrder._max' is possibly 'undefined'.
src/modules/custom-fields/custom-fields.service.ts(187,29): error TS2353: Object literal may only specify known properties, and 'teamId' does not exist in type 'CustomFieldGroupWhereInput'.
src/modules/custom-fields/custom-fields.service.ts(200,9): error TS2353: Object literal may only specify known properties, and 'collapsible' does not exist in type '(Without<CustomFieldGroupUpdateInput, CustomFieldGroupUncheckedUpdateInput> & CustomFieldGroupUncheckedUpdateInput) | (Without<...> & CustomFieldGroupUpdateInput)'.
src/modules/custom-fields/custom-fields.service.ts(213,29): error TS2353: Object literal may only specify known properties, and 'teamId' does not exist in type 'CustomFieldGroupWhereInput'.
src/modules/custom-fields/custom-fields.service.ts(223,15): error TS2322: Type 'null' is not assignable to type 'string | StringFieldUpdateOperationsInput | undefined'.
src/modules/custom-fields/custom-fields.service.ts(243,7): error TS2322: Type '{ fields: { where: { isActive: true; }; orderBy: { order: string; }; }; }' is not assignable to type 'never'.
src/modules/custom-fields/custom-fields.service.ts(261,33): error TS2353: Object literal may only specify known properties, and 'teamId' does not exist in type 'CustomFieldDefinitionWhereInput'.
src/modules/custom-fields/custom-fields.service.ts(274,9): error TS2353: Object literal may only specify known properties, and 'fieldId_entityId' does not exist in type 'CustomFieldValueWhereUniqueInput'.
src/modules/custom-fields/custom-fields.service.ts(282,9): error TS2353: Object literal may only specify known properties, and 'scope' does not exist in type '(Without<CustomFieldValueCreateInput, CustomFieldValueUncheckedCreateInput> & CustomFieldValueUncheckedCreateInput) | (Without<...> & CustomFieldValueCreateInput)'.
src/modules/custom-fields/custom-fields.service.ts(298,16): error TS2353: Object literal may only specify known properties, and 'teamId' does not exist in type 'CustomFieldDefinitionWhereInput'.
src/modules/custom-fields/custom-fields.service.ts(311,13): error TS2353: Object literal may only specify known properties, and 'fieldId_entityId' does not exist in type 'CustomFieldValueWhereUniqueInput'.
src/modules/custom-fields/custom-fields.service.ts(319,13): error TS2353: Object literal may only specify known properties, and 'scope' does not exist in type '(Without<CustomFieldValueCreateInput, CustomFieldValueUncheckedCreateInput> & CustomFieldValueUncheckedCreateInput) | (Without<...> & CustomFieldValueCreateInput)'.
src/modules/custom-fields/custom-fields.service.ts(325,22): error TS2345: Argument of type '{ id: string; createdAt: Date; fieldId: string; entityId: string; entityType: string; value: string; }' is not assignable to parameter of type 'never'.
src/modules/custom-fields/custom-fields.service.ts(337,26): error TS2353: Object literal may only specify known properties, and 'scope' does not exist in type 'CustomFieldValueWhereInput'.
src/modules/custom-fields/custom-fields.service.ts(346,18): error TS2551: Property 'field' does not exist on type '{ id: string; createdAt: Date; fieldId: string; entityId: string; entityType: string; value: string; }'. Did you mean 'fieldId'?
src/modules/custom-fields/custom-fields.service.ts(357,29): error TS2353: Object literal may only specify known properties, and 'teamId' does not exist in type 'CustomFieldDefinitionWhereInput'.
src/modules/custom-fields/custom-fields.service.ts(543,9): error TS2353: Object literal may only specify known properties, and 'teamId' does not exist in type '(Without<DynamicFormCreateInput, DynamicFormUncheckedCreateInput> & DynamicFormUncheckedCreateInput) | (Without<...> & DynamicFormCreateInput)'.
src/modules/custom-fields/custom-fields.service.ts(561,28): error TS2353: Object literal may only specify known properties, and 'teamId' does not exist in type 'DynamicFormWhereInput'.
src/modules/custom-fields/custom-fields.service.ts(570,31): error TS2551: Property 'fieldIds' does not exist on type '{ id: string; name: string; createdAt: Date; updatedAt: Date; userId: string; fields: JsonValue; }'. Did you mean 'fields'?
src/modules/custom-fields/custom-fields.service.ts(571,18): error TS2353: Object literal may only specify known properties, and 'order' does not exist in type 'CustomFieldDefinitionOrderByWithRelationInput | CustomFieldDefinitionOrderByWithRelationInput[]'.
src/modules/custom-fields/custom-fields.service.ts(606,26): error TS2561: Object literal may only specify known properties, but 'field' does not exist in type 'CustomFieldValueWhereInput'. Did you mean to write 'fieldId'?
src/modules/custom-fields/custom-fields.service.ts(612,17): error TS2551: Property 'field' does not exist on type '{ id: string; createdAt: Date; fieldId: string; entityId: string; entityType: string; value: string; }'. Did you mean 'fieldId'?
src/modules/heatmaps/click-tracking.service.ts(101,39): error TS2339: Property 'section' does not exist on type 'string | number | boolean | JsonObject | JsonArray'.
  Property 'section' does not exist on type 'string'.
src/modules/heatmaps/heatmaps.service.ts(183,45): error TS2339: Property 'section' does not exist on type 'string | number | boolean | JsonObject | JsonArray'.
  Property 'section' does not exist on type 'string'.
src/modules/heatmaps/heatmaps.service.ts(197,33): error TS2339: Property 'dwellTime' does not exist on type 'string | number | boolean | JsonObject | JsonArray'.
  Property 'dwellTime' does not exist on type 'string'.
src/modules/heatmaps/heatmaps.service.ts(198,51): error TS2339: Property 'dwellTime' does not exist on type 'string | number | boolean | JsonObject | JsonArray'.
  Property 'dwellTime' does not exist on type 'string'.
src/modules/heatmaps/heatmaps.service.ts(281,45): error TS2339: Property 'country' does not exist on type 'string | number | boolean | JsonObject | JsonArray'.
  Property 'country' does not exist on type 'string'.
src/modules/heatmaps/heatmaps.service.ts(293,44): error TS2339: Property 'deviceType' does not exist on type 'string | number | boolean | JsonObject | JsonArray'.
  Property 'deviceType' does not exist on type 'string'.
src/modules/heatmaps/predictive-scoring.service.ts(130,63): error TS2339: Property 'section' does not exist on type 'string | number | boolean | JsonObject | JsonArray'.
  Property 'section' does not exist on type 'string'.
src/modules/heatmaps/predictive-scoring.service.ts(137,51): error TS2339: Property 'deviceType' does not exist on type 'string | number | boolean | JsonObject | JsonArray'.
  Property 'deviceType' does not exist on type 'string'.
src/modules/i18n/dto/i18n.dto.ts(276,53): error TS2339: Property 'HE' does not exist on type 'typeof Language'.
src/modules/i18n/dto/i18n.dto.ts(276,66): error TS2339: Property 'FA' does not exist on type 'typeof Language'.
src/modules/i18n/dto/i18n.dto.ts(276,79): error TS2339: Property 'UR' does not exist on type 'typeof Language'.
src/modules/i18n/i18n.module.ts(3,28): error TS2307: Cannot find module '@nestjs/axios' or its corresponding type declarations.
src/modules/i18n/i18n.service.ts(44,11): error TS2367: This comparison appears to be unintentional because the types 'ProposalBlockType' and '"text"' have no overlap.
src/modules/i18n/i18n.service.ts(44,36): error TS2367: This comparison appears to be unintentional because the types 'ProposalBlockType' and '"heading"' have no overlap.
src/modules/i18n/i18n.service.ts(78,9): error TS2322: Type 'TranslationProvider | "google"' is not assignable to type 'TranslationProvider'.
  Type '"google"' is not assignable to type 'TranslationProvider'.
src/modules/i18n/i18n.service.ts(88,7): error TS2322: Type 'TranslationProvider | "google"' is not assignable to type 'TranslationProvider'.
  Type '"google"' is not assignable to type 'TranslationProvider'.
src/modules/i18n/i18n.service.ts(143,9): error TS2353: Object literal may only specify known properties, and 'localizationSettings' does not exist in type '(Without<UserUpdateInput, UserUncheckedUpdateInput> & UserUncheckedUpdateInput) | (Without<...> & UserUpdateInput)'.
src/modules/i18n/i18n.service.ts(161,17): error TS2353: Object literal may only specify known properties, and 'localizationSettings' does not exist in type 'UserSelect<DefaultArgs>'.
src/modules/i18n/i18n.service.ts(165,13): error TS2339: Property 'localizationSettings' does not exist on type '{ id: string; name: string | null; createdAt: Date; updatedAt: Date; role: UserRole; email: string; googleId: string | null; stripeCustomerId: string | null; stripeSubscriptionId: string | null; ... 16 more ...; lastLoginAt: Date | null; }'.
src/modules/i18n/i18n.service.ts(196,11): error TS2367: This comparison appears to be unintentional because the types 'ProposalBlockType' and '"pricing"' have no overlap.
src/modules/i18n/i18n.service.ts(218,11): error TS2304: Cannot find name 'content'.
src/modules/i18n/i18n.service.ts(218,27): error TS2304: Cannot find name 'content'.
src/modules/i18n/i18n.service.ts(218,46): error TS2304: Cannot find name 'content'.
src/modules/i18n/i18n.service.ts(221,13): error TS2304: Cannot find name 'content'.
src/modules/i18n/i18n.service.ts(222,11): error TS2304: Cannot find name 'content'.
src/modules/i18n/i18n.service.ts(222,64): error TS2304: Cannot find name 'content'.
src/modules/i18n/i18n.service.ts(247,9): error TS2353: Object literal may only specify known properties, and 'clientId' does not exist in type '(Without<ProposalCreateInput, ProposalUncheckedCreateInput> & ProposalUncheckedCreateInput) | (Without<...> & ProposalCreateInput)'.
src/modules/i18n/localization.service.ts(3,29): error TS2307: Cannot find module '@nestjs/axios' or its corresponding type declarations.
src/modules/i18n/localization.service.ts(71,20): error TS18046: 'response' is of type 'unknown'.
src/modules/i18n/translation.service.ts(3,29): error TS2307: Cannot find module '@nestjs/axios' or its corresponding type declarations.
src/modules/i18n/translation.service.ts(99,25): error TS18046: 'response' is of type 'unknown'.
src/modules/i18n/translation.service.ts(104,31): error TS18046: 'response' is of type 'unknown'.
src/modules/i18n/translation.service.ts(139,27): error TS18046: 'response' is of type 'unknown'.
src/modules/i18n/translation.service.ts(175,27): error TS18046: 'response' is of type 'unknown'.
src/modules/i18n/translation.service.ts(220,27): error TS18046: 'response' is of type 'unknown'.
src/modules/i18n/translation.service.ts(221,28): error TS18046: 'response' is of type 'unknown'.
src/modules/i18n/translation.service.ts(229,21): error TS18046: 'response' is of type 'unknown'.
src/modules/i18n/translation.service.ts(275,30): error TS18046: 'response' is of type 'unknown'.
src/modules/sso/directory-sync.service.ts(27,9): error TS2353: Object literal may only specify known properties, and 'teamId' does not exist in type '(Without<DirectorySyncCreateInput, DirectorySyncUncheckedCreateInput> & DirectorySyncUncheckedCreateInput) | (Without<...> & DirectorySyncCreateInput)'.
src/modules/sso/directory-sync.service.ts(54,16): error TS2353: Object literal may only specify known properties, and 'teamId' does not exist in type 'DirectorySyncWhereInput'.
src/modules/sso/directory-sync.service.ts(58,9): error TS2353: Object literal may only specify known properties, and 'name' does not exist in type 'DirectorySyncSelect<DefaultArgs>'.
src/modules/sso/directory-sync.service.ts(81,28): error TS2353: Object literal may only specify known properties, and 'teamId' does not exist in type 'DirectorySyncWhereInput'.
src/modules/sso/directory-sync.service.ts(85,9): error TS2353: Object literal may only specify known properties, and 'name' does not exist in type 'DirectorySyncSelect<DefaultArgs>'.
src/modules/sso/directory-sync.service.ts(116,28): error TS2353: Object literal may only specify known properties, and 'teamId' does not exist in type 'DirectorySyncWhereInput'.
src/modules/sso/directory-sync.service.ts(126,9): error TS2353: Object literal may only specify known properties, and 'name' does not exist in type '(Without<DirectorySyncUpdateInput, DirectorySyncUncheckedUpdateInput> & DirectorySyncUncheckedUpdateInput) | (Without<...> & DirectorySyncUpdateInput)'.
src/modules/sso/directory-sync.service.ts(142,28): error TS2353: Object literal may only specify known properties, and 'teamId' does not exist in type 'DirectorySyncWhereInput'.
src/modules/sso/directory-sync.service.ts(161,28): error TS2353: Object literal may only specify known properties, and 'teamId' does not exist in type 'DirectorySyncWhereInput'.
src/modules/sso/directory-sync.service.ts(186,47): error TS2339: Property 'autoProvisionUsers' does not exist on type '{ id: string; createdAt: Date; updatedAt: Date; userId: string; provider: string; enabled: boolean; lastSync: Date | null; bearerToken: string; }'.
src/modules/sso/directory-sync.service.ts(194,16): error TS2339: Property 'allowedDomains' does not exist on type '{ id: string; createdAt: Date; updatedAt: Date; userId: string; provider: string; enabled: boolean; lastSync: Date | null; bearerToken: string; }'.
src/modules/sso/directory-sync.service.ts(194,53): error TS2339: Property 'allowedDomains' does not exist on type '{ id: string; createdAt: Date; updatedAt: Date; userId: string; provider: string; enabled: boolean; lastSync: Date | null; bearerToken: string; }'.
src/modules/sso/directory-sync.service.ts(208,11): error TS2353: Object literal may only specify known properties, and 'firstName' does not exist in type '(Without<UserCreateInput, UserUncheckedCreateInput> & UserUncheckedCreateInput) | (Without<...> & UserCreateInput)'.
src/modules/sso/directory-sync.service.ts(218,26): error TS2339: Property 'teamId' does not exist on type '{ id: string; createdAt: Date; updatedAt: Date; userId: string; provider: string; enabled: boolean; lastSync: Date | null; bearerToken: string; }'.
src/modules/sso/directory-sync.service.ts(220,11): error TS2820: Type '"member"' is not assignable to type 'TeamRole | undefined'. Did you mean '"MEMBER"'?
src/modules/sso/directory-sync.service.ts(228,11): error TS2353: Object literal may only specify known properties, and 'syncedUsersCount' does not exist in type '(Without<DirectorySyncUpdateInput, DirectorySyncUncheckedUpdateInput> & DirectorySyncUncheckedUpdateInput) | (Without<...> & DirectorySyncUpdateInput)'.
src/modules/sso/directory-sync.service.ts(232,51): error TS2339: Property 'autoDeprovisionUsers' does not exist on type '{ id: string; createdAt: Date; updatedAt: Date; userId: string; provider: string; enabled: boolean; lastSync: Date | null; bearerToken: string; }'.
src/modules/sso/directory-sync.service.ts(235,33): error TS2339: Property 'teamId' does not exist on type '{ id: string; createdAt: Date; updatedAt: Date; userId: string; provider: string; enabled: boolean; lastSync: Date | null; bearerToken: string; }'.
src/modules/sso/directory-sync.service.ts(242,11): error TS2353: Object literal may only specify known properties, and 'firstName' does not exist in type '(Without<UserUpdateInput, UserUncheckedUpdateInput> & UserUncheckedUpdateInput) | (Without<...> & UserUpdateInput)'.
src/modules/sso/directory-sync.service.ts(256,28): error TS2353: Object literal may only specify known properties, and 'teamId' does not exist in type 'DirectorySyncWhereInput'.
src/modules/sso/directory-sync.service.ts(264,16): error TS2353: Object literal may only specify known properties, and 'directorySyncId' does not exist in type 'DirectorySyncLogWhereInput'.
src/modules/sso/directory-sync.service.ts(277,28): error TS2353: Object literal may only specify known properties, and 'teamId' does not exist in type 'DirectorySyncWhereInput'.
src/modules/sso/directory-sync.service.ts(287,9): error TS2353: Object literal may only specify known properties, and 'directorySyncId' does not exist in type '(Without<DirectorySyncLogCreateInput, DirectorySyncLogUncheckedCreateInput> & DirectorySyncLogUncheckedCreateInput) | (Without<...> & DirectorySyncLogCreateInput)'.
src/modules/sso/directory-sync.service.ts(295,15): error TS2561: Object literal may only specify known properties, but 'lastSyncAt' does not exist in type '(Without<DirectorySyncUpdateInput, DirectorySyncUncheckedUpdateInput> & DirectorySyncUncheckedUpdateInput) | (Without<...> & DirectorySyncUpdateInput)'. Did you mean to write 'lastSync'?
src/modules/sso/saml.service.ts(2,24): error TS2307: Cannot find module 'saml2-js' or its corresponding type declarations.
src/modules/sso/saml.service.ts(15,17): error TS2339: Property 'entryPoint' does not exist on type '{ certificate: string | null; privateKey: string | null; clientSecret: string | null; id: string; createdAt: Date; updatedAt: Date; userId: string; provider: string; enabled: boolean; config: JsonValue; }'.
src/modules/sso/saml.service.ts(15,39): error TS2339: Property 'issuer' does not exist on type '{ certificate: string | null; privateKey: string | null; clientSecret: string | null; id: string; createdAt: Date; updatedAt: Date; userId: string; provider: string; enabled: boolean; config: JsonValue; }'.
src/modules/sso/saml.service.ts(20,25): error TS2339: Property 'issuer' does not exist on type '{ certificate: string | null; privateKey: string | null; clientSecret: string | null; id: string; createdAt: Date; updatedAt: Date; userId: string; provider: string; enabled: boolean; config: JsonValue; }'.
src/modules/sso/saml.service.ts(27,29): error TS2339: Property 'entryPoint' does not exist on type '{ certificate: string | null; privateKey: string | null; clientSecret: string | null; id: string; createdAt: Date; updatedAt: Date; userId: string; provider: string; enabled: boolean; config: JsonValue; }'.
src/modules/sso/saml.service.ts(28,30): error TS2339: Property 'entryPoint' does not exist on type '{ certificate: string | null; privateKey: string | null; clientSecret: string | null; id: string; createdAt: Date; updatedAt: Date; userId: string; provider: string; enabled: boolean; config: JsonValue; }'.
src/modules/sso/saml.service.ts(52,40): error TS2339: Property 'issuer' does not exist on type '{ certificate: string | null; privateKey: string | null; clientSecret: string | null; id: string; createdAt: Date; updatedAt: Date; userId: string; provider: string; enabled: boolean; config: JsonValue; }'.
src/modules/sso/saml.service.ts(57,25): error TS2339: Property 'issuer' does not exist on type '{ certificate: string | null; privateKey: string | null; clientSecret: string | null; id: string; createdAt: Date; updatedAt: Date; userId: string; provider: string; enabled: boolean; config: JsonValue; }'.
src/modules/sso/saml.service.ts(64,29): error TS2339: Property 'entryPoint' does not exist on type '{ certificate: string | null; privateKey: string | null; clientSecret: string | null; id: string; createdAt: Date; updatedAt: Date; userId: string; provider: string; enabled: boolean; config: JsonValue; }'.
src/modules/sso/saml.service.ts(65,30): error TS2339: Property 'entryPoint' does not exist on type '{ certificate: string | null; privateKey: string | null; clientSecret: string | null; id: string; createdAt: Date; updatedAt: Date; userId: string; provider: string; enabled: boolean; config: JsonValue; }'.
src/modules/sso/saml.service.ts(98,25): error TS2339: Property 'issuer' does not exist on type '{ certificate: string | null; privateKey: string | null; clientSecret: string | null; id: string; createdAt: Date; updatedAt: Date; userId: string; provider: string; enabled: boolean; config: JsonValue; }'.
src/modules/sso/security.service.ts(15,16): error TS2353: Object literal may only specify known properties, and 'teamId' does not exist in type 'SecurityPolicyWhereUniqueInput'.
src/modules/sso/security.service.ts(22,11): error TS2353: Object literal may only specify known properties, and 'teamId' does not exist in type '(Without<SecurityPolicyCreateInput, SecurityPolicyUncheckedCreateInput> & SecurityPolicyUncheckedCreateInput) | (Without<...> & SecurityPolicyCreateInput)'.
src/modules/sso/security.service.ts(53,9): error TS2353: Object literal may only specify known properties, and 'sessionSecurityLevel' does not exist in type '(Without<SecurityPolicyUpdateInput, SecurityPolicyUncheckedUpdateInput> & SecurityPolicyUncheckedUpdateInput) | (Without<...> & SecurityPolicyUpdateInput)'.
src/modules/sso/security.service.ts(79,18): error TS2353: Object literal may only specify known properties, and 'teamMemberships' does not exist in type 'UserInclude<DefaultArgs>'.
src/modules/sso/security.service.ts(87,25): error TS2339: Property 'teamMemberships' does not exist on type '{ id: string; name: string | null; createdAt: Date; updatedAt: Date; role: UserRole; email: string; googleId: string | null; stripeCustomerId: string | null; stripeSubscriptionId: string | null; ... 16 more ...; lastLoginAt: Date | null; }'.
src/modules/sso/security.service.ts(91,17): error TS2339: Property 'enforceIpWhitelist' does not exist on type '{ id: string; createdAt: Date; updatedAt: Date; userId: string; passwordMinLength: number; requireMfa: boolean; sessionTimeout: number; }'.
src/modules/sso/security.service.ts(93,46): error TS2339: Property 'allowedIpRanges' does not exist on type '{ id: string; createdAt: Date; updatedAt: Date; userId: string; passwordMinLength: number; requireMfa: boolean; sessionTimeout: number; }'.
src/modules/sso/security.service.ts(100,17): error TS2339: Property 'maxConcurrentSessions' does not exist on type '{ id: string; createdAt: Date; updatedAt: Date; userId: string; passwordMinLength: number; requireMfa: boolean; sessionTimeout: number; }'.
src/modules/sso/security.service.ts(108,36): error TS2339: Property 'maxConcurrentSessions' does not exist on type '{ id: string; createdAt: Date; updatedAt: Date; userId: string; passwordMinLength: number; requireMfa: boolean; sessionTimeout: number; }'.
src/modules/sso/security.service.ts(124,36): error TS2551: Property 'sessionTimeoutMinutes' does not exist on type '{ id: string; createdAt: Date; updatedAt: Date; userId: string; passwordMinLength: number; requireMfa: boolean; sessionTimeout: number; }'. Did you mean 'sessionTimeout'?
src/modules/sso/security.service.ts(128,7): error TS2322: Type '{ userId: string; ipAddress: string; userAgent: string; expiresAt: Date; }' is not assignable to type '(Without<UserSessionCreateInput, UserSessionUncheckedCreateInput> & UserSessionUncheckedCreateInput) | (Without<...> & UserSessionCreateInput)'.
  Type '{ userId: string; ipAddress: string; userAgent: string; expiresAt: Date; }' is not assignable to type 'Without<UserSessionUncheckedCreateInput, UserSessionCreateInput> & UserSessionCreateInput'.
    Property 'token' is missing in type '{ userId: string; ipAddress: string; userAgent: string; expiresAt: Date; }' but required in type 'UserSessionCreateInput'.
src/modules/sso/security.service.ts(137,17): error TS2339: Property 'logAllAccess' does not exist on type '{ id: string; createdAt: Date; updatedAt: Date; userId: string; passwordMinLength: number; requireMfa: boolean; sessionTimeout: number; }'.
src/modules/sso/security.service.ts(154,7): error TS2322: Type '{ user: { include: { teamMemberships: { include: { team: true; }; }; }; }; }' is not assignable to type 'never'.
src/modules/sso/security.service.ts(165,33): error TS2339: Property 'teamMemberships' does not exist on type 'never'.
src/modules/sso/security.service.ts(169,17): error TS2339: Property 'preventAccountSharing' does not exist on type '{ id: string; createdAt: Date; updatedAt: Date; userId: string; passwordMinLength: number; requireMfa: boolean; sessionTimeout: number; }'.
src/modules/sso/security.service.ts(184,36): error TS2551: Property 'sessionTimeoutMinutes' does not exist on type '{ id: string; createdAt: Date; updatedAt: Date; userId: string; passwordMinLength: number; requireMfa: boolean; sessionTimeout: number; }'. Did you mean 'sessionTimeout'?
src/modules/sso/security.service.ts(191,9): error TS2353: Object literal may only specify known properties, and 'lastActivityAt' does not exist in type '(Without<UserSessionUpdateInput, UserSessionUncheckedUpdateInput> & UserSessionUncheckedUpdateInput) | (Without<...> & UserSessionUpdateInput)'.
src/modules/sso/security.service.ts(234,9): error TS2353: Object literal may only specify known properties, and 'lastActivityAt' does not exist in type 'UserSessionSelect<DefaultArgs>'.
src/modules/sso/security.service.ts(274,7): error TS2322: Type '{ user: { select: { id: true; email: true; firstName: true; lastName: true; }; }; }' is not assignable to type 'never'.
src/modules/sso/security.service.ts(295,18): error TS2353: Object literal may only specify known properties, and 'teamMemberships' does not exist in type 'UserInclude<DefaultArgs>'.
src/modules/sso/security.service.ts(300,25): error TS2339: Property 'teamMemberships' does not exist on type '{ id: string; name: string | null; createdAt: Date; updatedAt: Date; role: UserRole; email: string; googleId: string | null; stripeCustomerId: string | null; stripeSubscriptionId: string | null; ... 16 more ...; lastLoginAt: Date | null; }'.
src/modules/sso/security.service.ts(305,9): error TS2353: Object literal may only specify known properties, and 'teamId' does not exist in type '(Without<SecurityAuditLogCreateInput, SecurityAuditLogUncheckedCreateInput> & SecurityAuditLogUncheckedCreateInput) | (Without<...> & SecurityAuditLogCreateInput)'.
src/modules/sso/security.service.ts(328,16): error TS2339: Property 'passwordRequireUppercase' does not exist on type '{ id: string; createdAt: Date; updatedAt: Date; userId: string; passwordMinLength: number; requireMfa: boolean; sessionTimeout: number; }'.
src/modules/sso/security.service.ts(332,16): error TS2339: Property 'passwordRequireLowercase' does not exist on type '{ id: string; createdAt: Date; updatedAt: Date; userId: string; passwordMinLength: number; requireMfa: boolean; sessionTimeout: number; }'.
src/modules/sso/security.service.ts(336,16): error TS2339: Property 'passwordRequireNumbers' does not exist on type '{ id: string; createdAt: Date; updatedAt: Date; userId: string; passwordMinLength: number; requireMfa: boolean; sessionTimeout: number; }'.
src/modules/sso/security.service.ts(341,14): error TS2339: Property 'passwordRequireSpecialChars' does not exist on type '{ id: string; createdAt: Date; updatedAt: Date; userId: string; passwordMinLength: number; requireMfa: boolean; sessionTimeout: number; }'.
src/modules/sso/security.service.ts(359,18): error TS2353: Object literal may only specify known properties, and 'teamMemberships' does not exist in type 'UserInclude<DefaultArgs>'.
src/modules/sso/security.service.ts(362,24): error TS2339: Property 'passwordChangedAt' does not exist on type '{ id: string; name: string | null; createdAt: Date; updatedAt: Date; role: UserRole; email: string; googleId: string | null; stripeCustomerId: string | null; stripeSubscriptionId: string | null; ... 16 more ...; lastLoginAt: Date | null; }'.
src/modules/sso/security.service.ts(364,25): error TS2339: Property 'teamMemberships' does not exist on type '{ id: string; name: string | null; createdAt: Date; updatedAt: Date; role: UserRole; email: string; googleId: string | null; stripeCustomerId: string | null; stripeSubscriptionId: string | null; ... 16 more ...; lastLoginAt: Date | null; }'.
src/modules/sso/security.service.ts(368,17): error TS2339: Property 'passwordExpiryDays' does not exist on type '{ id: string; createdAt: Date; updatedAt: Date; userId: string; passwordMinLength: number; requireMfa: boolean; sessionTimeout: number; }'.
src/modules/sso/security.service.ts(368,46): error TS2339: Property 'passwordExpiryDays' does not exist on type '{ id: string; createdAt: Date; updatedAt: Date; userId: string; passwordMinLength: number; requireMfa: boolean; sessionTimeout: number; }'.
src/modules/sso/security.service.ts(372,38): error TS2339: Property 'passwordChangedAt' does not exist on type '{ id: string; name: string | null; createdAt: Date; updatedAt: Date; role: UserRole; email: string; googleId: string | null; stripeCustomerId: string | null; stripeSubscriptionId: string | null; ... 16 more ...; lastLoginAt: Date | null; }'.
src/modules/sso/security.service.ts(373,54): error TS2339: Property 'passwordExpiryDays' does not exist on type '{ id: string; createdAt: Date; updatedAt: Date; userId: string; passwordMinLength: number; requireMfa: boolean; sessionTimeout: number; }'.
src/modules/sso/sso.service.ts(31,9): error TS2353: Object literal may only specify known properties, and 'teamId' does not exist in type '(Without<SsoConfigurationCreateInput, SsoConfigurationUncheckedCreateInput> & SsoConfigurationUncheckedCreateInput) | (Without<...> & SsoConfigurationCreateInput)'.
src/modules/sso/sso.service.ts(59,16): error TS2353: Object literal may only specify known properties, and 'teamId' does not exist in type 'SsoConfigurationWhereInput'.
src/modules/sso/sso.service.ts(71,30): error TS2353: Object literal may only specify known properties, and 'teamId' does not exist in type 'SsoConfigurationWhereInput'.
src/modules/sso/sso.service.ts(95,27): error TS2339: Property 'certificate' does not exist on type '{ id: string; createdAt: Date; updatedAt: Date; userId: string; provider: string; enabled: boolean; config: JsonValue; }'.
src/modules/sso/sso.service.ts(96,26): error TS2339: Property 'privateKey' does not exist on type '{ id: string; createdAt: Date; updatedAt: Date; userId: string; provider: string; enabled: boolean; config: JsonValue; }'.
src/modules/sso/sso.service.ts(97,28): error TS2339: Property 'clientSecret' does not exist on type '{ id: string; createdAt: Date; updatedAt: Date; userId: string; provider: string; enabled: boolean; config: JsonValue; }'.
src/modules/sso/sso.service.ts(113,30): error TS2353: Object literal may only specify known properties, and 'teamId' does not exist in type 'SsoConfigurationWhereInput'.
src/modules/sso/sso.service.ts(123,9): error TS2353: Object literal may only specify known properties, and 'name' does not exist in type '(Without<SsoConfigurationUpdateInput, SsoConfigurationUncheckedUpdateInput> & SsoConfigurationUncheckedUpdateInput) | (Without<...> & SsoConfigurationUpdateInput)'.
src/modules/sso/sso.service.ts(140,30): error TS2353: Object literal may only specify known properties, and 'teamId' does not exist in type 'SsoConfigurationWhereInput'.
src/modules/sso/sso.service.ts(163,9): error TS2353: Object literal may only specify known properties, and 'allowedDomains' does not exist in type 'SsoConfigurationWhereInput'.
src/modules/sso/sso.service.ts(179,9): error TS2353: Object literal may only specify known properties, and 'enforceForDomain' does not exist in type 'SsoConfigurationWhereInput'.
src/modules/sso/sso.service.ts(200,9): error TS2322: Type 'string | null' is not assignable to type 'string'.
  Type 'null' is not assignable to type 'string'.
src/modules/sso/sso.service.ts(213,9): error TS2322: Type '{ successCount: { increment: number; }; lastUsedAt: Date; } | { failureCount: { increment: number; }; lastUsedAt: Date; }' is not assignable to type '(Without<SsoConfigurationUpdateInput, SsoConfigurationUncheckedUpdateInput> & SsoConfigurationUncheckedUpdateInput) | (Without<...> & SsoConfigurationUpdateInput)'.
  Object literal may only specify known properties, and 'lastUsedAt' does not exist in type '(Without<SsoConfigurationUpdateInput, SsoConfigurationUncheckedUpdateInput> & SsoConfigurationUncheckedUpdateInput) | (Without<...> & SsoConfigurationUpdateInput)'.
src/modules/sso/sso.service.ts(224,30): error TS2353: Object literal may only specify known properties, and 'teamId' does not exist in type 'SsoConfigurationWhereInput'.
src/modules/sso/sso.service.ts(235,18): error TS2353: Object literal may only specify known properties, and 'ssoConfigurationId' does not exist in type 'SsoAttemptWhereInput'.
src/modules/sso/sso.service.ts(238,18): error TS2353: Object literal may only specify known properties, and 'ssoConfigurationId' does not exist in type 'SsoAttemptWhereInput'.
src/modules/sso/sso.service.ts(241,18): error TS2353: Object literal may only specify known properties, and 'ssoConfigurationId' does not exist in type 'SsoAttemptWhereInput'.
src/modules/sso/sso.service.ts(244,18): error TS2353: Object literal may only specify known properties, and 'ssoConfigurationId' does not exist in type 'SsoAttemptWhereInput'.
src/modules/sso/sso.service.ts(278,16): error TS2339: Property 'teamId' does not exist on type '{ certificate: string | null; privateKey: string | null; clientSecret: string | null; id: string; createdAt: Date; updatedAt: Date; userId: string; provider: string; enabled: boolean; config: JsonValue; }'.
src/modules/sso/sso.service.ts(285,28): error TS2339: Property 'allowedDomains' does not exist on type '{ certificate: string | null; privateKey: string | null; clientSecret: string | null; id: string; createdAt: Date; updatedAt: Date; userId: string; provider: string; enabled: boolean; config: JsonValue; }'.
src/modules/sso/sso.service.ts(289,44): error TS2339: Property 'entryPoint' does not exist on type '{ certificate: string | null; privateKey: string | null; clientSecret: string | null; id: string; createdAt: Date; updatedAt: Date; userId: string; provider: string; enabled: boolean; config: JsonValue; }'.
src/modules/sso/sso.service.ts(291,40): error TS2339: Property 'issuer' does not exist on type '{ certificate: string | null; privateKey: string | null; clientSecret: string | null; id: string; createdAt: Date; updatedAt: Date; userId: string; provider: string; enabled: boolean; config: JsonValue; }'.
src/modules/sso/sso.service.ts(293,42): error TS2339: Property 'clientId' does not exist on type '{ certificate: string | null; privateKey: string | null; clientSecret: string | null; id: string; createdAt: Date; updatedAt: Date; userId: string; provider: string; enabled: boolean; config: JsonValue; }'.
src/modules/sso/sso.service.ts(295,41): error TS2339: Property 'authorizationUrl' does not exist on type '{ certificate: string | null; privateKey: string | null; clientSecret: string | null; id: string; createdAt: Date; updatedAt: Date; userId: string; provider: string; enabled: boolean; config: JsonValue; }'.
src/modules/sso/sso.service.ts(296,42): error TS2339: Property 'tokenUrl' does not exist on type '{ certificate: string | null; privateKey: string | null; clientSecret: string | null; id: string; createdAt: Date; updatedAt: Date; userId: string; provider: string; enabled: boolean; config: JsonValue; }'.
src/modules/template-marketplace/template-marketplace.service.ts(38,40): error TS2339: Property 'marketplaceTemplate' does not exist on type 'PrismaService'.
src/modules/template-marketplace/template-marketplace.service.ts(47,39): error TS2339: Property 'marketplaceTemplate' does not exist on type 'PrismaService'.
src/modules/template-marketplace/template-marketplace.service.ts(77,39): error TS2339: Property 'marketplaceTemplate' does not exist on type 'PrismaService'.
src/modules/template-marketplace/template-marketplace.service.ts(85,39): error TS2339: Property 'marketplaceTemplate' does not exist on type 'PrismaService'.
src/modules/template-marketplace/template-marketplace.service.ts(157,19): error TS2339: Property 'marketplaceTemplate' does not exist on type 'PrismaService'.
src/modules/template-marketplace/template-marketplace.service.ts(166,19): error TS2339: Property 'marketplaceTemplate' does not exist on type 'PrismaService'.
src/modules/template-marketplace/template-marketplace.service.ts(184,39): error TS2339: Property 'marketplaceTemplate' does not exist on type 'PrismaService'.
src/modules/template-marketplace/template-marketplace.service.ts(204,23): error TS2339: Property 'marketplaceTemplate' does not exist on type 'PrismaService'.
src/modules/template-marketplace/template-marketplace.service.ts(213,18): error TS2353: Object literal may only specify known properties, and 'marketplaceTemplateId' does not exist in type 'TemplatePurchaseWhereInput'.
src/modules/template-marketplace/template-marketplace.service.ts(225,41): error TS2339: Property 'marketplaceTemplate' does not exist on type 'PrismaService'.
src/modules/template-marketplace/template-marketplace.service.ts(244,41): error TS2339: Property 'marketplaceTemplate' does not exist on type 'PrismaService'.
src/modules/template-marketplace/template-marketplace.service.ts(263,39): error TS2339: Property 'marketplaceTemplate' does not exist on type 'PrismaService'.
src/modules/template-marketplace/template-marketplace.service.ts(274,16): error TS2353: Object literal may only specify known properties, and 'marketplaceTemplateId' does not exist in type 'TemplatePurchaseWhereInput'.
src/modules/template-marketplace/template-marketplace.service.ts(290,9): error TS2353: Object literal may only specify known properties, and 'marketplaceTemplateId' does not exist in type '(Without<TemplatePurchaseCreateInput, TemplatePurchaseUncheckedCreateInput> & TemplatePurchaseUncheckedCreateInput) | (Without<...> & TemplatePurchaseCreateInput)'.
src/modules/template-marketplace/template-marketplace.service.ts(305,9): error TS2353: Object literal may only specify known properties, and 'sourceMarketplaceId' does not exist in type 'Without<TemplateCreateInput, TemplateUncheckedCreateInput> & TemplateUncheckedCreateInput'.
src/modules/template-marketplace/template-marketplace.service.ts(310,23): error TS2339: Property 'marketplaceTemplate' does not exist on type 'PrismaService'.
src/modules/template-marketplace/template-marketplace.service.ts(327,16): error TS2353: Object literal may only specify known properties, and 'marketplaceTemplateId' does not exist in type 'TemplatePurchaseWhereInput'.
src/modules/template-marketplace/template-marketplace.service.ts(336,16): error TS2353: Object literal may only specify known properties, and 'marketplaceTemplateId' does not exist in type 'TemplateReviewWhereInput'.
src/modules/template-marketplace/template-marketplace.service.ts(345,9): error TS2353: Object literal may only specify known properties, and 'marketplaceTemplateId' does not exist in type '(Without<TemplateReviewCreateInput, TemplateReviewUncheckedCreateInput> & TemplateReviewUncheckedCreateInput) | (Without<...> & TemplateReviewCreateInput)'.
src/modules/template-marketplace/template-marketplace.service.ts(364,30): error TS2353: Object literal may only specify known properties, and 'userId' does not exist in type 'TemplateReviewWhereInput'.
src/modules/template-marketplace/template-marketplace.service.ts(375,9): error TS2353: Object literal may only specify known properties, and 'title' does not exist in type '(Without<TemplateReviewUpdateInput, TemplateReviewUncheckedUpdateInput> & TemplateReviewUncheckedUpdateInput) | (Without<...> & TemplateReviewUpdateInput)'.
src/modules/template-marketplace/template-marketplace.service.ts(381,43): error TS2339: Property 'marketplaceTemplateId' does not exist on type '{ id: string; createdAt: Date; templateId: string; reviewerId: string; rating: number; text: string | null; helpful: number; }'.
src/modules/template-marketplace/template-marketplace.service.ts(391,30): error TS2353: Object literal may only specify known properties, and 'userId' does not exist in type 'TemplateReviewWhereInput'.
src/modules/template-marketplace/template-marketplace.service.ts(403,43): error TS2339: Property 'marketplaceTemplateId' does not exist on type '{ id: string; createdAt: Date; templateId: string; reviewerId: string; rating: number; text: string | null; helpful: number; }'.
src/modules/template-marketplace/template-marketplace.service.ts(413,16): error TS2353: Object literal may only specify known properties, and 'marketplaceTemplateId' does not exist in type 'TemplateReviewWhereInput'.
src/modules/template-marketplace/template-marketplace.service.ts(418,23): error TS2339: Property 'marketplaceTemplate' does not exist on type 'PrismaService'.
src/modules/template-marketplace/template-marketplace.service.ts(421,24): error TS18048: 'result._avg' is possibly 'undefined'.
src/modules/template-marketplace/template-marketplace.service.ts(431,41): error TS2339: Property 'marketplaceTemplate' does not exist on type 'PrismaService'.
src/modules/template-marketplace/template-marketplace.service.ts(444,19): error TS2339: Property 'marketplaceTemplate' does not exist on type 'PrismaService'.
src/modules/template-marketplace/template-marketplace.service.ts(445,19): error TS2339: Property 'marketplaceTemplate' does not exist on type 'PrismaService'.
src/modules/template-marketplace/template-marketplace.service.ts(450,18): error TS2353: Object literal may only specify known properties, and 'marketplaceTemplate' does not exist in type 'TemplatePurchaseWhereInput'.
src/modules/template-marketplace/template-marketplace.service.ts(453,19): error TS2339: Property 'marketplaceTemplate' does not exist on type 'PrismaService'.
src/modules/template-marketplace/template-marketplace.service.ts(480,18): error TS2353: Object literal may only specify known properties, and 'createdAt' does not exist in type 'TemplatePurchaseOrderByWithRelationInput | TemplatePurchaseOrderByWithRelationInput[]'.
src/modules/template-marketplace/template-marketplace.service.ts(492,9): error TS2353: Object literal may only specify known properties, and 'marketplaceTemplateId' does not exist in type '(Without<TemplateReportCreateInput, TemplateReportUncheckedCreateInput> & TemplateReportUncheckedCreateInput) | (Without<...> & TemplateReportCreateInput)'.
src/modules/template-marketplace/template-marketplace.service.ts(506,39): error TS2339: Property 'marketplaceTemplate' does not exist on type 'PrismaService'.
src/modules/template-marketplace/template-marketplace.service.ts(514,39): error TS2339: Property 'marketplaceTemplate' does not exist on type 'PrismaService'.
src/modules/upsell/dynamic-pricing.service.ts(179,16): error TS2353: Object literal may only specify known properties, and 'clientId' does not exist in type 'ProposalWhereInput'.
src/modules/upsell/dynamic-pricing.service.ts(180,17): error TS2353: Object literal may only specify known properties, and 'totalAmount' does not exist in type 'ProposalSelect<DefaultArgs>'.
src/modules/upsell/dynamic-pricing.service.ts(183,64): error TS2339: Property 'totalAmount' does not exist on type '{ id: string; slug: string; createdAt: Date; updatedAt: Date; userId: string; title: string; status: ProposalStatus; recipientEmail: string | null; recipientName: string | null; ... 30 more ...; estimatedValue: number | null; }'.
src/modules/upsell/dynamic-pricing.service.ts(209,9): error TS2353: Object literal may only specify known properties, and 'clientId' does not exist in type 'ProposalWhereInput'.
src/modules/upsell/dynamic-pricing.service.ts(224,16): error TS2353: Object literal may only specify known properties, and 'clientId' does not exist in type 'ProposalWhereInput'.
src/modules/upsell/dynamic-pricing.service.ts(254,16): error TS2353: Object literal may only specify known properties, and 'clientId' does not exist in type 'ProposalWhereInput'.
src/modules/upsell/dynamic-pricing.service.ts(256,9): error TS2353: Object literal may only specify known properties, and 'totalAmount' does not exist in type 'ProposalSelect<DefaultArgs>'.
src/modules/upsell/dynamic-pricing.service.ts(268,60): error TS2339: Property 'totalAmount' does not exist on type '{ id: string; slug: string; createdAt: Date; updatedAt: Date; userId: string; title: string; status: ProposalStatus; recipientEmail: string | null; recipientName: string | null; ... 30 more ...; estimatedValue: number | null; }'.
src/modules/upsell/recommendation-engine.service.ts(26,9): error TS2353: Object literal may only specify known properties, and 'client' does not exist in type 'ProposalInclude<DefaultArgs>'.
src/modules/upsell/recommendation-engine.service.ts(35,64): error TS2339: Property 'clientId' does not exist on type '{ id: string; slug: string; createdAt: Date; updatedAt: Date; userId: string; title: string; status: ProposalStatus; recipientEmail: string | null; recipientName: string | null; ... 30 more ...; estimatedValue: number | null; }'.
src/modules/upsell/recommendation-engine.service.ts(82,16): error TS2353: Object literal may only specify known properties, and 'clientId' does not exist in type 'ProposalWhereInput'.
src/modules/upsell/recommendation-engine.service.ts(85,9): error TS2353: Object literal may only specify known properties, and 'totalAmount' does not exist in type 'ProposalSelect<DefaultArgs>'.
src/modules/upsell/recommendation-engine.service.ts(92,72): error TS2339: Property 'totalAmount' does not exist on type '{ id: string; slug: string; createdAt: Date; updatedAt: Date; userId: string; title: string; status: ProposalStatus; recipientEmail: string | null; recipientName: string | null; ... 30 more ...; estimatedValue: number | null; }'.
src/modules/upsell/recommendation-engine.service.ts(127,24): error TS2339: Property 'metadata' does not exist on type '{ id: string; name: string; createdAt: Date; userId: string; email: string; company: string | null; }'.
src/modules/upsell/recommendation-engine.service.ts(128,27): error TS2339: Property 'metadata' does not exist on type '{ id: string; name: string; createdAt: Date; userId: string; email: string; company: string | null; }'.
src/modules/upsell/recommendation-engine.service.ts(130,54): error TS2552: Cannot find name 'clientProfile'. Did you mean 'ClientProfileDto'?
src/modules/upsell/upsell.controller.ts(93,89): error TS2345: Argument of type 'number' is not assignable to parameter of type 'string'.
src/modules/upsell/upsell.service.ts(128,18): error TS2339: Property 'clientId' does not exist on type '{ blocks: { id: string; createdAt: Date; updatedAt: Date; type: ProposalBlockType; order: number; content: JsonValue; proposalId: string; }[]; } & { ...; }'.
src/modules/upsell/upsell.service.ts(191,16): error TS2353: Object literal may only specify known properties, and 'clientId' does not exist in type 'ProposalWhereInput'.
src/modules/version-comparison/version-comparison.service.ts(50,42): error TS2339: Property 'content' does not exist on type '{ id: string; createdAt: Date; version: number; proposalId: string; changeDescription: string | null; snapshotData: JsonValue; createdBy: string | null; }'.
src/modules/version-comparison/version-comparison.service.ts(51,42): error TS2339: Property 'content' does not exist on type '{ id: string; createdAt: Date; version: number; proposalId: string; changeDescription: string | null; snapshotData: JsonValue; createdBy: string | null; }'.
src/modules/version-comparison/version-comparison.service.ts(78,37): error TS2339: Property 'title' does not exist on type '{ id: string; createdAt: Date; version: number; proposalId: string; changeDescription: string | null; snapshotData: JsonValue; createdBy: string | null; }'.
src/modules/version-comparison/version-comparison.service.ts(78,61): error TS2339: Property 'title' does not exist on type '{ id: string; createdAt: Date; version: number; proposalId: string; changeDescription: string | null; snapshotData: JsonValue; createdBy: string | null; }'.
src/modules/version-comparison/version-comparison.service.ts(79,38): error TS2339: Property 'status' does not exist on type '{ id: string; createdAt: Date; version: number; proposalId: string; changeDescription: string | null; snapshotData: JsonValue; createdBy: string | null; }'.
src/modules/version-comparison/version-comparison.service.ts(79,63): error TS2339: Property 'status' does not exist on type '{ id: string; createdAt: Date; version: number; proposalId: string; changeDescription: string | null; snapshotData: JsonValue; createdBy: string | null; }'.
src/modules/version-comparison/version-comparison.service.ts(87,31): error TS2339: Property 'versionNumber' does not exist on type '{ id: string; createdAt: Date; version: number; proposalId: string; changeDescription: string | null; snapshotData: JsonValue; createdBy: string | null; }'.
src/modules/version-comparison/version-comparison.service.ts(89,34): error TS2551: Property 'createdById' does not exist on type '{ id: string; createdAt: Date; version: number; proposalId: string; changeDescription: string | null; snapshotData: JsonValue; createdBy: string | null; }'. Did you mean 'createdBy'?
src/modules/version-comparison/version-comparison.service.ts(93,31): error TS2339: Property 'versionNumber' does not exist on type '{ id: string; createdAt: Date; version: number; proposalId: string; changeDescription: string | null; snapshotData: JsonValue; createdBy: string | null; }'.
src/modules/version-comparison/version-comparison.service.ts(95,34): error TS2551: Property 'createdById' does not exist on type '{ id: string; createdAt: Date; version: number; proposalId: string; changeDescription: string | null; snapshotData: JsonValue; createdBy: string | null; }'. Did you mean 'createdBy'?
src/modules/version-comparison/version-comparison.service.ts(310,18): error TS2353: Object literal may only specify known properties, and 'versionNumber' does not exist in type 'ProposalVersionOrderByWithRelationInput | ProposalVersionOrderByWithRelationInput[]'.
src/modules/version-comparison/version-comparison.service.ts(312,9): error TS2353: Object literal may only specify known properties, and 'createdBy' does not exist in type 'ProposalVersionInclude<DefaultArgs>'.
src/modules/version-comparison/version-comparison.service.ts(327,11): error TS2322: Type 'VersionDiff' is not assignable to type 'null'.
src/modules/version-comparison/version-comparison.service.ts(334,32): error TS2345: Argument of type '{ diffFromPrevious: null; id: string; createdAt: Date; version: number; proposalId: string; changeDescription: string | null; snapshotData: JsonValue; createdBy: string | null; }' is not assignable to parameter of type 'never'.
src/modules/version-comparison/version-comparison.service.ts(360,18): error TS2353: Object literal may only specify known properties, and 'versionNumber' does not exist in type 'ProposalVersionOrderByWithRelationInput | ProposalVersionOrderByWithRelationInput[]'.
src/modules/version-comparison/version-comparison.service.ts(363,44): error TS2339: Property 'versionNumber' does not exist on type '{ id: string; createdAt: Date; version: number; proposalId: string; changeDescription: string | null; snapshotData: JsonValue; createdBy: string | null; }'.
src/modules/version-comparison/version-comparison.service.ts(369,9): error TS2353: Object literal may only specify known properties, and 'versionNumber' does not exist in type 'Without<ProposalVersionCreateInput, ProposalVersionUncheckedCreateInput> & ProposalVersionUncheckedCreateInput'.
src/modules/version-comparison/version-comparison.service.ts(371,27): error TS2339: Property 'content' does not exist on type '{ id: string; slug: string; createdAt: Date; updatedAt: Date; userId: string; title: string; status: ProposalStatus; recipientEmail: string | null; recipientName: string | null; ... 30 more ...; estimatedValue: number | null; }'.
src/modules/version-comparison/version-comparison.service.ts(406,43): error TS2339: Property 'versionNumber' does not exist on type '{ id: string; createdAt: Date; version: number; proposalId: string; changeDescription: string | null; snapshotData: JsonValue; createdBy: string | null; }'.
src/modules/version-comparison/version-comparison.service.ts(415,24): error TS2339: Property 'title' does not exist on type '{ id: string; createdAt: Date; version: number; proposalId: string; changeDescription: string | null; snapshotData: JsonValue; createdBy: string | null; }'.
src/modules/version-comparison/version-comparison.service.ts(416,9): error TS2353: Object literal may only specify known properties, and 'content' does not exist in type '(Without<ProposalUpdateInput, ProposalUncheckedUpdateInput> & ProposalUncheckedUpdateInput) | (Without<...> & ProposalUpdateInput)'.
src/modules/version-comparison/version-comparison.service.ts(416,26): error TS2339: Property 'content' does not exist on type '{ id: string; createdAt: Date; version: number; proposalId: string; changeDescription: string | null; snapshotData: JsonValue; createdBy: string | null; }'.
src/modules/version-comparison/version-comparison.service.ts(423,39): error TS2339: Property 'versionNumber' does not exist on type '{ id: string; createdAt: Date; version: number; proposalId: string; changeDescription: string | null; snapshotData: JsonValue; createdBy: string | null; }'.
src/modules/version-comparison/version-comparison.service.ts(443,42): error TS2339: Property 'content' does not exist on type '{ id: string; createdAt: Date; version: number; proposalId: string; changeDescription: string | null; snapshotData: JsonValue; createdBy: string | null; }'.
src/modules/version-comparison/version-comparison.service.ts(444,42): error TS2339: Property 'content' does not exist on type '{ id: string; createdAt: Date; version: number; proposalId: string; changeDescription: string | null; snapshotData: JsonValue; createdBy: string | null; }'.
src/modules/version-comparison/version-comparison.service.ts(476,42): error TS2339: Property 'content' does not exist on type '{ id: string; createdAt: Date; version: number; proposalId: string; changeDescription: string | null; snapshotData: JsonValue; createdBy: string | null; }'.
src/modules/version-comparison/version-comparison.service.ts(477,42): error TS2339: Property 'content' does not exist on type '{ id: string; createdAt: Date; version: number; proposalId: string; changeDescription: string | null; snapshotData: JsonValue; createdBy: string | null; }'.
src/modules/version-comparison/version-comparison.service.ts(527,31): error TS2339: Property 'versionNumber' does not exist on type '{ id: string; createdAt: Date; version: number; proposalId: string; changeDescription: string | null; snapshotData: JsonValue; createdBy: string | null; }'.
src/modules/version-comparison/version-comparison.service.ts(532,31): error TS2339: Property 'versionNumber' does not exist on type '{ id: string; createdAt: Date; version: number; proposalId: string; changeDescription: string | null; snapshotData: JsonValue; createdBy: string | null; }'.
src/modules/video-proposals/providers/loom.service.ts(2,29): error TS2307: Cannot find module '@nestjs/axios' or its corresponding type declarations.
src/modules/video-proposals/providers/loom.service.ts(43,57): error TS18046: 'response' is of type 'unknown'.
src/modules/video-proposals/providers/loom.service.ts(73,57): error TS18046: 'response' is of type 'unknown'.
src/modules/video-proposals/providers/loom.service.ts(80,9): error TS2353: Object literal may only specify known properties, and 'tokenExpiresAt' does not exist in type '(Without<VideoIntegrationUpdateInput, VideoIntegrationUncheckedUpdateInput> & VideoIntegrationUncheckedUpdateInput) | (Without<...> & VideoIntegrationUpdateInput)'.
src/modules/video-proposals/providers/loom.service.ts(97,21): error TS2339: Property 'tokenExpiresAt' does not exist on type '{ id: string; createdAt: Date; updatedAt: Date; userId: string; refreshToken: string | null; expiresAt: Date | null; provider: string; accessToken: string; accountEmail: string | null; }'.
src/modules/video-proposals/providers/loom.service.ts(97,51): error TS2339: Property 'tokenExpiresAt' does not exist on type '{ id: string; createdAt: Date; updatedAt: Date; userId: string; refreshToken: string | null; expiresAt: Date | null; provider: string; accessToken: string; accountEmail: string | null; }'.
src/modules/video-proposals/providers/loom.service.ts(115,12): error TS18046: 'response' is of type 'unknown'.
src/modules/video-proposals/providers/loom.service.ts(135,19): error TS18046: 'response' is of type 'unknown'.
src/modules/video-proposals/providers/vidyard.service.ts(2,29): error TS2307: Cannot find module '@nestjs/axios' or its corresponding type declarations.
src/modules/video-proposals/providers/vidyard.service.ts(36,23): error TS2339: Property 'apiKey' does not exist on type '{ id: string; createdAt: Date; updatedAt: Date; userId: string; refreshToken: string | null; expiresAt: Date | null; provider: string; accessToken: string; accountEmail: string | null; }'.
src/modules/video-proposals/providers/vidyard.service.ts(40,24): error TS2339: Property 'apiKey' does not exist on type '{ id: string; createdAt: Date; updatedAt: Date; userId: string; refreshToken: string | null; expiresAt: Date | null; provider: string; accessToken: string; accountEmail: string | null; }'.
src/modules/video-proposals/providers/vidyard.service.ts(53,12): error TS18046: 'response' is of type 'unknown'.
src/modules/video-proposals/providers/vidyard.service.ts(73,19): error TS18046: 'response' is of type 'unknown'.
src/modules/video-proposals/providers/vidyard.service.ts(94,12): error TS18046: 'response' is of type 'unknown'.
src/modules/video-proposals/screen-recording.service.ts(19,9): error TS2353: Object literal may only specify known properties, and 'proposalId' does not exist in type '(Without<ScreenRecordingSessionCreateInput, ScreenRecordingSessionUncheckedCreateInput> & ScreenRecordingSessionUncheckedCreateInput) | (Without<...> & ScreenRecordingSessionCreateInput)'.
src/modules/video-proposals/screen-recording.service.ts(27,22): error TS2339: Property 'token' does not exist on type '{ id: string; createdAt: Date; userId: string; url: string; duration: number; views: number; }'.
src/modules/video-proposals/screen-recording.service.ts(28,89): error TS2339: Property 'token' does not exist on type '{ id: string; createdAt: Date; userId: string; url: string; duration: number; views: number; }'.
src/modules/video-proposals/screen-recording.service.ts(35,16): error TS2353: Object literal may only specify known properties, and 'token' does not exist in type 'ScreenRecordingSessionWhereUniqueInput'.
src/modules/video-proposals/screen-recording.service.ts(43,16): error TS2353: Object literal may only specify known properties, and 'token' does not exist in type 'ScreenRecordingSessionWhereUniqueInput'.
src/modules/video-proposals/screen-recording.service.ts(55,16): error TS2353: Object literal may only specify known properties, and 'token' does not exist in type 'ScreenRecordingSessionWhereUniqueInput'.
src/modules/video-proposals/screen-recording.service.ts(65,16): error TS2353: Object literal may only specify known properties, and 'token' does not exist in type 'ScreenRecordingSessionWhereUniqueInput'.
src/modules/video-proposals/screen-recording.service.ts(67,9): error TS2353: Object literal may only specify known properties, and 'videoId' does not exist in type '(Without<ScreenRecordingSessionUpdateInput, ScreenRecordingSessionUncheckedUpdateInput> & ScreenRecordingSessionUncheckedUpdateInput) | (Without<...> & ScreenRecordingSessionUpdateInput)'.
src/modules/video-proposals/screen-recording.service.ts(80,7): error TS2322: Type '{ video: { select: { id: true; title: true; thumbnailUrl: true; duration: true; }; }; }' is not assignable to type 'never'.
src/modules/video-proposals/video-analytics.service.ts(15,7): error TS2322: Type '{ sessionId: string; }' is not assignable to type 'VideoViewSessionWhereUniqueInput'.
  Type '{ sessionId: string; }' is not assignable to type '{ id: string; } & { id?: string | undefined; AND?: VideoViewSessionWhereInput | VideoViewSessionWhereInput[] | undefined; ... 15 more ...; video?: (Without<...> & ProposalVideoWhereInput) | ... 1 more ... | undefined; }'.
    Property 'id' is missing in type '{ sessionId: string; }' but required in type '{ id: string; }'.
src/modules/video-proposals/video-analytics.service.ts(23,11): error TS2353: Object literal may only specify known properties, and 'ipAddress' does not exist in type 'Without<VideoViewSessionCreateInput, VideoViewSessionUncheckedCreateInput> & VideoViewSessionUncheckedCreateInput'.
src/modules/video-proposals/video-analytics.service.ts(33,9): error TS2353: Object literal may only specify known properties, and 'sessionId' does not exist in type '(Without<VideoViewEventCreateInput, VideoViewEventUncheckedCreateInput> & VideoViewEventUncheckedCreateInput) | (Without<...> & VideoViewEventCreateInput)'.
src/modules/video-proposals/video-analytics.service.ts(48,11): error TS2353: Object literal may only specify known properties, and 'maxWatchTime' does not exist in type '(Without<VideoViewSessionUpdateInput, VideoViewSessionUncheckedUpdateInput> & VideoViewSessionUncheckedUpdateInput) | (Without<...> & VideoViewSessionUpdateInput)'.
src/modules/video-proposals/video-analytics.service.ts(49,32): error TS2339: Property 'maxWatchTime' does not exist on type '{ id: string; sessionId: string; startedAt: Date; completed: boolean; videoId: string; viewerEmail: string | null; viewerName: string | null; watchDuration: number; watchPercentage: number; ... 4 more ...; lastWatchedAt: Date; }'.
src/modules/video-proposals/video-analytics.service.ts(52,32): error TS2339: Property 'maxPercentComplete' does not exist on type '{ id: string; sessionId: string; startedAt: Date; completed: boolean; videoId: string; viewerEmail: string | null; viewerName: string | null; watchDuration: number; watchPercentage: number; ... 4 more ...; lastWatchedAt: Date; }'.
src/modules/video-proposals/video-analytics.service.ts(65,11): error TS2561: Object literal may only specify known properties, but 'completedAt' does not exist in type '(Without<VideoViewSessionUpdateInput, VideoViewSessionUncheckedUpdateInput> & VideoViewSessionUncheckedUpdateInput) | (Without<...> & VideoViewSessionUpdateInput)'. Did you mean to write 'completed'?
src/modules/video-proposals/video-analytics.service.ts(74,11): error TS2353: Object literal may only specify known properties, and 'sessionId' does not exist in type '(Without<VideoCtaClickCreateInput, VideoCtaClickUncheckedCreateInput> & VideoCtaClickUncheckedCreateInput) | (Without<...> & VideoCtaClickCreateInput)'.
src/modules/video-proposals/video-analytics.service.ts(90,9): error TS2353: Object literal may only specify known properties, and 'events' does not exist in type 'VideoViewSessionInclude<DefaultArgs>'.
src/modules/video-proposals/video-analytics.service.ts(100,57): error TS2339: Property 'ipAddress' does not exist on type '{ id: string; sessionId: string; startedAt: Date; completed: boolean; videoId: string; viewerEmail: string | null; viewerName: string | null; watchDuration: number; watchPercentage: number; ... 4 more ...; lastWatchedAt: Date; }'.
src/modules/video-proposals/video-analytics.service.ts(101,65): error TS2339: Property 'maxWatchTime' does not exist on type '{ id: string; sessionId: string; startedAt: Date; completed: boolean; videoId: string; viewerEmail: string | null; viewerName: string | null; watchDuration: number; watchPercentage: number; ... 4 more ...; lastWatchedAt: Date; }'.
src/modules/video-proposals/video-analytics.service.ts(103,71): error TS2339: Property 'length' does not exist on type 'string | number | boolean | JsonObject | JsonArray'.
  Property 'length' does not exist on type 'number'.
src/modules/video-proposals/video-analytics.service.ts(142,15): error TS2353: Object literal may only specify known properties, and 'maxPercentComplete' does not exist in type 'VideoViewSessionAvgAggregateInputType'.
src/modules/video-proposals/video-analytics.service.ts(143,15): error TS2353: Object literal may only specify known properties, and 'maxWatchTime' does not exist in type 'VideoViewSessionSumAggregateInputType'.
src/modules/video-proposals/video-analytics.service.ts(173,53): error TS18048: 's._count' is possibly 'undefined'.
src/modules/video-proposals/video-analytics.service.ts(173,62): error TS2339: Property 'id' does not exist on type 'true | { id?: number | undefined; videoId?: number | undefined; sessionId?: number | undefined; viewerEmail?: number | undefined; viewerName?: number | undefined; watchDuration?: number | undefined; ... 8 more ...; _all?: number | undefined; }'.
  Property 'id' does not exist on type 'true'.
src/modules/video-proposals/video-analytics.service.ts(174,58): error TS18048: 's._sum' is possibly 'undefined'.
src/modules/video-proposals/video-analytics.service.ts(174,65): error TS2339: Property 'maxWatchTime' does not exist on type '{ watchDuration?: number | null | undefined; watchPercentage?: number | null | undefined; pauseCount?: number | null | undefined; seekCount?: number | null | undefined; replayCount?: number | ... 1 more ... | undefined; }'.
src/modules/video-proposals/video-analytics.service.ts(177,48): error TS18048: 's._avg' is possibly 'undefined'.
src/modules/video-proposals/video-analytics.service.ts(177,55): error TS2339: Property 'maxPercentComplete' does not exist on type '{ watchDuration?: number | null | undefined; watchPercentage?: number | null | undefined; pauseCount?: number | null | undefined; seekCount?: number | null | undefined; replayCount?: number | ... 1 more ... | undefined; }'.
src/modules/video-proposals/video-proposals.module.ts(2,28): error TS2307: Cannot find module '@nestjs/axios' or its corresponding type declarations.
src/modules/video-proposals/video-proposals.service.ts(63,9): error TS2322: Type 'string | undefined' is not assignable to type 'string'.
  Type 'undefined' is not assignable to type 'string'.
src/modules/video-proposals/video-proposals.service.ts(64,9): error TS2322: Type 'string | undefined' is not assignable to type 'string'.
  Type 'undefined' is not assignable to type 'string'.
src/modules/video-proposals/video-proposals.service.ts(67,9): error TS2322: Type 'string | undefined' is not assignable to type 'string'.
  Type 'undefined' is not assignable to type 'string'.
src/modules/video-proposals/video-proposals.service.ts(68,9): error TS2322: Type 'VideoAnnotationDto[]' is not assignable to type 'NullableJsonNullValueInput | InputJsonValue | undefined'.
  Type 'VideoAnnotationDto[]' is not assignable to type 'InputJsonObject'.
    Index signature for type 'string' is missing in type 'VideoAnnotationDto[]'.
src/modules/video-proposals/video-proposals.service.ts(79,9): error TS2353: Object literal may only specify known properties, and 'userId' does not exist in type 'ProposalVideoWhereInput'.
src/modules/video-proposals/video-proposals.service.ts(89,29): error TS2353: Object literal may only specify known properties, and 'userId' does not exist in type 'ProposalVideoWhereInput'.
src/modules/video-proposals/video-proposals.service.ts(106,9): error TS2353: Object literal may only specify known properties, and 'description' does not exist in type 'ProposalVideoSelect<DefaultArgs>'.
src/modules/video-proposals/video-proposals.service.ts(129,7): error TS2322: Type '{ ctaOverlays?: CTAOverlayDto[] | undefined; annotations?: VideoAnnotationDto[] | undefined; description?: string | undefined; title?: string | undefined; }' is not assignable to type '(Without<ProposalVideoUpdateInput, ProposalVideoUncheckedUpdateInput> & ProposalVideoUncheckedUpdateInput) | (Without<...> & ProposalVideoUpdateInput)'.
  Type '{ ctaOverlays?: CTAOverlayDto[] | undefined; annotations?: VideoAnnotationDto[] | undefined; description?: string | undefined; title?: string | undefined; }' is not assignable to type 'Without<ProposalVideoUncheckedUpdateInput, ProposalVideoUpdateInput> & ProposalVideoUpdateInput'.
    Type '{ ctaOverlays?: CTAOverlayDto[] | undefined; annotations?: VideoAnnotationDto[] | undefined; description?: string | undefined; title?: string | undefined; }' is not assignable to type 'ProposalVideoUpdateInput'.
      Types of property 'annotations' are incompatible.
        Type 'VideoAnnotationDto[] | undefined' is not assignable to type 'NullableJsonNullValueInput | InputJsonValue | undefined'.
          Type 'VideoAnnotationDto[]' is not assignable to type 'NullableJsonNullValueInput | InputJsonValue | undefined'.
            Type 'VideoAnnotationDto[]' is not assignable to type 'InputJsonObject'.
              Index signature for type 'string' is missing in type 'VideoAnnotationDto[]'.
src/modules/video-proposals/video-proposals.service.ts(171,9): error TS2353: Object literal may only specify known properties, and 'description' does not exist in type 'ProposalVideoSelect<DefaultArgs>'.
src/modules/video-proposals/video-proposals.service.ts(238,9): error TS2322: Type 'string | undefined' is not assignable to type 'string'.
  Type 'undefined' is not assignable to type 'string'.
src/modules/video-proposals/video-proposals.service.ts(247,78): error TS2339: Property 'slug' does not exist on type '{ id: string; createdAt: Date; userId: string; proposalId: string; url: string; duration: number; views: number; engagement: number; }'.
src/modules/video-proposals/video-proposals.service.ts(254,16): error TS2353: Object literal may only specify known properties, and 'slug' does not exist in type 'PersonalizedVideoWhereUniqueInput'.
src/modules/video-proposals/video-proposals.service.ts(277,17): error TS2339: Property 'templateVideo' does not exist on type '{ id: string; createdAt: Date; userId: string; proposalId: string; url: string; duration: number; views: number; engagement: number; }'.
src/modules/video-proposals/video-proposals.service.ts(279,31): error TS2339: Property 'recipientName' does not exist on type '{ id: string; createdAt: Date; userId: string; proposalId: string; url: string; duration: number; views: number; engagement: number; }'.
src/modules/video-proposals/video-proposals.service.ts(280,34): error TS2339: Property 'recipientCompany' does not exist on type '{ id: string; createdAt: Date; userId: string; proposalId: string; url: string; duration: number; views: number; engagement: number; }'.
src/modules/video-proposals/video-proposals.service.ts(281,33): error TS2339: Property 'customVariables' does not exist on type '{ id: string; createdAt: Date; userId: string; proposalId: string; url: string; duration: number; views: number; engagement: number; }'.
src/modules/video-proposals/video-proposals.service.ts(295,16): error TS2353: Object literal may only specify known properties, and 'userId' does not exist in type 'ProposalVideoWhereInput'.
src/modules/video-proposals/video-proposals.service.ts(314,9): error TS2353: Object literal may only specify known properties, and 'tokenExpiresAt' does not exist in type '(Without<VideoIntegrationCreateInput, VideoIntegrationUncheckedCreateInput> & VideoIntegrationUncheckedCreateInput) | (Without<...> & VideoIntegrationCreateInput)'.
src/modules/video-proposals/video-proposals.service.ts(320,9): error TS2353: Object literal may only specify known properties, and 'tokenExpiresAt' does not exist in type '(Without<VideoIntegrationUpdateInput, VideoIntegrationUncheckedUpdateInput> & VideoIntegrationUncheckedUpdateInput) | (Without<...> & VideoIntegrationUpdateInput)'.
src/modules/video-proposals/video-proposals.service.ts(337,9): error TS2353: Object literal may only specify known properties, and 'apiKey' does not exist in type '(Without<VideoIntegrationCreateInput, VideoIntegrationUncheckedCreateInput> & VideoIntegrationUncheckedCreateInput) | (Without<...> & VideoIntegrationCreateInput)'.
src/modules/video-proposals/video-proposals.service.ts(341,9): error TS2353: Object literal may only specify known properties, and 'apiKey' does not exist in type '(Without<VideoIntegrationUpdateInput, VideoIntegrationUncheckedUpdateInput> & VideoIntegrationUncheckedUpdateInput) | (Without<...> & VideoIntegrationUpdateInput)'.
src/modules/video-proposals/video-proposals.service.ts(352,15): error TS2353: Object literal may only specify known properties, and 'isActive' does not exist in type '(Without<VideoIntegrationUpdateInput, VideoIntegrationUncheckedUpdateInput> & VideoIntegrationUncheckedUpdateInput) | (Without<...> & VideoIntegrationUpdateInput)'.
src/modules/video-proposals/video-proposals.service.ts(360,24): error TS2353: Object literal may only specify known properties, and 'isActive' does not exist in type 'VideoIntegrationWhereInput'.
